Command: report datapath > reports_Jun21-01:24:12/generic/Hybrid_Decryption_Top_datapath.rpt
============================================================
  Generated by:           Genus(TM) Synthesis Solution 21.14-s082_1
  Generated on:           Jun 21 2025  01:32:10 am
  Module:                 Hybrid_Decryption_Top
  Technology libraries:   fast 
                          slow 
  Operating conditions:   fast (balanced_tree)
  Wireload mode:          enclosed
  Area mode:              timing library
============================================================


Inferred components

               Operator Signedness  Inputs Outputs CellArea 
============================================================
Hybrid_Decryption_Top
 ecc_uut_k1
  add_118_35
   
   module:add_unsigned
    very_fast     +     unsigned   258x258 258     17386.92 
============================================================
Hybrid_Decryption_Top
 ecc_uut_k1
  inc_add_123_38
   
   module:increment_unsigned_787_3506
    very_fast increment unsigned   256x1   256      7774.14 
============================================================
Hybrid_Decryption_Top
 ecc_uut_k1
  sub_110_28
   
   module:sub_unsigned
    very_fast     -     unsigned   258x256 258      7781.77 
============================================================
Hybrid_Decryption_Top
 ecc_uut_k1
  sub_118_66
   
   module:sub_unsigned_3281
    very_fast     -     unsigned   258x256 258      7781.77 
============================================================
Hybrid_Decryption_Top
 ecc_uut_k1
  sub_148_31
   
   module:sub_unsigned_3280
    very_fast     -     unsigned   258x256 258      7781.77 
============================================================

      Type        CellArea  Percentage 
---------------------------------------
datapath modules   48506.39       3.23 
external muxes         0.00       0.00 
others           1454455.97      96.77 
---------------------------------------
total            1502962.36     100.00 

