============================================================
  Generated by:           Genus(TM) Synthesis Solution 21.14-s082_1
  Generated on:           Jun 21 2025  01:16:28 am
  Module:                 Hybrid_Decryption_Top
  Technology libraries:   fast 
                          slow 
  Operating conditions:   fast (balanced_tree)
  Wireload mode:          enclosed
  Area mode:              timing library
============================================================

                                  Leakage  
    Gate     Instances   Area   Power (nW) Library 
---------------------------------------------------
BUFX20               1   25.735    764.971    fast 
TLATNTSCAX2          6  104.452   1266.462    fast 
---------------------------------------------------
total                7  130.187   2031.433         


                                                        Leakage   Leakage 
            Type             Instances   Area  Area %  Power (nW) Power % 
--------------------------------------------------------------------------
sequential                        2828   0.000    0.0 1113236.572    12.2 
inverter                             4   0.000    0.0      83.889     0.0 
buffer                               1  25.735   19.8     764.971     0.0 
clock_gating_integrated_cell         6 104.452   80.2    1266.462     0.0 
logic                           202121   0.000    0.0 7974300.059    87.7 
physical_cells                       0   0.000    0.0       0.000     0.0 
--------------------------------------------------------------------------
total                           204960 130.187  100.0 9089651.953   100.0 

