============================================================
  Generated by:           Genus(TM) Synthesis Solution 21.14-s082_1
  Generated on:           Jun 21 2025  01:16:11 am
  Module:                 Hybrid_Decryption_Top
  Technology libraries:   fast 
                          slow 
  Operating conditions:   fast (balanced_tree)
  Wireload mode:          enclosed
  Area mode:              timing library
============================================================

Timing
--------

Clock Period 
-------------
clk   1000.0 
VCLK  1000.0 


        Cost          Critical                Violating 
       Group         Path Slack      TNS        Paths   
--------------------------------------------------------
cg_enable_group_clk       404.2          0.0          0 
clk                     -7142.2   -3866697.3       1410 
default                No paths          0.0            
VCLK                      433.2          0.0          0 
--------------------------------------------------------
Total                             -3866697.3       1410 

Instance Count
--------------
Leaf Instance Count             204960 
Physical Instance count              0 
Sequential Instance Count         2834 
Combinational Instance Count    202126 
Hierarchical Instance Count        171 

Area
----
Cell Area                          1617678.680
Physical Cell Area                 0.000
Total Cell Area (Cell+Physical)    1617678.680
Net Area                           0.000
Total Area (Cell+Physical+Net)     1617678.680

Runtime                            91.68957999999999 seconds
Elapsed Runtime                    541 seconds
Genus peak memory usage            2928.76 
Innovus peak memory usage          no_value 
Hostname                           localhost
