============================================================
  Generated by:           Genus(TM) Synthesis Solution 21.14-s082_1
  Generated on:           Jun 21 2025  01:34:18 am
  Module:                 Hybrid_Decryption_Top
  Technology libraries:   fast 
                          slow 
  Operating conditions:   fast (balanced_tree)
  Wireload mode:          enclosed
  Area mode:              timing library
============================================================

       Instance             Module       Cell Count  Cell Area  Net Area   Total Area   Wireload  
--------------------------------------------------------------------------------------------------
Hybrid_Decryption_Top                        119466 620673.896     0.000   620673.896 <none> (D)  
  aes_uut              AES_Decryption        107595 544756.826     0.000   544756.826 <none> (D)  
    block1_step2_ex1   inverseSbox              807   3247.101     0.000     3247.101 <none> (D)  
    block1_step2_ex2   inverseSbox_2845         914   3429.514     0.000     3429.514 <none> (D)  
    block1_step2_ex3   inverseSbox_2844         911   3324.305     0.000     3324.305 <none> (D)  
    block1_step2_ex4   inverseSbox_2843         870   3292.515     0.000     3292.515 <none> (D)  
    block1_step2_ex5   inverseSbox_2842         677   2717.271     0.000     2717.271 <none> (D)  
    block1_step2_ex6   inverseSbox_2841         700   2859.568     0.000     2859.568 <none> (D)  
    block1_step2_ex7   inverseSbox_2840         795   2998.081     0.000     2998.081 <none> (D)  
    block1_step2_ex8   inverseSbox_2839         710   3034.412     0.000     3034.412 <none> (D)  
    block1_step2_ex9   inverseSbox_2838         735   2948.882     0.000     2948.882 <none> (D)  
    block1_step2_ex10  inverseSbox_2837         761   3054.848     0.000     3054.848 <none> (D)  
    block1_step2_ex11  inverseSbox_2836         780   3017.003     0.000     3017.003 <none> (D)  
    block1_step2_ex12  inverseSbox_2835         717   2999.595     0.000     2999.595 <none> (D)  
    block1_step2_ex13  inverseSbox_2834         722   2944.341     0.000     2944.341 <none> (D)  
    block1_step2_ex14  inverseSbox_2833         737   2990.512     0.000     2990.512 <none> (D)  
    block1_step2_ex15  inverseSbox_2832         918   3345.498     0.000     3345.498 <none> (D)  
    block1_step2_ex16  inverseSbox_2831         629   2690.780     0.000     2690.780 <none> (D)  
    block2_step2_ex1   inverseSbox_2814         434   1983.078     0.000     1983.078 <none> (D)  
    block2_step2_ex2   inverseSbox_2813         431   1969.454     0.000     1969.454 <none> (D)  
    block2_step2_ex3   inverseSbox_2812         434   1992.918     0.000     1992.918 <none> (D)  
    block2_step2_ex4   inverseSbox_2811         434   1989.890     0.000     1989.890 <none> (D)  
    block2_step2_ex5   inverseSbox_2810         428   1986.106     0.000     1986.106 <none> (D)  
    block2_step2_ex6   inverseSbox_2809         435   1997.459     0.000     1997.459 <none> (D)  
    block2_step2_ex7   inverseSbox_2808         436   1994.431     0.000     1994.431 <none> (D)  
    block2_step2_ex8   inverseSbox_2807         433   2000.487     0.000     2000.487 <none> (D)  
    block2_step2_ex9   inverseSbox_2806         434   1993.675     0.000     1993.675 <none> (D)  
    block2_step2_ex10  inverseSbox_2805         435   1997.459     0.000     1997.459 <none> (D)  
    block2_step2_ex11  inverseSbox_2804         457   2035.304     0.000     2035.304 <none> (D)  
    block2_step2_ex12  inverseSbox_2803         449   2021.680     0.000     2021.680 <none> (D)  
    block2_step2_ex13  inverseSbox_2802         434   1980.050     0.000     1980.050 <none> (D)  
    block2_step2_ex14  inverseSbox_2801         439   2009.570     0.000     2009.570 <none> (D)  
    block2_step2_ex15  inverseSbox_2800         437   1997.459     0.000     1997.459 <none> (D)  
    block2_step2_ex16  inverseSbox_2799         433   1978.537     0.000     1978.537 <none> (D)  
    block3_step2_ex1   inverseSbox_2798         466   2051.956     0.000     2051.956 <none> (D)  
    block3_step2_ex2   inverseSbox_2797         428   1991.404     0.000     1991.404 <none> (D)  
    block3_step2_ex3   inverseSbox_2796         444   1986.862     0.000     1986.862 <none> (D)  
    block3_step2_ex4   inverseSbox_2795         436   2007.299     0.000     2007.299 <none> (D)  
    block3_step2_ex5   inverseSbox_2794         425   1956.586     0.000     1956.586 <none> (D)  
    block3_step2_ex6   inverseSbox_2793         449   2023.194     0.000     2023.194 <none> (D)  
    block3_step2_ex7   inverseSbox_2792         429   1986.106     0.000     1986.106 <none> (D)  
    block3_step2_ex8   inverseSbox_2791         423   1968.697     0.000     1968.697 <none> (D)  
    block3_step2_ex9   inverseSbox_2790         456   2030.006     0.000     2030.006 <none> (D)  
    block3_step2_ex10  inverseSbox_2789         441   2001.244     0.000     2001.244 <none> (D)  
    block3_step2_ex11  inverseSbox_2788         464   2062.552     0.000     2062.552 <none> (D)  
    block3_step2_ex12  inverseSbox_2787         445   2033.033     0.000     2033.033 <none> (D)  
    block3_step2_ex13  inverseSbox_2786         447   2012.597     0.000     2012.597 <none> (D)  
    block3_step2_ex14  inverseSbox_2785         440   2000.487     0.000     2000.487 <none> (D)  
    block3_step2_ex15  inverseSbox_2784         439   2007.299     0.000     2007.299 <none> (D)  
    block3_step2_ex16  inverseSbox_2783         451   2029.249     0.000     2029.249 <none> (D)  
    block4_step2_ex1   inverseSbox_2782         443   2020.166     0.000     2020.166 <none> (D)  
    block4_step2_ex2   inverseSbox_2781         433   1984.592     0.000     1984.592 <none> (D)  
    block4_step2_ex3   inverseSbox_2780         428   1989.133     0.000     1989.133 <none> (D)  
    block4_step2_ex4   inverseSbox_2779         469   2072.392     0.000     2072.392 <none> (D)  
    block4_step2_ex5   inverseSbox_2778         455   2016.382     0.000     2016.382 <none> (D)  
    block4_step2_ex6   inverseSbox_2777         465   2059.525     0.000     2059.525 <none> (D)  
    block4_step2_ex7   inverseSbox_2776         436   1986.106     0.000     1986.106 <none> (D)  
    block4_step2_ex8   inverseSbox_2775         432   1991.404     0.000     1991.404 <none> (D)  
    block4_step2_ex9   inverseSbox_2774         427   1986.106     0.000     1986.106 <none> (D)  
    block4_step2_ex10  inverseSbox_2773         426   1992.161     0.000     1992.161 <none> (D)  
    block4_step2_ex11  inverseSbox_2772         453   2032.276     0.000     2032.276 <none> (D)  
    block4_step2_ex12  inverseSbox_2771         428   1980.807     0.000     1980.807 <none> (D)  
    block4_step2_ex13  inverseSbox_2770         431   1999.730     0.000     1999.730 <none> (D)  
    block4_step2_ex14  inverseSbox_2769         435   1978.537     0.000     1978.537 <none> (D)  
    block4_step2_ex15  inverseSbox_2768         432   1998.216     0.000     1998.216 <none> (D)  
    block4_step2_ex16  inverseSbox_2767         440   1977.780     0.000     1977.780 <none> (D)  
    block5_step2_ex1   inverseSbox_2766         453   2017.895     0.000     2017.895 <none> (D)  
    block5_step2_ex2   inverseSbox_2765         439   2002.757     0.000     2002.757 <none> (D)  
    block5_step2_ex3   inverseSbox_2764         437   1992.918     0.000     1992.918 <none> (D)  
    block5_step2_ex4   inverseSbox_2763         470   2059.525     0.000     2059.525 <none> (D)  
    block5_step2_ex5   inverseSbox_2762         457   2027.735     0.000     2027.735 <none> (D)  
    block5_step2_ex6   inverseSbox_2761         472   2060.282     0.000     2060.282 <none> (D)  
    block5_step2_ex7   inverseSbox_2760         436   1992.161     0.000     1992.161 <none> (D)  
    block5_step2_ex8   inverseSbox_2759         443   1986.862     0.000     1986.862 <none> (D)  
    block5_step2_ex9   inverseSbox_2758         442   2008.056     0.000     2008.056 <none> (D)  
    block5_step2_ex10  inverseSbox_2757         438   1995.945     0.000     1995.945 <none> (D)  
    block5_step2_ex11  inverseSbox_2756         431   1968.697     0.000     1968.697 <none> (D)  
    block5_step2_ex12  inverseSbox_2755         437   2002.001     0.000     2002.001 <none> (D)  
    block5_step2_ex13  inverseSbox_2754         438   2005.028     0.000     2005.028 <none> (D)  
    block5_step2_ex14  inverseSbox_2753         433   1981.564     0.000     1981.564 <none> (D)  
    block5_step2_ex15  inverseSbox_2752         433   2006.542     0.000     2006.542 <none> (D)  
    block5_step2_ex16  inverseSbox_2751         428   1978.537     0.000     1978.537 <none> (D)  
    block6_step2_ex1   inverseSbox_2750         447   2021.680     0.000     2021.680 <none> (D)  
    block6_step2_ex2   inverseSbox_2749         437   1993.675     0.000     1993.675 <none> (D)  
    block6_step2_ex3   inverseSbox_2748         437   1977.780     0.000     1977.780 <none> (D)  
    block6_step2_ex4   inverseSbox_2747         470   2061.039     0.000     2061.039 <none> (D)  
    block6_step2_ex5   inverseSbox_2746         442   1994.431     0.000     1994.431 <none> (D)  
    block6_step2_ex6   inverseSbox_2745         433   1970.968     0.000     1970.968 <none> (D)  
    block6_step2_ex7   inverseSbox_2744         429   1998.216     0.000     1998.216 <none> (D)  
    block6_step2_ex8   inverseSbox_2743         475   2066.337     0.000     2066.337 <none> (D)  
    block6_step2_ex9   inverseSbox_2742         428   1967.183     0.000     1967.183 <none> (D)  
    block6_step2_ex10  inverseSbox_2741         433   1976.266     0.000     1976.266 <none> (D)  
    block6_step2_ex11  inverseSbox_2740         467   2073.149     0.000     2073.149 <none> (D)  
    block6_step2_ex12  inverseSbox_2739         455   2018.652     0.000     2018.652 <none> (D)  
    block6_step2_ex13  inverseSbox_2738         468   2043.630     0.000     2043.630 <none> (D)  
    block6_step2_ex14  inverseSbox_2737         437   1986.106     0.000     1986.106 <none> (D)  
    block6_step2_ex15  inverseSbox_2736         455   2035.304     0.000     2035.304 <none> (D)  
    block6_step2_ex16  inverseSbox_2735         438   2017.895     0.000     2017.895 <none> (D)  
    block7_step2_ex1   inverseSbox_2734         453   2021.680     0.000     2021.680 <none> (D)  
    block7_step2_ex2   inverseSbox_2733         466   2072.392     0.000     2072.392 <none> (D)  
    block7_step2_ex3   inverseSbox_2732         433   2004.271     0.000     2004.271 <none> (D)  
    block7_step2_ex4   inverseSbox_2731         463   2050.442     0.000     2050.442 <none> (D)  
    block7_step2_ex5   inverseSbox_2730         434   1993.675     0.000     1993.675 <none> (D)  
    block7_step2_ex6   inverseSbox_2729         426   1964.912     0.000     1964.912 <none> (D)  
    block7_step2_ex7   inverseSbox_2728         467   2064.823     0.000     2064.823 <none> (D)  
    block7_step2_ex8   inverseSbox_2727         464   2042.873     0.000     2042.873 <none> (D)  
    block7_step2_ex9   inverseSbox_2726         432   1983.078     0.000     1983.078 <none> (D)  
    block7_step2_ex10  inverseSbox_2725         424   1963.399     0.000     1963.399 <none> (D)  
    block7_step2_ex11  inverseSbox_2724         465   2059.525     0.000     2059.525 <none> (D)  
    block7_step2_ex12  inverseSbox_2723         449   1998.973     0.000     1998.973 <none> (D)  
    block7_step2_ex13  inverseSbox_2722         470   2048.928     0.000     2048.928 <none> (D)  
    block7_step2_ex14  inverseSbox_2721         435   1997.459     0.000     1997.459 <none> (D)  
    block7_step2_ex15  inverseSbox_2720         446   2017.895     0.000     2017.895 <none> (D)  
    block7_step2_ex16  inverseSbox_2719         450   2023.951     0.000     2023.951 <none> (D)  
    block8_step2_ex1   inverseSbox_2718         444   1998.216     0.000     1998.216 <none> (D)  
    block8_step2_ex2   inverseSbox_2717         447   2028.492     0.000     2028.492 <none> (D)  
    block8_step2_ex3   inverseSbox_2716         444   1998.216     0.000     1998.216 <none> (D)  
    block8_step2_ex4   inverseSbox_2715         439   2007.299     0.000     2007.299 <none> (D)  
    block8_step2_ex5   inverseSbox_2714         483   2084.503     0.000     2084.503 <none> (D)  
    block8_step2_ex6   inverseSbox_2713         443   2003.514     0.000     2003.514 <none> (D)  
    block8_step2_ex7   inverseSbox_2712         445   2003.514     0.000     2003.514 <none> (D)  
    block8_step2_ex8   inverseSbox_2711         444   2004.271     0.000     2004.271 <none> (D)  
    block8_step2_ex9   inverseSbox_2710         479   2089.044     0.000     2089.044 <none> (D)  
    block8_step2_ex10  inverseSbox_2709         444   1995.945     0.000     1995.945 <none> (D)  
    block8_step2_ex11  inverseSbox_2708         439   1991.404     0.000     1991.404 <none> (D)  
    block8_step2_ex12  inverseSbox_2707         434   1984.592     0.000     1984.592 <none> (D)  
    block8_step2_ex13  inverseSbox_2706         464   2055.740     0.000     2055.740 <none> (D)  
    block8_step2_ex14  inverseSbox_2705         437   1984.592     0.000     1984.592 <none> (D)  
    block8_step2_ex15  inverseSbox_2704         475   2067.094     0.000     2067.094 <none> (D)  
    block8_step2_ex16  inverseSbox_2703         441   2003.514     0.000     2003.514 <none> (D)  
    block9_step2_ex1   inverseSbox_2702         464   2058.768     0.000     2058.768 <none> (D)  
    block9_step2_ex2   inverseSbox_2701         463   2039.845     0.000     2039.845 <none> (D)  
    block9_step2_ex3   inverseSbox_2700         460   2042.116     0.000     2042.116 <none> (D)  
    block9_step2_ex4   inverseSbox_2699         461   2043.630     0.000     2043.630 <none> (D)  
    block9_step2_ex5   inverseSbox_2698         435   1986.862     0.000     1986.862 <none> (D)  
    block9_step2_ex6   inverseSbox_2697         435   1986.862     0.000     1986.862 <none> (D)  
    block9_step2_ex7   inverseSbox_2696         468   2069.365     0.000     2069.365 <none> (D)  
    block9_step2_ex8   inverseSbox_2695         439   1983.835     0.000     1983.835 <none> (D)  
    block9_step2_ex9   inverseSbox_2694         436   1988.376     0.000     1988.376 <none> (D)  
    block9_step2_ex10  inverseSbox_2693         424   1950.531     0.000     1950.531 <none> (D)  
    block9_step2_ex11  inverseSbox_2692         440   1994.431     0.000     1994.431 <none> (D)  
    block9_step2_ex12  inverseSbox_2691         438   1982.321     0.000     1982.321 <none> (D)  
    block9_step2_ex13  inverseSbox_2690         469   2074.663     0.000     2074.663 <none> (D)  
    block9_step2_ex14  inverseSbox_2689         442   1992.918     0.000     1992.918 <none> (D)  
    block9_step2_ex15  inverseSbox_2688         475   2069.365     0.000     2069.365 <none> (D)  
    block9_step2_ex16  inverseSbox_2687         442   1992.918     0.000     1992.918 <none> (D)  
    block10_step2_ex1  inverseSbox_2830         450   2020.923     0.000     2020.923 <none> (D)  
    block10_step2_ex2  inverseSbox_2829         450   2020.923     0.000     2020.923 <none> (D)  
    block10_step2_ex3  inverseSbox_2828         450   2020.923     0.000     2020.923 <none> (D)  
    block10_step2_ex4  inverseSbox_2827         450   2020.923     0.000     2020.923 <none> (D)  
    block10_step2_ex5  inverseSbox_2826         450   2020.923     0.000     2020.923 <none> (D)  
    block10_step2_ex6  inverseSbox_2825         450   2020.923     0.000     2020.923 <none> (D)  
    block10_step2_ex7  inverseSbox_2824         450   2020.923     0.000     2020.923 <none> (D)  
    block10_step2_ex8  inverseSbox_2823         450   2020.923     0.000     2020.923 <none> (D)  
    block10_step2_ex9  inverseSbox_2822         450   2020.923     0.000     2020.923 <none> (D)  
    block10_step2_ex10 inverseSbox_2821         450   2020.923     0.000     2020.923 <none> (D)  
    block10_step2_ex11 inverseSbox_2820         450   2020.923     0.000     2020.923 <none> (D)  
    block10_step2_ex12 inverseSbox_2819         450   2020.923     0.000     2020.923 <none> (D)  
    block10_step2_ex13 inverseSbox_2818         450   2020.923     0.000     2020.923 <none> (D)  
    block10_step2_ex14 inverseSbox_2817         450   2020.923     0.000     2020.923 <none> (D)  
    block10_step2_ex15 inverseSbox_2816         450   2020.923     0.000     2020.923 <none> (D)  
    block10_step2_ex16 inverseSbox_2815         450   2020.923     0.000     2020.923 <none> (D)  
  (D) = wireload is default in technology library
