============================================================
  Generated by:           Genus(TM) Synthesis Solution 21.14-s082_1
  Generated on:           Jun 21 2025  01:34:28 am
  Module:                 Hybrid_Decryption_Top
  Technology libraries:   fast 
                          slow 
  Operating conditions:   fast (balanced_tree)
  Wireload mode:          enclosed
  Area mode:              timing library
============================================================

                                      Leakage   
    Gate     Instances     Area     Power (nW)  Library 
--------------------------------------------------------
ADDFHX1            196    4153.867    30662.435    fast 
ADDFX1               3      59.038      407.382    fast 
ADDFX2              11     241.451     1936.517    fast 
ADDFXL              13     255.832     1616.940    fast 
ADDHX1              31     375.422     5382.282    fast 
ADDHX2               1      14.381      215.460    fast 
ADDHXL              49     593.410     7675.017    fast 
AND2X1             843    3828.400    37617.949    fast 
AND2X2               8      42.386      593.149    fast 
AND2X4               9      74.933     1254.411    fast 
AND2X6               3      34.061      635.496    fast 
AND2XL              71     322.439     3059.056    fast 
AND3X1              69     417.809     2981.980    fast 
AND3XL              77     466.250     3193.691    fast 
AND4X1             171    1164.869     7292.466    fast 
AND4XL             149    1015.003     6066.386    fast 
AO21X1             195    1328.360    16558.288    fast 
AO21X4               1       9.840      158.804    fast 
AO22X1              17     128.673     1220.058    fast 
AO22XL             295    2232.855    21107.516    fast 
AOI211X1          3648   19328.198   229230.832    fast 
AOI211X2             4      42.386      499.084    fast 
AOI211XL           124     656.989     5550.686    fast 
AOI21X1           2155    9786.717   105938.074    fast 
AOI21X2             28     233.125     2736.446    fast 
AOI21X4              2      28.762      390.552    fast 
AOI21XL           1685    7652.259    59074.585    fast 
AOI221X1          1202    9097.938    73909.776    fast 
AOI221XL            23     174.087     1001.903    fast 
AOI222X1             3      27.248      180.069    fast 
AOI222XL          1781   14828.428    76044.068    fast 
AOI22X1           2038   12340.498    98877.238    fast 
AOI22X2             18     177.115     1733.101    fast 
AOI22X4              3      56.768      576.741    fast 
AOI22XL            349    2113.265    12085.765    fast 
AOI2BB1X1          152     920.390     8556.627    fast 
AOI2BB1X2            5      41.630      494.110    fast 
AOI2BB1X4            2      24.221      394.836    fast 
AOI2BB1XL          105     635.796     5892.957    fast 
AOI2BB2X1          273    2479.604    21143.741    fast 
AOI2BB2X2          148    1904.360    18644.891    fast 
AOI2BB2X4           21     460.952     4948.566    fast 
AOI2BB2XL            3      27.248      189.978    fast 
AOI31X1            124     750.845     6063.960    fast 
AOI31X2             58     570.703     5625.791    fast 
AOI31X4              1      20.436      193.735    fast 
AOI31XL             51     308.815     1776.590    fast 
AOI32X1             17     115.806      822.581    fast 
AOI32X2              7      84.773      670.480    fast 
AOI32XL              5      34.060      172.152    fast 
AOI33X1              2      16.652       95.349    fast 
AOI33XL              2      15.138       67.722    fast 
BMXIX2             436    8580.218    94811.252    fast 
BUFX2              458    2079.961    39885.020    fast 
BUFX20               1      25.735      764.971    fast 
BUFX3              383    2319.142    49232.354    fast 
BUFX4                1       6.812      158.034    fast 
BUFX6                8      72.662     1993.016    fast 
BUFX8                1      11.354      307.920    fast 
CLKAND2X2           88     466.250     7208.925    fast 
CLKAND2X3            4      36.331      523.296    fast 
CLKBUFX2          1025    4654.935    89262.327    fast 
CLKBUFX3             1       6.055      128.544    fast 
CLKBUFX6             5      45.414     1245.635    fast 
CLKBUFX8             1      11.354      307.920    fast 
CLKINVX1         12646   28715.272   372996.287    fast 
CLKINVX12            1      12.110      337.099    fast 
CLKINVX2           536    2028.492    31624.053    fast 
CLKINVX20            1      19.679      563.600    fast 
CLKINVX3            77     349.688     6809.002    fast 
CLKINVX4            17     102.938     2001.988    fast 
CLKINVX6             3      20.436      505.539    fast 
CLKINVX8             5      45.414     1135.450    fast 
CLKMX2X2             2      16.652      205.536    fast 
CLKMX2X3            18     177.115     2497.626    fast 
CLKXOR2X1          597    4970.562    76854.194    fast 
CLKXOR2X2            2      18.166      316.338    fast 
DFFQX1             974   15481.633   177008.910    fast 
DFFQX2              58     965.804    12989.100    fast 
DFFRHQX1             2      40.873      342.428    fast 
DFFRHQX2             3      63.580      626.358    fast 
DFFRHQX4             2      51.469      565.254    fast 
DFFRX4               1      29.519      465.245    fast 
DFFTRX1              7     148.352     1732.598    fast 
DFFTRX2              1      22.707      327.134    fast 
DFFTRXL           1140   23297.382   257107.626    fast 
DFFX1                1      18.923      246.698    fast 
DLY2X1               2      28.762      260.976    fast 
INVX1             3651    8290.326   107686.972    fast 
INVX12               6      72.662     2022.594    fast 
INVX2             1082    4094.829    63838.107    fast 
INVX3               73     331.522     6455.288    fast 
INVX4               18     108.994     2119.752    fast 
INVX6                3      20.436      505.539    fast 
INVX8                1       9.083      227.090    fast 
INVXL             3104    7048.253    65098.019    fast 
MX2X1              113     769.767     9815.078    fast 
MX3X1                1      12.867      144.454    fast 
MXI2X1             800    5449.680    53104.401    fast 
MXI2X2               3      29.519      474.645    fast 
MXI2X4               1      12.867      229.202    fast 
MXI2XL            2970   17983.944   165092.499    fast 
NAND2BX1          2929   13301.761   212529.417    fast 
NAND2BX2           146     994.567    16818.032    fast 
NAND2BX4            81     919.634    16052.094    fast 
NAND2BXL           381    1730.273    22822.204    fast 
NAND2X1           1384    5237.748    40937.614    fast 
NAND2X2            600    3633.120    35363.999    fast 
NAND2X4             55     541.183     6482.795    fast 
NAND2X6              2      28.762      337.592    fast 
NAND2XL          15697   47524.237   329225.754    fast 
NAND3BX1           418    2531.074    29568.736    fast 
NAND3BX2            12     108.994     1359.924    fast 
NAND3BX4             3      47.685      595.983    fast 
NAND3BXL             8      48.442      468.589    fast 
NAND3X1            890    4041.846    26406.034    fast 
NAND3X2             15     124.889      887.747    fast 
NAND3X4              2      28.762      236.566    fast 
NAND3XL            169     767.497     3553.276    fast 
NAND4BBX1            7      63.580      881.545    fast 
NAND4BBXL          336    2797.502    38298.960    fast 
NAND4BX1            11      83.259      767.458    fast 
NAND4BXL          1714   11675.939    99169.294    fast 
NAND4X1             49     296.705     1458.392    fast 
NAND4X2              4      45.414      236.608    fast 
NAND4XL           3825   20265.998    80432.479    fast 
NOR2BX1           2336   10608.710   116439.322    fast 
NOR2BX2             57     388.290     5651.180    fast 
NOR2BXL            198     899.197     7042.939    fast 
NOR2X1             504    1907.388    24881.774    fast 
NOR2X2             112     678.182    11040.971    fast 
NOR2X4               5      49.199      984.190    fast 
NOR2XL           12247   37079.017   432533.435    fast 
NOR3BX1            384    2325.197    24418.406    fast 
NOR3BX2              6      59.038      761.034    fast 
NOR3BXL            196    1186.819     8873.684    fast 
NOR3X1            1819    8260.807   115311.501    fast 
NOR3X2              22     199.822     2777.896    fast 
NOR3XL               9      40.873      405.644    fast 
NOR4BBX1            82     682.724     5991.937    fast 
NOR4BBX2             1      14.381      144.623    fast 
NOR4BBXL           111     924.175     5775.241    fast 
NOR4BX1           1210    8242.641    88328.670    fast 
NOR4BXL            194    1321.547    10039.616    fast 
NOR4X1            2050   12413.160   148960.577    fast 
NOR4X2               2      19.679      289.316    fast 
NOR4X4               1      19.679      284.707    fast 
NOR4XL               6      36.331      309.218    fast 
OA21X1             236    1607.656    13602.120    fast 
OA21X2               1       8.326       87.146    fast 
OA21X4               1       9.840      157.635    fast 
OA21XL             267    1818.831    13101.504    fast 
OA22X1             136    1029.384    11444.100    fast 
OA22XL              28     211.932     2152.279    fast 
OAI211X1          2711   14363.691    79665.720    fast 
OAI211X2            21     238.424     1232.622    fast 
OAI211XL           452    2394.832     9433.150    fast 
OAI21X1           3960   17983.944   115963.848    fast 
OAI21X2            360    2997.324    21090.528    fast 
OAI21X4             46     661.531     5380.436    fast 
OAI21XL           1486    6748.520    30988.004    fast 
OAI221X1           919    6955.911    26782.325    fast 
OAI221X2             7      95.369      407.881    fast 
OAI221XL           112     847.728     2318.871    fast 
OAI222XL           904    7526.614    31198.486    fast 
OAI22X1           1467    8882.978    71672.484    fast 
OAI22X2             55     541.183     5365.382    fast 
OAI22X4              3      61.309      583.815    fast 
OAI22XL            774    4686.725    26936.979    fast 
OAI2BB1X1         1754    9293.218    53470.339    fast 
OAI2BB1X2          144    1089.936     8620.848    fast 
OAI2BB1X4           15     181.656     1789.245    fast 
OAI2BB1XL          476    2521.991    13858.264    fast 
OAI2BB2X1          185    1820.345    23852.605    fast 
OAI2BB2X2          107    1538.778    19537.451    fast 
OAI2BB2X4           52    1180.764    16427.423    fast 
OAI2BB2XL            4      39.359      433.164    fast 
OAI31X1            256    1550.131     7803.290    fast 
OAI31X2             82     930.987     5003.976    fast 
OAI31X4              7     143.054      852.257    fast 
OAI31XL             23     139.270      506.437    fast 
OAI32X1             21     143.054     1025.724    fast 
OAI32X2              5      68.121      486.185    fast 
OAI32XL              1       6.812       34.918    fast 
OAI33X4              1      29.519      245.718    fast 
OR2X1              474    2152.624    40508.893    fast 
OR2X2               66     349.688     7592.376    fast 
OR2X4               26     216.473     5141.344    fast 
OR2X6                4      45.414     1314.428    fast 
OR2X8                2      27.248      774.892    fast 
OR2XL              226    1026.356    17387.716    fast 
OR3X1               22     133.214     2491.918    fast 
OR3XL              157     950.666    16443.238    fast 
OR4X1               22     149.866     3100.284    fast 
OR4XL              532    3624.037    70424.563    fast 
SDFFQX1            388    7929.284    99925.902    fast 
SDFFQXL            129    2636.283    31825.977    fast 
SDFFRHQX1          105    2622.658    28226.415    fast 
SDFFRHQX2            6     154.408     1837.308    fast 
SDFFRHQX4            7     222.529     2661.344    fast 
SDFFRX2              4     115.049     1511.452    fast 
TLATNTSCAX2          6     104.452     1266.462    fast 
XNOR2X1            498    4146.298    71067.585    fast 
XNOR2X2             12     127.159     2384.940    fast 
XNOR2X4              3      34.061      845.031    fast 
XNOR2XL            748    6227.773    94281.659    fast 
XNOR3X1           1077   24455.440   385620.922    fast 
XNOR3XL            328    7447.896   116542.990    fast 
XOR2X1               3      24.978      386.202    fast 
XOR2X2               1       9.083      158.169    fast 
XOR2XL             335    2789.177    42670.625    fast 
XOR3X1             301    6834.807   107389.576    fast 
XOR3XL              30     681.210    10555.650    fast 
--------------------------------------------------------
total           119466  620673.896  6367368.156         


                                                           Leakage   Leakage 
            Type             Instances    Area    Area %  Power (nW) Power % 
-----------------------------------------------------------------------------
sequential                        2828  53800.452    8.7  617399.748     9.7 
inverter                         21224  51270.135    8.3  663926.378    10.4 
buffer                            1886   9262.185    1.5  183546.717     2.9 
clock_gating_integrated_cell         6    104.452    0.0    1266.462     0.0 
logic                            93522 506236.671   81.6 4901228.851    77.0 
physical_cells                       0      0.000    0.0       0.000     0.0 
-----------------------------------------------------------------------------
total                           119466 620673.896  100.0 6367368.156   100.0 

