============================================================
  Generated by:           Genus(TM) Synthesis Solution 21.14-s082_1
  Generated on:           Jun 21 2025  01:34:18 am
  Module:                 Hybrid_Decryption_Top
  Technology libraries:   fast 
                          slow 
  Operating conditions:   fast (balanced_tree)
  Wireload mode:          enclosed
  Area mode:              timing library
============================================================

Timing
--------

Clock Period 
-------------
clk   1000.0 
VCLK  1000.0 


        Cost          Critical                Violating 
       Group         Path Slack      TNS        Paths   
--------------------------------------------------------
cg_enable_group_clk       348.0          0.0          0 
clk                     -7919.8   -4556336.7       1704 
default                No paths          0.0            
VCLK                      437.6          0.0          0 
--------------------------------------------------------
Total                             -4556336.7       1704 

Instance Count
--------------
Leaf Instance Count             119466 
Physical Instance count              0 
Sequential Instance Count         2834 
Combinational Instance Count    116632 
Hierarchical Instance Count        167 

Area
----
Cell Area                          620673.896
Physical Cell Area                 0.000
Total Cell Area (Cell+Physical)    620673.896
Net Area                           0.000
Total Area (Cell+Physical+Net)     620673.896

Runtime                            734.081424 seconds
Elapsed Runtime                    1627 seconds
Genus peak memory usage            2898.05 
Innovus peak memory usage          no_value 
Hostname                           localhost
