Command: report datapath > reports_Mar18-19:26:32/generic/Hybrid_Decryption_Top_datapath.rpt
============================================================
  Generated by:           Genus(TM) Synthesis Solution 17.22-s017_1
  Generated on:           Mar 18 2019  07:36:35 pm
  Module:                 Hybrid_Decryption_Top
  Technology libraries:   fast 
                          slow 
  Operating conditions:   fast (balanced_tree)
  Wireload mode:          enclosed
  Area mode:              timing library
============================================================


Inferred components

                Operator Signedness  Inputs Outputs CellArea 
=============================================================
Hybrid_Decryption_Top
 ecc_uut_k1
  add_118_35
   
   module:add_unsigned_3548
    very_fast      +     unsigned   258x258 258     17386.92 
=============================================================
Hybrid_Decryption_Top
 ecc_uut_k1
  inc_add_123_38
   
   module:increment_unsigned_301
    very_fast  increment unsigned   256x1   256      7774.14 
-------------------------------------------------------------
    add_123_38     +     unsigned   256x1   256              
=============================================================
Hybrid_Decryption_Top
 ecc_uut_k1
  sub_110_28
   
   module:sub_unsigned_3527
    very_fast      -     unsigned   258x256 258      7781.77 
=============================================================
Hybrid_Decryption_Top
 ecc_uut_k1
  sub_118_66
   
   module:sub_unsigned
    very_fast      -     unsigned   258x258 258      7781.77 
=============================================================
Hybrid_Decryption_Top
 ecc_uut_k1
  sub_148_31
   
   module:sub_unsigned_4235
    very_fast      -     unsigned   258x258 258      7781.77 
=============================================================

      Type        CellArea  Percentage 
---------------------------------------
datapath modules   48506.39       3.20 
external muxes         0.00       0.00 
others           1465068.18      96.80 
---------------------------------------
total            1513574.57     100.00 

