============================================================
  Generated by:           Genus(TM) Synthesis Solution 17.22-s017_1
  Generated on:           Mar 18 2019  07:56:02 pm
  Module:                 Hybrid_Decryption_Top
  Technology libraries:   fast 
                          slow 
  Operating conditions:   fast (balanced_tree)
  Wireload mode:          enclosed
  Area mode:              timing library
============================================================

Timing
--------

Clock  Period 
--------------
clk   10000.0 
VCLK  10000.0 


        Cost          Critical         Violating 
       Group         Path Slack  TNS     Paths   
-------------------------------------------------
cg_enable_group_clk      5771.0   0.0          0 
clk                         0.0   0.0          0 
default                No paths   0.0            
VCLK                     6032.5   0.0          0 
-------------------------------------------------
Total                             0.0          0 

Instance Count
--------------
Leaf Instance Count             106370 
Physical Instance count              0 
Sequential Instance Count         2834 
Combinational Instance Count    103536 
Hierarchical Instance Count        168 

Area
----
Cell Area                          550005.927
Physical Cell Area                 0.000
Total Cell Area (Cell+Physical)    550005.927
Net Area                           0.000
Total Area (Cell+Physical+Net)     550005.927

Runtime                            556.3474199999999 seconds
Elapsed Runtime                    1802 seconds
Genus peak memory usage            1265.21 
Innovus peak memory usage          no_value 
Hostname                           compute-srv2.eda.atme.in
