============================================================
  Generated by:           Genus(TM) Synthesis Solution 17.22-s017_1
  Generated on:           Mar 18 2019  07:36:47 pm
  Module:                 Hybrid_Decryption_Top
  Technology libraries:   fast 
                          slow 
  Operating conditions:   fast (balanced_tree)
  Wireload mode:          enclosed
  Area mode:              timing library
============================================================

Timing
--------

Clock  Period 
--------------
clk   10000.0 
VCLK  10000.0 


        Cost          Critical         Violating 
       Group         Path Slack  TNS     Paths   
-------------------------------------------------
cg_enable_group_clk      5776.2   0.0          0 
clk                       188.6   0.0          0 
default                No paths   0.0            
VCLK                     4885.2   0.0          0 
-------------------------------------------------
Total                             0.0          0 

Instance Count
--------------
Leaf Instance Count             191315 
Physical Instance count              0 
Sequential Instance Count         2834 
Combinational Instance Count    188481 
Hierarchical Instance Count        173 

Area
----
Cell Area                          1513574.568
Physical Cell Area                 0.000
Total Cell Area (Cell+Physical)    1513574.568
Net Area                           0.000
Total Area (Cell+Physical+Net)     1513574.568

Runtime                            114.34993 seconds
Elapsed Runtime                    649 seconds
Genus peak memory usage            1234.74 
Innovus peak memory usage          no_value 
Hostname                           compute-srv2.eda.atme.in
