============================================================
  Generated by:           Genus(TM) Synthesis Solution 17.22-s017_1
  Generated on:           Mar 18 2019  07:36:47 pm
  Module:                 Hybrid_Decryption_Top
  Technology libraries:   fast 
                          slow 
  Operating conditions:   fast (balanced_tree)
  Wireload mode:          enclosed
  Area mode:              timing library
============================================================

       Instance                Module          Cell Count   Cell Area  Net Area   Total Area  Wireload     
-----------------------------------------------------------------------------------------------------------
Hybrid_Decryption_Top                              191315 1513574.568     0.000  1513574.568    <none> (D) 
  aes_uut              AES_Decryption              175924 1366571.030     0.000  1366571.030    <none> (D) 
    block1_step2_ex12  inverseSbox_3783               835    6370.374     0.000     6370.374    <none> (D) 
    block1_step2_ex15  inverseSbox_3780               830    6332.228     0.000     6332.228    <none> (D) 
    block1_step2_ex1   inverseSbox                    830    6332.228     0.000     6332.228    <none> (D) 
    block1_step2_ex4   inverseSbox_3791               829    6324.599     0.000     6324.599    <none> (D) 
    block1_step2_ex13  inverseSbox_3782               828    6316.969     0.000     6316.969    <none> (D) 
    block1_step2_ex6   inverseSbox_3789               827    6309.340     0.000     6309.340    <none> (D) 
    block9_step2_ex16  inverseSbox_3635               826    6301.711     0.000     6301.711    <none> (D) 
    block9_step2_ex14  inverseSbox_3635               826    6301.711     0.000     6301.711    <none> (D) 
    block9_step2_ex12  inverseSbox_3635               826    6301.711     0.000     6301.711    <none> (D) 
    block9_step2_ex11  inverseSbox_3635               826    6301.711     0.000     6301.711    <none> (D) 
    block9_step2_ex10  inverseSbox_3635               826    6301.711     0.000     6301.711    <none> (D) 
    block9_step2_ex9   inverseSbox_3642               826    6301.711     0.000     6301.711    <none> (D) 
    block9_step2_ex8   inverseSbox_3635               826    6301.711     0.000     6301.711    <none> (D) 
    block9_step2_ex7   inverseSbox_3635               826    6301.711     0.000     6301.711    <none> (D) 
    block9_step2_ex6   inverseSbox_3635               826    6301.711     0.000     6301.711    <none> (D) 
    block9_step2_ex5   inverseSbox_3635               826    6301.711     0.000     6301.711    <none> (D) 
    block9_step2_ex4   inverseSbox_3635               826    6301.711     0.000     6301.711    <none> (D) 
    block9_step2_ex3   inverseSbox_3635               826    6301.711     0.000     6301.711    <none> (D) 
    block9_step2_ex2   inverseSbox_3635               826    6301.711     0.000     6301.711    <none> (D) 
    block9_step2_ex1   inverseSbox_3635               826    6301.711     0.000     6301.711    <none> (D) 
    block8_step2_ex7   inverseSbox_3660               826    6301.711     0.000     6301.711    <none> (D) 
    block6_step2_ex11  inverseSbox_3688               826    6301.711     0.000     6301.711    <none> (D) 
    block6_step2_ex9   inverseSbox_3690               826    6301.711     0.000     6301.711    <none> (D) 
    block5_step2_ex11  inverseSbox_3704               826    6301.711     0.000     6301.711    <none> (D) 
    block5_step2_ex9   inverseSbox_3706               826    6301.711     0.000     6301.711    <none> (D) 
    block5_step2_ex7   inverseSbox_3708               826    6301.711     0.000     6301.711    <none> (D) 
    block5_step2_ex5   inverseSbox_3710               826    6301.711     0.000     6301.711    <none> (D) 
    block5_step2_ex4   inverseSbox_3711               826    6301.711     0.000     6301.711    <none> (D) 
    block5_step2_ex3   inverseSbox_3712               826    6301.711     0.000     6301.711    <none> (D) 
    block5_step2_ex2   inverseSbox_3713               826    6301.711     0.000     6301.711    <none> (D) 
    block5_step2_ex1   inverseSbox_3714               826    6301.711     0.000     6301.711    <none> (D) 
    block4_step2_ex4   inverseSbox_3727               826    6301.711     0.000     6301.711    <none> (D) 
    block4_step2_ex3   inverseSbox_3728               826    6301.711     0.000     6301.711    <none> (D) 
    block4_step2_ex2   inverseSbox_3729               826    6301.711     0.000     6301.711    <none> (D) 
    block4_step2_ex1   inverseSbox_3730               826    6301.711     0.000     6301.711    <none> (D) 
    block3_step2_ex8   inverseSbox_3739               826    6301.711     0.000     6301.711    <none> (D) 
    block3_step2_ex7   inverseSbox_3740               826    6301.711     0.000     6301.711    <none> (D) 
    block3_step2_ex6   inverseSbox_3741               826    6301.711     0.000     6301.711    <none> (D) 
    block3_step2_ex5   inverseSbox_3742               826    6301.711     0.000     6301.711    <none> (D) 
    block2_step2_ex4   inverseSbox_3759               826    6301.711     0.000     6301.711    <none> (D) 
    block2_step2_ex3   inverseSbox_3760               826    6301.711     0.000     6301.711    <none> (D) 
    block2_step2_ex2   inverseSbox_3761               826    6301.711     0.000     6301.711    <none> (D) 
    block2_step2_ex1   inverseSbox_3762               826    6301.711     0.000     6301.711    <none> (D) 
    block1_step2_ex8   inverseSbox_3787               826    6301.711     0.000     6301.711    <none> (D) 
    block10_step2_ex16 inverseSbox_3763               825    6294.082     0.000     6294.082    <none> (D) 
    block10_step2_ex15 inverseSbox_3763               825    6294.082     0.000     6294.082    <none> (D) 
    block10_step2_ex14 inverseSbox_3763               825    6294.082     0.000     6294.082    <none> (D) 
    block10_step2_ex13 inverseSbox_3763               825    6294.082     0.000     6294.082    <none> (D) 
    block10_step2_ex12 inverseSbox_3763               825    6294.082     0.000     6294.082    <none> (D) 
    block10_step2_ex11 inverseSbox_3763               825    6294.082     0.000     6294.082    <none> (D) 
    block10_step2_ex10 inverseSbox_3763               825    6294.082     0.000     6294.082    <none> (D) 
    block10_step2_ex9  inverseSbox_3763               825    6294.082     0.000     6294.082    <none> (D) 
    block10_step2_ex8  inverseSbox_3763               825    6294.082     0.000     6294.082    <none> (D) 
    block10_step2_ex7  inverseSbox_3763               825    6294.082     0.000     6294.082    <none> (D) 
    block10_step2_ex6  inverseSbox_3763               825    6294.082     0.000     6294.082    <none> (D) 
    block10_step2_ex5  inverseSbox_3763               825    6294.082     0.000     6294.082    <none> (D) 
    block10_step2_ex4  inverseSbox_3763               825    6294.082     0.000     6294.082    <none> (D) 
    block10_step2_ex3  inverseSbox_3763               825    6294.082     0.000     6294.082    <none> (D) 
    block10_step2_ex2  inverseSbox_3763               825    6294.082     0.000     6294.082    <none> (D) 
    block10_step2_ex1  inverseSbox_3763               825    6294.082     0.000     6294.082    <none> (D) 
    block9_step2_ex15  inverseSbox_3636               825    6294.082     0.000     6294.082    <none> (D) 
    block9_step2_ex13  inverseSbox_3636               825    6294.082     0.000     6294.082    <none> (D) 
    block8_step2_ex16  inverseSbox_3651               825    6294.082     0.000     6294.082    <none> (D) 
    block8_step2_ex15  inverseSbox_3652               825    6294.082     0.000     6294.082    <none> (D) 
    block8_step2_ex14  inverseSbox_3651               825    6294.082     0.000     6294.082    <none> (D) 
    block8_step2_ex13  inverseSbox_3651               825    6294.082     0.000     6294.082    <none> (D) 
    block8_step2_ex8   inverseSbox_3651               825    6294.082     0.000     6294.082    <none> (D) 
    block8_step2_ex6   inverseSbox_3651               825    6294.082     0.000     6294.082    <none> (D) 
    block8_step2_ex5   inverseSbox_3651               825    6294.082     0.000     6294.082    <none> (D) 
    block6_step2_ex16  inverseSbox_3683               825    6294.082     0.000     6294.082    <none> (D) 
    block6_step2_ex15  inverseSbox_3684               825    6294.082     0.000     6294.082    <none> (D) 
    block6_step2_ex14  inverseSbox_3685               825    6294.082     0.000     6294.082    <none> (D) 
    block6_step2_ex13  inverseSbox_3686               825    6294.082     0.000     6294.082    <none> (D) 
    block6_step2_ex12  inverseSbox_3687               825    6294.082     0.000     6294.082    <none> (D) 
    block6_step2_ex10  inverseSbox_3689               825    6294.082     0.000     6294.082    <none> (D) 
    block6_step2_ex4   inverseSbox_3695               825    6294.082     0.000     6294.082    <none> (D) 
    block6_step2_ex2   inverseSbox_3697               825    6294.082     0.000     6294.082    <none> (D) 
    block5_step2_ex12  inverseSbox_3703               825    6294.082     0.000     6294.082    <none> (D) 
    block5_step2_ex10  inverseSbox_3705               825    6294.082     0.000     6294.082    <none> (D) 
    block5_step2_ex8   inverseSbox_3707               825    6294.082     0.000     6294.082    <none> (D) 
    block5_step2_ex6   inverseSbox_3709               825    6294.082     0.000     6294.082    <none> (D) 
    block3_step2_ex16  inverseSbox_3731               825    6294.082     0.000     6294.082    <none> (D) 
    block3_step2_ex15  inverseSbox_3732               825    6294.082     0.000     6294.082    <none> (D) 
    block3_step2_ex14  inverseSbox_3733               825    6294.082     0.000     6294.082    <none> (D) 
    block3_step2_ex13  inverseSbox_3734               825    6294.082     0.000     6294.082    <none> (D) 
    block3_step2_ex4   inverseSbox_3743               825    6294.082     0.000     6294.082    <none> (D) 
    block3_step2_ex3   inverseSbox_3744               825    6294.082     0.000     6294.082    <none> (D) 
    block3_step2_ex2   inverseSbox_3745               825    6294.082     0.000     6294.082    <none> (D) 
    block3_step2_ex1   inverseSbox_3746               825    6294.082     0.000     6294.082    <none> (D) 
    block6_step2_ex7   inverseSbox_3692               824    6286.453     0.000     6286.453    <none> (D) 
    block6_step2_ex5   inverseSbox_3694               824    6286.453     0.000     6286.453    <none> (D) 
    block4_step2_ex7   inverseSbox_3724               824    6286.453     0.000     6286.453    <none> (D) 
    block4_step2_ex5   inverseSbox_3726               824    6286.453     0.000     6286.453    <none> (D) 
    block1_step2_ex14  inverseSbox_3781               824    6286.453     0.000     6286.453    <none> (D) 
    block1_step2_ex3   inverseSbox_3792               824    6286.453     0.000     6286.453    <none> (D) 
    block8_step2_ex12  inverseSbox_3655               822    6271.194     0.000     6271.194    <none> (D) 
    block8_step2_ex11  inverseSbox_3658               822    6271.194     0.000     6271.194    <none> (D) 
    block8_step2_ex10  inverseSbox_3655               822    6271.194     0.000     6271.194    <none> (D) 
    block8_step2_ex9   inverseSbox_3658               822    6271.194     0.000     6271.194    <none> (D) 
    block8_step2_ex4   inverseSbox_3663               822    6271.194     0.000     6271.194    <none> (D) 
    block8_step2_ex3   inverseSbox_3655               822    6271.194     0.000     6271.194    <none> (D) 
    block8_step2_ex2   inverseSbox_3658               822    6271.194     0.000     6271.194    <none> (D) 
    block8_step2_ex1   inverseSbox_3655               822    6271.194     0.000     6271.194    <none> (D) 
    block7_step2_ex16  inverseSbox_3667               822    6271.194     0.000     6271.194    <none> (D) 
    block7_step2_ex15  inverseSbox_3668               822    6271.194     0.000     6271.194    <none> (D) 
    block7_step2_ex14  inverseSbox_3669               822    6271.194     0.000     6271.194    <none> (D) 
    block7_step2_ex13  inverseSbox_3670               822    6271.194     0.000     6271.194    <none> (D) 
    block7_step2_ex12  inverseSbox_3671               822    6271.194     0.000     6271.194    <none> (D) 
    block7_step2_ex11  inverseSbox_3672               822    6271.194     0.000     6271.194    <none> (D) 
    block7_step2_ex10  inverseSbox_3673               822    6271.194     0.000     6271.194    <none> (D) 
    block7_step2_ex9   inverseSbox_3674               822    6271.194     0.000     6271.194    <none> (D) 
    block7_step2_ex7   inverseSbox_3676               822    6271.194     0.000     6271.194    <none> (D) 
    block7_step2_ex5   inverseSbox_3678               822    6271.194     0.000     6271.194    <none> (D) 
    block7_step2_ex3   inverseSbox_3680               822    6271.194     0.000     6271.194    <none> (D) 
    block7_step2_ex1   inverseSbox_3682               822    6271.194     0.000     6271.194    <none> (D) 
    block6_step2_ex8   inverseSbox_3691               822    6271.194     0.000     6271.194    <none> (D) 
    block6_step2_ex6   inverseSbox_3693               822    6271.194     0.000     6271.194    <none> (D) 
    block6_step2_ex3   inverseSbox_3696               822    6271.194     0.000     6271.194    <none> (D) 
    block6_step2_ex1   inverseSbox_3698               822    6271.194     0.000     6271.194    <none> (D) 
    block5_step2_ex15  inverseSbox_3700               822    6271.194     0.000     6271.194    <none> (D) 
    block5_step2_ex13  inverseSbox_3702               822    6271.194     0.000     6271.194    <none> (D) 
    block4_step2_ex16  inverseSbox_3715               822    6271.194     0.000     6271.194    <none> (D) 
    block4_step2_ex15  inverseSbox_3716               822    6271.194     0.000     6271.194    <none> (D) 
    block4_step2_ex14  inverseSbox_3717               822    6271.194     0.000     6271.194    <none> (D) 
    block4_step2_ex13  inverseSbox_3718               822    6271.194     0.000     6271.194    <none> (D) 
    block4_step2_ex12  inverseSbox_3719               822    6271.194     0.000     6271.194    <none> (D) 
    block4_step2_ex11  inverseSbox_3720               822    6271.194     0.000     6271.194    <none> (D) 
    block4_step2_ex10  inverseSbox_3721               822    6271.194     0.000     6271.194    <none> (D) 
    block4_step2_ex9   inverseSbox_3722               822    6271.194     0.000     6271.194    <none> (D) 
    block4_step2_ex8   inverseSbox_3723               822    6271.194     0.000     6271.194    <none> (D) 
    block4_step2_ex6   inverseSbox_3725               822    6271.194     0.000     6271.194    <none> (D) 
    block3_step2_ex12  inverseSbox_3735               822    6271.194     0.000     6271.194    <none> (D) 
    block3_step2_ex11  inverseSbox_3736               822    6271.194     0.000     6271.194    <none> (D) 
    block3_step2_ex10  inverseSbox_3737               822    6271.194     0.000     6271.194    <none> (D) 
    block3_step2_ex9   inverseSbox_3738               822    6271.194     0.000     6271.194    <none> (D) 
    block2_step2_ex15  inverseSbox_3748               822    6271.194     0.000     6271.194    <none> (D) 
    block2_step2_ex13  inverseSbox_3750               822    6271.194     0.000     6271.194    <none> (D) 
    block2_step2_ex12  inverseSbox_3751               822    6271.194     0.000     6271.194    <none> (D) 
    block2_step2_ex11  inverseSbox_3752               822    6271.194     0.000     6271.194    <none> (D) 
    block2_step2_ex10  inverseSbox_3753               822    6271.194     0.000     6271.194    <none> (D) 
    block2_step2_ex9   inverseSbox_3754               822    6271.194     0.000     6271.194    <none> (D) 
    block2_step2_ex8   inverseSbox_3755               822    6271.194     0.000     6271.194    <none> (D) 
    block2_step2_ex7   inverseSbox_3756               822    6271.194     0.000     6271.194    <none> (D) 
    block2_step2_ex6   inverseSbox_3757               822    6271.194     0.000     6271.194    <none> (D) 
    block2_step2_ex5   inverseSbox_3758               822    6271.194     0.000     6271.194    <none> (D) 
    block1_step2_ex16  inverseSbox_3779               821    6263.565     0.000     6263.565    <none> (D) 
    block1_step2_ex11  inverseSbox_3784               821    6263.565     0.000     6263.565    <none> (D) 
    block1_step2_ex7   inverseSbox_3788               821    6263.565     0.000     6263.565    <none> (D) 
    block1_step2_ex9   inverseSbox_3786               820    6255.936     0.000     6255.936    <none> (D) 
    block1_step2_ex10  inverseSbox_3785               819    6248.307     0.000     6248.307    <none> (D) 
    block1_step2_ex5   inverseSbox_3790               818    6240.677     0.000     6240.677    <none> (D) 
    block1_step2_ex2   inverseSbox_3793               818    6240.677     0.000     6240.677    <none> (D) 
    block7_step2_ex8   inverseSbox_3675               817    6233.048     0.000     6233.048    <none> (D) 
    block7_step2_ex6   inverseSbox_3677               817    6233.048     0.000     6233.048    <none> (D) 
    block7_step2_ex4   inverseSbox_3679               817    6233.048     0.000     6233.048    <none> (D) 
    block7_step2_ex2   inverseSbox_3681               817    6233.048     0.000     6233.048    <none> (D) 
    block5_step2_ex16  inverseSbox_3699               817    6233.048     0.000     6233.048    <none> (D) 
    block5_step2_ex14  inverseSbox_3701               817    6233.048     0.000     6233.048    <none> (D) 
    block2_step2_ex16  inverseSbox_3747               817    6233.048     0.000     6233.048    <none> (D) 
    block2_step2_ex14  inverseSbox_3749               817    6233.048     0.000     6233.048    <none> (D) 
  ecc_uut_k1           multiplier                   14873  140566.166     0.000   140566.166    <none> (D) 
    add_118_35         add_unsigned_3548             2279   17386.924     0.000    17386.924    <none> (D) 
    sub_148_31         sub_unsigned_4235             1020    7781.774     0.000     7781.774    <none> (D) 
    sub_118_66         sub_unsigned                  1020    7781.774     0.000     7781.774    <none> (D) 
    sub_110_28         sub_unsigned_3527             1020    7781.774     0.000     7781.774    <none> (D) 
    inc_add_123_38     increment_unsigned_301        1019    7774.145     0.000     7774.145    <none> (D) 

 (D) = wireload is default in technology library
