============================================================
  Generated by:           Genus(TM) Synthesis Solution 17.22-s017_1
  Generated on:           Mar 18 2019  07:47:48 pm
  Module:                 Hybrid_Decryption_Top
  Technology libraries:   fast 
                          slow 
  Operating conditions:   fast (balanced_tree)
  Wireload mode:          enclosed
  Area mode:              timing library
============================================================

Timing
--------

Clock  Period 
--------------
clk   10000.0 
VCLK  10000.0 


        Cost          Critical         Violating 
       Group         Path Slack  TNS     Paths   
-------------------------------------------------
cg_enable_group_clk      5727.4   0.0          0 
clk                         0.0   0.0          0 
default                No paths   0.0            
VCLK                     6032.5   0.0          0 
-------------------------------------------------
Total                             0.0          0 

Instance Count
--------------
Leaf Instance Count             109845 
Physical Instance count              0 
Sequential Instance Count         2834 
Combinational Instance Count    107011 
Hierarchical Instance Count        168 

Area
----
Cell Area                          559097.810
Physical Cell Area                 0.000
Total Cell Area (Cell+Physical)    559097.810
Net Area                           0.000
Total Area (Cell+Physical+Net)     559097.810

Runtime                            441.34741999999994 seconds
Elapsed Runtime                    1309 seconds
Genus peak memory usage            1304.23 
Innovus peak memory usage          no_value 
Hostname                           compute-srv2.eda.atme.in
