============================================================
  Generated by:           Genus(TM) Synthesis Solution 17.22-s017_1
  Generated on:           Mar 18 2019  07:47:48 pm
  Module:                 Hybrid_Decryption_Top
  Technology libraries:   fast 
                          slow 
  Operating conditions:   fast (balanced_tree)
  Wireload mode:          enclosed
  Area mode:              timing library
============================================================

       Instance             Module       Cell Count  Cell Area  Net Area   Total Area  Wireload     
----------------------------------------------------------------------------------------------------
Hybrid_Decryption_Top                        109845 559097.810     0.000   559097.810    <none> (D) 
  aes_uut              AES_Decryption        101031 494913.447     0.000   494913.447    <none> (D) 
    block1_step2_ex2   inverseSbox_3793         628   2665.045     0.000     2665.045    <none> (D) 
    block1_step2_ex14  inverseSbox_3781         632   2642.338     0.000     2642.338    <none> (D) 
    block1_step2_ex7   inverseSbox_3788         637   2632.498     0.000     2632.498    <none> (D) 
    block1_step2_ex8   inverseSbox_3787         632   2630.227     0.000     2630.227    <none> (D) 
    block1_step2_ex15  inverseSbox_3780         641   2611.305     0.000     2611.305    <none> (D) 
    block1_step2_ex6   inverseSbox_3789         637   2594.653     0.000     2594.653    <none> (D) 
    block1_step2_ex13  inverseSbox_3782         632   2593.139     0.000     2593.139    <none> (D) 
    block1_step2_ex12  inverseSbox_3783         646   2591.626     0.000     2591.626    <none> (D) 
    block1_step2_ex4   inverseSbox_3791         635   2585.570     0.000     2585.570    <none> (D) 
    block1_step2_ex5   inverseSbox_3790         631   2555.294     0.000     2555.294    <none> (D) 
    block1_step2_ex10  inverseSbox_3785         619   2553.024     0.000     2553.024    <none> (D) 
    block1_step2_ex16  inverseSbox_3779         618   2547.725     0.000     2547.725    <none> (D) 
    block1_step2_ex3   inverseSbox_3792         628   2531.074     0.000     2531.074    <none> (D) 
    block1_step2_ex9   inverseSbox_3786         627   2523.505     0.000     2523.505    <none> (D) 
    block1_step2_ex1   inverseSbox              630   2496.256     0.000     2496.256    <none> (D) 
    block1_step2_ex11  inverseSbox_3784         618   2453.870     0.000     2453.870    <none> (D) 
    block2_step2_ex14  inverseSbox_3749         432   1959.614     0.000     1959.614    <none> (D) 
    block6_step2_ex5   inverseSbox_3694         428   1958.857     0.000     1958.857    <none> (D) 
    block5_step2_ex14  inverseSbox_3701         432   1956.586     0.000     1956.586    <none> (D) 
    block7_step2_ex6   inverseSbox_3677         428   1954.316     0.000     1954.316    <none> (D) 
    block7_step2_ex8   inverseSbox_3675         429   1953.559     0.000     1953.559    <none> (D) 
    block7_step2_ex2   inverseSbox_3681         431   1947.504     0.000     1947.504    <none> (D) 
    block3_step2_ex5   inverseSbox_3742         419   1945.990     0.000     1945.990    <none> (D) 
    block5_step2_ex13  inverseSbox_3702         423   1945.233     0.000     1945.233    <none> (D) 
    block5_step2_ex16  inverseSbox_3699         426   1939.178     0.000     1939.178    <none> (D) 
    block5_step2_ex2   inverseSbox_3713         424   1937.664     0.000     1937.664    <none> (D) 
    block2_step2_ex16  inverseSbox_3747         425   1936.907     0.000     1936.907    <none> (D) 
    block6_step2_ex13  inverseSbox_3686         427   1936.150     0.000     1936.150    <none> (D) 
    block5_step2_ex7   inverseSbox_3708         427   1935.393     0.000     1935.393    <none> (D) 
    block3_step2_ex12  inverseSbox_3735         431   1934.636     0.000     1934.636    <none> (D) 
    block8_step2_ex1   inverseSbox_3666         421   1932.366     0.000     1932.366    <none> (D) 
    block4_step2_ex3   inverseSbox_3728         427   1932.366     0.000     1932.366    <none> (D) 
    block5_step2_ex6   inverseSbox_3709         418   1931.609     0.000     1931.609    <none> (D) 
    block8_step2_ex3   inverseSbox_3664         421   1930.852     0.000     1930.852    <none> (D) 
    block3_step2_ex6   inverseSbox_3741         423   1930.852     0.000     1930.852    <none> (D) 
    block4_step2_ex14  inverseSbox_3717         429   1930.095     0.000     1930.095    <none> (D) 
    block3_step2_ex15  inverseSbox_3732         421   1930.095     0.000     1930.095    <none> (D) 
    block8_step2_ex7   inverseSbox_3660         424   1929.338     0.000     1929.338    <none> (D) 
    block2_step2_ex3   inverseSbox_3760         423   1929.338     0.000     1929.338    <none> (D) 
    block6_step2_ex10  inverseSbox_3689         421   1928.581     0.000     1928.581    <none> (D) 
    block5_step2_ex1   inverseSbox_3714         426   1928.581     0.000     1928.581    <none> (D) 
    block3_step2_ex2   inverseSbox_3745         432   1928.581     0.000     1928.581    <none> (D) 
    block7_step2_ex1   inverseSbox_3682         422   1927.824     0.000     1927.824    <none> (D) 
    block6_step2_ex4   inverseSbox_3695         424   1927.824     0.000     1927.824    <none> (D) 
    block6_step2_ex3   inverseSbox_3696         424   1927.824     0.000     1927.824    <none> (D) 
    block9_step2_ex9   inverseSbox_3642         422   1927.067     0.000     1927.067    <none> (D) 
    block5_step2_ex8   inverseSbox_3707         419   1926.311     0.000     1926.311    <none> (D) 
    block2_step2_ex1   inverseSbox_3762         421   1925.554     0.000     1925.554    <none> (D) 
    block5_step2_ex3   inverseSbox_3712         423   1922.526     0.000     1922.526    <none> (D) 
    block2_step2_ex13  inverseSbox_3750         422   1922.526     0.000     1922.526    <none> (D) 
    block2_step2_ex2   inverseSbox_3761         422   1922.526     0.000     1922.526    <none> (D) 
    block9_step2_ex7   inverseSbox_3644         424   1921.769     0.000     1921.769    <none> (D) 
    block9_step2_ex3   inverseSbox_3648         424   1921.769     0.000     1921.769    <none> (D) 
    block9_step2_ex1   inverseSbox_3650         424   1921.769     0.000     1921.769    <none> (D) 
    block8_step2_ex6   inverseSbox_3661         418   1921.769     0.000     1921.769    <none> (D) 
    block2_step2_ex15  inverseSbox_3748         422   1921.012     0.000     1921.012    <none> (D) 
    block9_step2_ex16  inverseSbox_3635         424   1920.255     0.000     1920.255    <none> (D) 
    block9_step2_ex14  inverseSbox_3637         424   1920.255     0.000     1920.255    <none> (D) 
    block9_step2_ex4   inverseSbox_3647         424   1920.255     0.000     1920.255    <none> (D) 
    block9_step2_ex2   inverseSbox_3649         424   1920.255     0.000     1920.255    <none> (D) 
    block7_step2_ex15  inverseSbox_3668         420   1920.255     0.000     1920.255    <none> (D) 
    block3_step2_ex10  inverseSbox_3737         418   1920.255     0.000     1920.255    <none> (D) 
    block3_step2_ex4   inverseSbox_3743         413   1920.255     0.000     1920.255    <none> (D) 
    block7_step2_ex4   inverseSbox_3679         423   1919.498     0.000     1919.498    <none> (D) 
    block8_step2_ex8   inverseSbox_3659         421   1918.742     0.000     1918.742    <none> (D) 
    block9_step2_ex12  inverseSbox_3639         425   1917.985     0.000     1917.985    <none> (D) 
    block9_step2_ex11  inverseSbox_3640         425   1917.985     0.000     1917.985    <none> (D) 
    block9_step2_ex10  inverseSbox_3641         425   1917.985     0.000     1917.985    <none> (D) 
    block8_step2_ex16  inverseSbox_3651         420   1917.985     0.000     1917.985    <none> (D) 
    block8_step2_ex14  inverseSbox_3653         420   1917.985     0.000     1917.985    <none> (D) 
    block8_step2_ex13  inverseSbox_3654         420   1917.985     0.000     1917.985    <none> (D) 
    block8_step2_ex5   inverseSbox_3662         420   1917.985     0.000     1917.985    <none> (D) 
    block5_step2_ex5   inverseSbox_3710         422   1917.985     0.000     1917.985    <none> (D) 
    block9_step2_ex5   inverseSbox_3646         424   1917.228     0.000     1917.228    <none> (D) 
    block3_step2_ex13  inverseSbox_3734         423   1917.228     0.000     1917.228    <none> (D) 
    block6_step2_ex7   inverseSbox_3692         425   1916.471     0.000     1916.471    <none> (D) 
    block6_step2_ex2   inverseSbox_3697         418   1916.471     0.000     1916.471    <none> (D) 
    block4_step2_ex8   inverseSbox_3723         425   1916.471     0.000     1916.471    <none> (D) 
    block7_step2_ex16  inverseSbox_3667         426   1915.714     0.000     1915.714    <none> (D) 
    block6_step2_ex12  inverseSbox_3687         423   1915.714     0.000     1915.714    <none> (D) 
    block4_step2_ex5   inverseSbox_3726         420   1915.714     0.000     1915.714    <none> (D) 
    block8_step2_ex9   inverseSbox_3658         419   1914.957     0.000     1914.957    <none> (D) 
    block8_step2_ex2   inverseSbox_3665         419   1914.957     0.000     1914.957    <none> (D) 
    block6_step2_ex11  inverseSbox_3688         421   1914.957     0.000     1914.957    <none> (D) 
    block6_step2_ex8   inverseSbox_3691         423   1914.957     0.000     1914.957    <none> (D) 
    block4_step2_ex16  inverseSbox_3715         424   1914.957     0.000     1914.957    <none> (D) 
    block5_step2_ex12  inverseSbox_3703         420   1914.200     0.000     1914.200    <none> (D) 
    block4_step2_ex11  inverseSbox_3720         417   1914.200     0.000     1914.200    <none> (D) 
    block3_step2_ex1   inverseSbox_3746         420   1914.200     0.000     1914.200    <none> (D) 
    block2_step2_ex12  inverseSbox_3751         422   1914.200     0.000     1914.200    <none> (D) 
    block8_step2_ex12  inverseSbox_3655         419   1913.443     0.000     1913.443    <none> (D) 
    block8_step2_ex11  inverseSbox_3656         419   1913.443     0.000     1913.443    <none> (D) 
    block8_step2_ex10  inverseSbox_3657         419   1913.443     0.000     1913.443    <none> (D) 
    block5_step2_ex10  inverseSbox_3705         419   1913.443     0.000     1913.443    <none> (D) 
    block3_step2_ex7   inverseSbox_3740         415   1913.443     0.000     1913.443    <none> (D) 
    block2_step2_ex11  inverseSbox_3752         415   1913.443     0.000     1913.443    <none> (D) 
    block9_step2_ex8   inverseSbox_3643         423   1912.686     0.000     1912.686    <none> (D) 
    block9_step2_ex6   inverseSbox_3645         423   1912.686     0.000     1912.686    <none> (D) 
    block5_step2_ex11  inverseSbox_3704         418   1912.686     0.000     1912.686    <none> (D) 
    block3_step2_ex14  inverseSbox_3733         425   1912.686     0.000     1912.686    <none> (D) 
    block3_step2_ex9   inverseSbox_3738         422   1912.686     0.000     1912.686    <none> (D) 
    block2_step2_ex4   inverseSbox_3759         423   1912.686     0.000     1912.686    <none> (D) 
    block7_step2_ex5   inverseSbox_3678         416   1911.929     0.000     1911.929    <none> (D) 
    block6_step2_ex14  inverseSbox_3685         418   1911.929     0.000     1911.929    <none> (D) 
    block4_step2_ex12  inverseSbox_3719         424   1911.929     0.000     1911.929    <none> (D) 
    block4_step2_ex1   inverseSbox_3730         422   1911.929     0.000     1911.929    <none> (D) 
    block5_step2_ex4   inverseSbox_3711         423   1911.172     0.000     1911.172    <none> (D) 
    block2_step2_ex7   inverseSbox_3756         418   1911.172     0.000     1911.172    <none> (D) 
    block9_step2_ex15  inverseSbox_3636         418   1910.416     0.000     1910.416    <none> (D) 
    block9_step2_ex13  inverseSbox_3638         418   1910.416     0.000     1910.416    <none> (D) 
    block8_step2_ex4   inverseSbox_3663         419   1910.416     0.000     1910.416    <none> (D) 
    block7_step2_ex7   inverseSbox_3676         423   1910.416     0.000     1910.416    <none> (D) 
    block6_step2_ex15  inverseSbox_3684         419   1910.416     0.000     1910.416    <none> (D) 
    block4_step2_ex2   inverseSbox_3729         421   1910.416     0.000     1910.416    <none> (D) 
    block6_step2_ex16  inverseSbox_3683         414   1908.902     0.000     1908.902    <none> (D) 
    block4_step2_ex10  inverseSbox_3721         423   1908.902     0.000     1908.902    <none> (D) 
    block3_step2_ex16  inverseSbox_3731         416   1908.902     0.000     1908.902    <none> (D) 
    block3_step2_ex3   inverseSbox_3744         416   1908.902     0.000     1908.902    <none> (D) 
    block8_step2_ex15  inverseSbox_3652         417   1908.145     0.000     1908.145    <none> (D) 
    block6_step2_ex1   inverseSbox_3698         415   1908.145     0.000     1908.145    <none> (D) 
    block4_step2_ex7   inverseSbox_3724         416   1908.145     0.000     1908.145    <none> (D) 
    block6_step2_ex6   inverseSbox_3693         418   1907.388     0.000     1907.388    <none> (D) 
    block10_step2_ex16 inverseSbox_3763         425   1906.631     0.000     1906.631    <none> (D) 
    block10_step2_ex15 inverseSbox_3764         425   1906.631     0.000     1906.631    <none> (D) 
    block10_step2_ex14 inverseSbox_3765         425   1906.631     0.000     1906.631    <none> (D) 
    block10_step2_ex13 inverseSbox_3766         425   1906.631     0.000     1906.631    <none> (D) 
    block10_step2_ex12 inverseSbox_3767         425   1906.631     0.000     1906.631    <none> (D) 
    block10_step2_ex11 inverseSbox_3768         425   1906.631     0.000     1906.631    <none> (D) 
    block10_step2_ex10 inverseSbox_3769         425   1906.631     0.000     1906.631    <none> (D) 
    block10_step2_ex9  inverseSbox_3770         425   1906.631     0.000     1906.631    <none> (D) 
    block10_step2_ex8  inverseSbox_3771         425   1906.631     0.000     1906.631    <none> (D) 
    block10_step2_ex7  inverseSbox_3772         425   1906.631     0.000     1906.631    <none> (D) 
    block10_step2_ex6  inverseSbox_3773         425   1906.631     0.000     1906.631    <none> (D) 
    block10_step2_ex5  inverseSbox_3774         425   1906.631     0.000     1906.631    <none> (D) 
    block10_step2_ex4  inverseSbox_3775         425   1906.631     0.000     1906.631    <none> (D) 
    block10_step2_ex3  inverseSbox_3776         425   1906.631     0.000     1906.631    <none> (D) 
    block10_step2_ex2  inverseSbox_3777         425   1906.631     0.000     1906.631    <none> (D) 
    block10_step2_ex1  inverseSbox_3778         425   1906.631     0.000     1906.631    <none> (D) 
    block7_step2_ex3   inverseSbox_3680         414   1906.631     0.000     1906.631    <none> (D) 
    block3_step2_ex11  inverseSbox_3736         418   1906.631     0.000     1906.631    <none> (D) 
    block4_step2_ex6   inverseSbox_3725         419   1905.874     0.000     1905.874    <none> (D) 
    block5_step2_ex9   inverseSbox_3706         420   1905.117     0.000     1905.117    <none> (D) 
    block3_step2_ex8   inverseSbox_3739         420   1905.117     0.000     1905.117    <none> (D) 
    block2_step2_ex8   inverseSbox_3755         415   1905.117     0.000     1905.117    <none> (D) 
    block7_step2_ex14  inverseSbox_3669         416   1904.360     0.000     1904.360    <none> (D) 
    block2_step2_ex5   inverseSbox_3758         414   1903.603     0.000     1903.603    <none> (D) 
    block4_step2_ex4   inverseSbox_3727         420   1902.090     0.000     1902.090    <none> (D) 
    block7_step2_ex10  inverseSbox_3673         417   1901.333     0.000     1901.333    <none> (D) 
    block5_step2_ex15  inverseSbox_3700         403   1899.819     0.000     1899.819    <none> (D) 
    block2_step2_ex9   inverseSbox_3754         413   1899.819     0.000     1899.819    <none> (D) 
    block7_step2_ex13  inverseSbox_3670         418   1899.062     0.000     1899.062    <none> (D) 
    block7_step2_ex12  inverseSbox_3671         417   1899.062     0.000     1899.062    <none> (D) 
    block6_step2_ex9   inverseSbox_3690         415   1897.548     0.000     1897.548    <none> (D) 
    block7_step2_ex9   inverseSbox_3674         417   1895.278     0.000     1895.278    <none> (D) 
    block4_step2_ex15  inverseSbox_3716         415   1894.521     0.000     1894.521    <none> (D) 
    block4_step2_ex13  inverseSbox_3718         418   1894.521     0.000     1894.521    <none> (D) 
    block2_step2_ex10  inverseSbox_3753         406   1893.764     0.000     1893.764    <none> (D) 
    block2_step2_ex6   inverseSbox_3757         415   1891.493     0.000     1891.493    <none> (D) 
    block7_step2_ex11  inverseSbox_3672         414   1889.222     0.000     1889.222    <none> (D) 
    block4_step2_ex9   inverseSbox_3722         409   1885.438     0.000     1885.438    <none> (D) 
  ecc_uut_k1           multiplier              8549  60596.657     0.000    60596.657    <none> (D) 

 (D) = wireload is default in technology library
