============================================================
  Generated by:           Genus(TM) Synthesis Solution 17.22-s017_1
  Generated on:           Mar 18 2019  07:47:58 pm
  Module:                 Hybrid_Decryption_Top
  Technology libraries:   fast 
                          slow 
  Operating conditions:   fast (balanced_tree)
  Wireload mode:          enclosed
  Area mode:              timing library
============================================================

                                      Leakage   
    Gate     Instances     Area     Power (nW)  Library 
--------------------------------------------------------
ADDFHX1             38     805.342     5944.758    fast 
ADDFHXL              1      21.193      150.800    fast 
ADDFX1               1      19.679      135.794    fast 
ADDFX2               2      43.900      352.094    fast 
ADDHX1               1      12.110      173.622    fast 
ADDHX4               2      40.873      611.202    fast 
ADDHXL               2      24.221      313.266    fast 
AND2X1             703    3192.604    31370.602    fast 
AND2X2               7      37.088      519.005    fast 
AND2X4              15     124.889     2090.685    fast 
AND2X6               8      90.828     1694.656    fast 
AND2XL              33     149.866     1421.815    fast 
AND3X1              76     460.195     3284.499    fast 
AND3XL               8      48.442      331.812    fast 
AND4X1              55     374.666     2345.530    fast 
AND4XL             176    1198.930     7165.664    fast 
AO21X1             187    1273.863    15878.974    fast 
AO22X1               8      60.552      574.145    fast 
AO22XL             328    2482.632    23468.696    fast 
AOI211X1          3001   15900.198   188575.034    fast 
AOI211X2             6      63.580      748.626    fast 
AOI211X4             1      19.679      249.218    fast 
AOI211XL            45     238.424     2014.362    fast 
AOI21X1           3217   14609.684   158145.143    fast 
AOI21X2             49     407.969     4788.780    fast 
AOI21X4              2      28.762      390.552    fast 
AOI21XL           2162    9818.507    75797.776    fast 
AOI221X1          1657   12541.833   101887.270    fast 
AOI221XL            45     340.605     1960.245    fast 
AOI222XL          1886   15702.647    80527.295    fast 
AOI22X1           2410   14593.032   116925.488    fast 
AOI22X2              8      78.718      770.267    fast 
AOI22XL            505    3057.876    17487.998    fast 
AOI2BB1X1          186    1126.267    10470.609    fast 
AOI2BB1X2            7      58.281      691.754    fast 
AOI2BB1X4            2      24.221      394.836    fast 
AOI2BB1XL          128     775.066     7183.795    fast 
AOI2BB2X1           65     590.382     5034.224    fast 
AOI2BB2X2           52     669.100     6550.908    fast 
AOI2BB2X4            8     175.601     1885.168    fast 
AOI31X1            126     762.955     6161.766    fast 
AOI31X2             65     639.581     6304.766    fast 
AOI31X4              3      61.309      581.205    fast 
AOI31XL             90     544.968     3135.159    fast 
AOI32X1             15     102.181      725.806    fast 
AOI32X2              1      12.110       95.783    fast 
AOI32XL              1       6.812       34.430    fast 
AOI33XL              2      15.138       67.722    fast 
BMXIX2             399    7852.080    86765.343    fast 
BUFX2              193     876.490    16807.443    fast 
BUFX20               1      25.735      764.971    fast 
BUFX3              120     726.624    15425.281    fast 
BUFX4                3      20.436      474.102    fast 
BUFX6                1       9.083      249.127    fast 
CLKAND2X2          142     752.359    11632.583    fast 
CLKAND2X3            1       9.083      130.824    fast 
CLKBUFX2           455    2066.337    39623.765    fast 
CLKBUFX6             1       9.083      249.127    fast 
CLKINVX1         10479   23794.665   309080.190    fast 
CLKINVX12            4      48.442     1348.396    fast 
CLKINVX2           387    1464.601    22833.038    fast 
CLKINVX20            2      39.359     1127.200    fast 
CLKINVX3            63     286.108     5571.002    fast 
CLKINVX4            25     151.380     2944.100    fast 
CLKINVX6             3      20.436      505.539    fast 
CLKINVX8             2      18.166      454.180    fast 
CLKMX2X2             3      24.978      308.304    fast 
CLKMX2X3            23     226.313     3191.411    fast 
CLKXOR2X1          915    7618.199   117791.605    fast 
DFFQX1            2053   32632.230   373099.890    fast 
DFFRHQX1             2      40.873      342.428    fast 
DFFTRXL            128    2615.846    28868.225    fast 
INVX1             1932    4386.992    56984.724    fast 
INVX2              864    3269.808    50976.086    fast 
INVX3               81     367.853     7162.716    fast 
INVX4               12      72.662     1413.168    fast 
INVX6                7      47.685     1179.591    fast 
INVXL             1605    3644.474    33660.542    fast 
MX2X1               35     238.423     3040.069    fast 
MXI2X1             574    3910.145    38102.408    fast 
MXI2X2               2      19.679      316.430    fast 
MXI2XL            4156   25165.411   231018.325    fast 
NAND2BX1          2050    9309.870   148748.824    fast 
NAND2BX2           274    1866.515    31562.608    fast 
NAND2BX4            63     715.270    12484.962    fast 
NAND2BXL           286    1298.840    17131.629    fast 
NAND2X1           1299    4916.065    38423.382    fast 
NAND2X2            868    5255.914    51159.919    fast 
NAND2X4             89     875.733    10490.341    fast 
NAND2X6              1      14.381      168.796    fast 
NAND2X8              1      16.652      227.655    fast 
NAND2XL          14736   44614.714   309069.932    fast 
NAND3BX1           413    2500.798    29215.043    fast 
NAND3BX2            17     154.408     1926.559    fast 
NAND3BX4             3      47.685      595.983    fast 
NAND3X1           1042    4732.139    30915.828    fast 
NAND3X2             32     266.429     1893.859    fast 
NAND3X4              1      14.381      118.283    fast 
NAND3XL            273    1239.802     5739.907    fast 
NAND4BBX1            1       9.083      125.935    fast 
NAND4BBX4            1      23.464      279.508    fast 
NAND4BBXL          176    1465.358    20061.360    fast 
NAND4BX1             5      37.845      348.844    fast 
NAND4BXL          1503   10238.586    86961.172    fast 
NAND4X1             10      60.552      297.631    fast 
NAND4X2              7      79.475      414.064    fast 
NAND4XL           3263   17288.353    68614.687    fast 
NOR2BX1           1695    7697.673    84488.292    fast 
NOR2BX2             49     333.793     4858.032    fast 
NOR2BXL             86     390.560     3059.054    fast 
NOR2X1             491    1858.189    24239.982    fast 
NOR2X2             185    1120.212    18237.319    fast 
NOR2X4              14     137.756     2755.732    fast 
NOR2X6               1      12.867      281.679    fast 
NOR2XL           14546   44039.470   513728.370    fast 
NOR3BX1            291    1762.063    18504.574    fast 
NOR3BX2              3      29.519      380.517    fast 
NOR3BX4              1      17.409      253.435    fast 
NOR3BXL            172    1041.494     7787.111    fast 
NOR3X1            1668    7575.055   105739.189    fast 
NOR3X2              28     254.318     3535.504    fast 
NOR3XL              21      95.369      946.504    fast 
NOR4BBX1            47     391.317     3434.403    fast 
NOR4BBXL            40     333.036     2081.168    fast 
NOR4BX1            894    6090.017    65261.017    fast 
NOR4BXL            186    1267.051     9625.611    fast 
NOR4X1            2072   12546.374   150559.178    fast 
NOR4X2               2      19.679      289.316    fast 
OA21X1             249    1696.213    14351.389    fast 
OA21XL             376    2561.350    18450.058    fast 
OA22X1             174    1317.006    14641.717    fast 
OA22XL              47     355.743     3612.754    fast 
OAI211X1          2558   13553.051    75169.646    fast 
OAI211X2             9     102.181      528.267    fast 
OAI211X4             1      19.679      117.131    fast 
OAI211XL           140     741.762     2921.772    fast 
OAI21X1           3195   14509.773    93561.741    fast 
OAI21X2            199    1656.854    11658.375    fast 
OAI21X4             19     273.241     2222.354    fast 
OAI21XL           1414    6421.540    29486.566    fast 
OAI221X1          1148    8689.212    33456.049    fast 
OAI221X2             4      54.497      233.075    fast 
OAI221XL           148    1120.212     3064.222    fast 
OAI222X1             2      18.166       96.867    fast 
OAI222X2             1      15.895       96.310    fast 
OAI222XL           929    7734.761    32061.276    fast 
OAI22X1           1671   10118.239    81639.210    fast 
OAI22X2             10      98.397      975.524    fast 
OAI22X4              6     122.618     1167.630    fast 
OAI22XL           1032    6248.966    35915.973    fast 
OAI2BB1X1          858    4545.941    26155.958    fast 
OAI2BB1X2           87     658.503     5208.429    fast 
OAI2BB1X4            5      60.552      596.415    fast 
OAI2BB1XL          306    1621.280     8908.884    fast 
OAI2BB2X1           42     413.267     5415.186    fast 
OAI2BB2X2           39     560.863     7121.127    fast 
OAI2BB2X4            3      68.121      947.736    fast 
OAI31X1            266    1610.683     8108.106    fast 
OAI31X2             49     556.322     2990.181    fast 
OAI31X4              2      40.873      243.502    fast 
OAI31XL             18     108.994      396.342    fast 
OAI32X1             10      68.121      488.440    fast 
OAI32XL             19     129.430      663.438    fast 
OR2X1              517    2347.904    44183.751    fast 
OR2X2              108     572.216    12423.888    fast 
OR2X4               56     466.250    11073.664    fast 
OR2X6                2      22.707      657.214    fast 
OR2X8                1      13.624      387.446    fast 
OR2XL              135     613.089    10386.468    fast 
OR3X1                6      36.331      679.614    fast 
OR3X2                3      20.436      428.373    fast 
OR3X4                2      18.166      474.534    fast 
OR3XL               72     435.974     7540.848    fast 
OR4X1                3      20.436      422.766    fast 
OR4XL              311    2118.563    41169.247    fast 
SDFFQX1            516   10545.131   132891.148    fast 
SDFFQX2              1      21.950      299.927    fast 
SDFFRHQX1          112    2797.502    30108.176    fast 
SDFFRHQX2           14     360.284     4287.052    fast 
SDFFRHQX4            1      31.790      380.192    fast 
SDFFRX2              1      28.762      377.863    fast 
TLATNTSCAX2          6     104.452     1266.462    fast 
XNOR2X1            587    4887.303    83768.418    fast 
XNOR2X2              5      52.983      993.725    fast 
XNOR2X4              1      11.354      281.677    fast 
XNOR2XL            233    1939.935    29368.485    fast 
XNOR3X1            663   15054.742   237387.810    fast 
XNOR3XL             22     499.554     7816.908    fast 
XOR2X1               2      16.652      257.468    fast 
XOR2XL             143    1190.604    18214.625    fast 
XOR3X1             307    6971.049   109530.232    fast 
XOR3XL               4      90.828     1407.420    fast 
--------------------------------------------------------
total           109845  559097.810  5559015.485         


                                                           Leakage   Leakage 
            Type             Instances    Area    Area %  Power (nW) Power % 
-----------------------------------------------------------------------------
sequential                        2828  49074.368    8.8  570654.900    10.3 
inverter                         15466  37612.632    6.7  495240.472     8.9 
buffer                             774   3733.788    0.7   73593.815     1.3 
clock_gating_integrated_cell         6    104.452    0.0    1266.462     0.0 
logic                            90771 468572.570   83.8 4418259.835    79.5 
physical_cells                       0      0.000    0.0       0.000     0.0 
-----------------------------------------------------------------------------
total                           109845 559097.810  100.0 5559015.485   100.0 

