============================================================
  Generated by:           Genus(TM) Synthesis Solution 17.22-s017_1
  Generated on:           Mar 18 2019  07:55:24 pm
  Module:                 Hybrid_Decryption_Top
  Technology libraries:   fast 
                          slow 
  Operating conditions:   fast (balanced_tree)
  Wireload mode:          enclosed
  Area mode:              timing library
============================================================

                                      Leakage   
    Gate     Instances     Area     Power (nW)  Library 
--------------------------------------------------------
ADDFHX1             14     296.705     2190.174    fast 
ADDFX1              44     865.894     5974.936    fast 
ADDFX2               7     153.651     1232.329    fast 
ADDFXL               1      19.679      124.380    fast 
ADDHX1               1      12.110      173.622    fast 
ADDHX4               2      40.873      611.202    fast 
ADDHXL               2      24.221      313.266    fast 
AND2X1             592    2688.509    26417.349    fast 
AND2X2               6      31.790      444.862    fast 
AND2X4               9      74.933     1254.411    fast 
AND2X6               6      68.121     1270.992    fast 
AND2XL              31     140.783     1335.644    fast 
AND3X1              86     520.747     3716.670    fast 
AND3XL              14      84.773      580.671    fast 
AND4X1              62     422.350     2644.052    fast 
AND4XL             189    1287.487     7694.946    fast 
AO21X1             191    1301.111    16218.631    fast 
AO21XL               1       7.569       76.973    fast 
AO22X1              87     658.503     6243.824    fast 
AO22X2               1       9.083       74.730    fast 
AO22XL             339    2565.891    24255.756    fast 
AOI211X1          3009   15942.585   189077.734    fast 
AOI211X2             4      42.386      499.084    fast 
AOI211X4             1      19.679      249.218    fast 
AOI211XL            51     270.213     2282.944    fast 
AOI21X1           3205   14555.187   157555.233    fast 
AOI21X2             39     324.710     3811.478    fast 
AOI21X4              2      28.762      390.552    fast 
AOI21XL           2151    9768.551    75412.126    fast 
AOI221X1          1667   12617.523   102502.160    fast 
AOI221XL            45     340.605     1960.245    fast 
AOI222XL          1887   15710.973    80569.992    fast 
AOI22X1           2407   14574.866   116779.938    fast 
AOI22X2              6      59.038      577.700    fast 
AOI22XL            503    3045.766    17418.739    fast 
AOI2BB1X1          113     684.238     6361.177    fast 
AOI2BB1X2            4      33.304      395.288    fast 
AOI2BB1XL          349    2113.265    19587.067    fast 
AOI2BB2X1           20     181.656     1548.992    fast 
AOI2BB2X2           38     488.957     4787.202    fast 
AOI2BB2X4            8     175.601     1885.168    fast 
AOI31X1            132     799.286     6455.183    fast 
AOI31X2             58     570.703     5625.791    fast 
AOI31X4              2      40.873      387.470    fast 
AOI31XL             90     544.968     3135.159    fast 
AOI32X1             16     108.994      774.194    fast 
AOI32XL              1       6.812       34.430    fast 
AOI33XL              3      22.707      101.583    fast 
BMXIX2             397    7812.721    86330.429    fast 
BUFX2              149     676.669    12975.694    fast 
BUFX20               1      25.735      764.971    fast 
BUFX3               93     563.134    11954.593    fast 
BUFX6                1       9.083      249.127    fast 
CLKAND2X2          104     551.023     8519.639    fast 
CLKAND2X3            2      18.166      261.648    fast 
CLKBUFX2           313    1421.458    27257.667    fast 
CLKBUFX6             3      27.248      747.381    fast 
CLKINVX1         10166   23083.936   299848.193    fast 
CLKINVX12            2      24.221      674.198    fast 
CLKINVX2           318    1203.471    18762.031    fast 
CLKINVX20            2      39.359     1127.200    fast 
CLKINVX3            39     177.115     3448.715    fast 
CLKINVX4            14      84.773     1648.696    fast 
CLKINVX6             3      20.436      505.539    fast 
CLKMX2X2             6      49.955      616.608    fast 
CLKMX2X3            32     314.870     4440.224    fast 
CLKMX2X4             1      10.597      165.099    fast 
CLKXOR2X1         1090    9075.231   140320.053    fast 
CLKXOR2X2            3      27.248      474.507    fast 
DFFQX1            2051   32600.440   372736.422    fast 
DFFQX2               2      33.304      447.900    fast 
DFFRHQX1             1      20.436      171.214    fast 
DFFRX1               1      21.950      222.699    fast 
DFFTRXL            128    2615.846    28868.225    fast 
INVX1             1697    3853.378    50053.353    fast 
INVX2              584    2210.148    34456.058    fast 
INVX3               58     263.401     5128.859    fast 
INVX4                7      42.386      824.348    fast 
INVX6                2      13.624      337.026    fast 
INVXL             1481    3362.907    31059.976    fast 
MX2X1              151    1028.627    13115.724    fast 
MXI2X1             512    3487.795    33986.817    fast 
MXI2X2               3      29.519      474.645    fast 
MXI2XL            4167   25232.018   231629.779    fast 
NAND2BX1          1805    8197.227   130971.526    fast 
NAND2BX2           262    1784.770    30180.304    fast 
NAND2BX4            52     590.382    10305.048    fast 
NAND2BXL           226    1026.356    13537.581    fast 
NAND2X1            966    3655.827    28573.508    fast 
NAND2X2            706    4274.971    41611.639    fast 
NAND2X4             60     590.382     7072.140    fast 
NAND2X6              2      28.762      337.592    fast 
NAND2XL          13934   42186.578   292248.943    fast 
NAND3BX1           404    2446.301    28578.395    fast 
NAND3BX2            19     172.573     2153.213    fast 
NAND3BX4             3      47.685      595.983    fast 
NAND3X1            948    4305.247    28126.877    fast 
NAND3X2             13     108.237      769.380    fast 
NAND3X4              1      14.381      118.283    fast 
NAND3XL            259    1176.223     5445.552    fast 
NAND4BBX1            4      36.331      503.740    fast 
NAND4BBXL          210    1748.439    23936.850    fast 
NAND4BX1            12      90.828      837.227    fast 
NAND4BXL          1575   10729.058    91126.977    fast 
NAND4X1             10      60.552      297.631    fast 
NAND4X2              1      11.354       59.152    fast 
NAND4XL           3296   17463.197    69308.614    fast 
NOR2BX1           1557    7070.960    77609.599    fast 
NOR2BX2             37     252.048     3668.310    fast 
NOR2BXL             66     299.732     2347.646    fast 
NOR2X1             367    1388.911    18118.276    fast 
NOR2X2             154     932.501    15181.336    fast 
NOR2X4               4      39.359      787.352    fast 
NOR2X6               1      12.867      281.679    fast 
NOR2XL           13644   41308.574   481871.984    fast 
NOR3BX1            335    2028.492    21302.516    fast 
NOR3BX2              4      39.359      507.356    fast 
NOR3BX4              1      17.409      253.435    fast 
NOR3BXL            176    1065.715     7968.206    fast 
NOR3X1            1621    7361.609   102759.727    fast 
NOR3X2              19     172.573     2399.092    fast 
NOR3XL              25     113.535     1126.790    fast 
NOR4BBX1            77     641.094     5626.575    fast 
NOR4BBXL            62     516.206     3225.811    fast 
NOR4BX1            930    6335.253    67888.978    fast 
NOR4BXL            216    1471.414    11178.129    fast 
NOR4X1            2083   12612.982   151358.479    fast 
NOR4X2               1       9.840      144.658    fast 
NOR4XL               4      24.221      206.145    fast 
OA21X1             251    1709.837    14466.661    fast 
OA21X2               1       8.326       87.146    fast 
OA21X4               1       9.840      157.635    fast 
OA21XL             386    2629.471    18940.751    fast 
OA22X1             168    1271.592    14136.830    fast 
OA22XL             129     976.401     9915.856    fast 
OAI211X1          2583   13685.509    75904.299    fast 
OAI211X2             8      90.828      469.570    fast 
OAI211X4             1      19.679      117.131    fast 
OAI211XL           139     736.464     2900.902    fast 
OAI21X1           3165   14373.531    92683.227    fast 
OAI21X2            171    1423.729    10018.001    fast 
OAI21X4             17     244.479     1988.422    fast 
OAI21XL           1411    6407.915    29424.006    fast 
OAI221X1          1183    8954.127    34476.051    fast 
OAI221X2             2      27.248      116.537    fast 
OAI221XL           148    1120.212     3064.222    fast 
OAI222X1             1       9.083       48.434    fast 
OAI222XL           957    7967.886    33027.601    fast 
OAI22X1           1673   10130.350    81736.923    fast 
OAI22X2             10      98.397      975.524    fast 
OAI22X4              5     102.181      973.025    fast 
OAI22XL           1029    6230.801    35811.566    fast 
OAI2BB1X1          838    4439.975    25546.262    fast 
OAI2BB1X2          129     976.401     7722.843    fast 
OAI2BB1X4           15     181.656     1789.245    fast 
OAI2BB1XL          306    1621.280     8908.884    fast 
OAI2BB2X1           24     236.153     3094.392    fast 
OAI2BB2X2           31     445.814     5660.383    fast 
OAI2BB2X4            3      68.121      947.736    fast 
OAI31X1            277    1677.290     8443.403    fast 
OAI31X2             37     420.079     2257.892    fast 
OAI31X4              1      20.436      121.751    fast 
OAI31XL             18     108.994      396.342    fast 
OAI32X1             10      68.121      488.440    fast 
OAI32XL             19     129.430      663.438    fast 
OR2X1              495    2247.993    42303.591    fast 
OR2X2              107     566.918    12308.852    fast 
OR2X4               29     241.451     5734.576    fast 
OR2X6                3      34.061      985.821    fast 
OR2XL              103     467.764     7924.490    fast 
OR3X1                9      54.497     1019.421    fast 
OR3X2                5      34.060      713.955    fast 
OR3X4                1       9.083      237.267    fast 
OR3XL               76     460.195     7959.784    fast 
OR4X1                3      20.436      422.766    fast 
OR4XL              318    2166.248    42095.886    fast 
SDFFQX1            516   10545.131   132891.148    fast 
SDFFQX2              1      21.950      299.927    fast 
SDFFRHQX1          113    2822.480    30376.999    fast 
SDFFRHQX2           13     334.550     3980.834    fast 
SDFFRHQX4            1      31.790      380.192    fast 
SDFFRX2              1      28.762      377.863    fast 
TLATNTSCAX2          6     104.452     1266.462    fast 
XNOR2X1            721    6002.974   102891.022    fast 
XNOR2X2             30     317.898     5962.350    fast 
XNOR2X4              7      79.475     1971.739    fast 
XNOR2XL            270    2247.993    34032.149    fast 
XNOR3X1            653   14827.672   233807.300    fast 
XNOR3XL             21     476.847     7461.594    fast 
XOR2X1               6      49.955      772.404    fast 
XOR2XL             182    1515.314    23182.250    fast 
XOR3X1             296    6721.272   105605.696    fast 
XOR3XL               5     113.535     1759.275    fast 
--------------------------------------------------------
total           106370  550005.927  5446335.702         


                                                           Leakage   Leakage 
            Type             Instances    Area    Area %  Power (nW) Power % 
-----------------------------------------------------------------------------
sequential                        2828  49076.639    8.9  570753.422    10.5 
inverter                         14373  34379.155    6.3  447874.192     8.2 
buffer                             560   2723.326    0.5   53949.433     1.0 
clock_gating_integrated_cell         6    104.452    0.0    1266.462     0.0 
logic                            88603 463722.355   84.3 4372492.194    80.3 
physical_cells                       0      0.000    0.0       0.000     0.0 
-----------------------------------------------------------------------------
total                           106370 550005.927  100.0 5446335.702   100.0 

