============================================================
  Generated by:           Genus(TM) Synthesis Solution 17.22-s017_1
  Generated on:           Mar 18 2019  07:55:14 pm
  Module:                 Hybrid_Decryption_Top
  Technology libraries:   fast 
                          slow 
  Operating conditions:   fast (balanced_tree)
  Wireload mode:          enclosed
  Area mode:              timing library
============================================================

       Instance             Module       Cell Count  Cell Area  Net Area   Total Area  Wireload     
----------------------------------------------------------------------------------------------------
Hybrid_Decryption_Top                        106370 550005.927     0.000   550005.927    <none> (D) 
  aes_uut              AES_Decryption         97624 486032.739     0.000   486032.739    <none> (D) 
    block1_step2_ex14  inverseSbox_3781         569   2490.958     0.000     2490.958    <none> (D) 
    block1_step2_ex2   inverseSbox_3793         545   2468.251     0.000     2468.251    <none> (D) 
    block1_step2_ex8   inverseSbox_3787         558   2467.494     0.000     2467.494    <none> (D) 
    block1_step2_ex15  inverseSbox_3780         559   2456.897     0.000     2456.897    <none> (D) 
    block1_step2_ex13  inverseSbox_3782         552   2450.085     0.000     2450.085    <none> (D) 
    block1_step2_ex7   inverseSbox_3788         532   2445.544     0.000     2445.544    <none> (D) 
    block1_step2_ex12  inverseSbox_3783         563   2441.003     0.000     2441.003    <none> (D) 
    block1_step2_ex6   inverseSbox_3789         556   2437.975     0.000     2437.975    <none> (D) 
    block1_step2_ex4   inverseSbox_3791         550   2405.428     0.000     2405.428    <none> (D) 
    block1_step2_ex9   inverseSbox_3786         549   2388.776     0.000     2388.776    <none> (D) 
    block1_step2_ex3   inverseSbox_3792         548   2386.506     0.000     2386.506    <none> (D) 
    block1_step2_ex5   inverseSbox_3790         537   2383.478     0.000     2383.478    <none> (D) 
    block1_step2_ex16  inverseSbox_3779         536   2378.180     0.000     2378.180    <none> (D) 
    block1_step2_ex10  inverseSbox_3785         538   2375.152     0.000     2375.152    <none> (D) 
    block1_step2_ex1   inverseSbox              534   2321.412     0.000     2321.412    <none> (D) 
    block1_step2_ex11  inverseSbox_3784         537   2282.810     0.000     2282.810    <none> (D) 
    block2_step2_ex14  inverseSbox_3749         432   1959.614     0.000     1959.614    <none> (D) 
    block6_step2_ex5   inverseSbox_3694         427   1957.343     0.000     1957.343    <none> (D) 
    block5_step2_ex14  inverseSbox_3701         432   1956.586     0.000     1956.586    <none> (D) 
    block7_step2_ex6   inverseSbox_3677         428   1954.316     0.000     1954.316    <none> (D) 
    block7_step2_ex8   inverseSbox_3675         429   1953.559     0.000     1953.559    <none> (D) 
    block7_step2_ex2   inverseSbox_3681         431   1947.504     0.000     1947.504    <none> (D) 
    block3_step2_ex5   inverseSbox_3742         419   1945.990     0.000     1945.990    <none> (D) 
    block5_step2_ex13  inverseSbox_3702         423   1945.233     0.000     1945.233    <none> (D) 
    block5_step2_ex16  inverseSbox_3699         426   1939.178     0.000     1939.178    <none> (D) 
    block5_step2_ex2   inverseSbox_3713         424   1937.664     0.000     1937.664    <none> (D) 
    block2_step2_ex16  inverseSbox_3747         425   1936.907     0.000     1936.907    <none> (D) 
    block6_step2_ex13  inverseSbox_3686         427   1936.150     0.000     1936.150    <none> (D) 
    block5_step2_ex7   inverseSbox_3708         427   1935.393     0.000     1935.393    <none> (D) 
    block3_step2_ex12  inverseSbox_3735         430   1933.123     0.000     1933.123    <none> (D) 
    block4_step2_ex3   inverseSbox_3728         427   1932.366     0.000     1932.366    <none> (D) 
    block5_step2_ex6   inverseSbox_3709         418   1931.609     0.000     1931.609    <none> (D) 
    block8_step2_ex1   inverseSbox_3666         419   1931.609     0.000     1931.609    <none> (D) 
    block3_step2_ex6   inverseSbox_3741         423   1930.852     0.000     1930.852    <none> (D) 
    block4_step2_ex14  inverseSbox_3717         429   1930.095     0.000     1930.095    <none> (D) 
    block3_step2_ex15  inverseSbox_3732         421   1930.095     0.000     1930.095    <none> (D) 
    block8_step2_ex3   inverseSbox_3664         419   1930.095     0.000     1930.095    <none> (D) 
    block2_step2_ex3   inverseSbox_3760         423   1929.338     0.000     1929.338    <none> (D) 
    block8_step2_ex7   inverseSbox_3660         424   1929.338     0.000     1929.338    <none> (D) 
    block6_step2_ex10  inverseSbox_3689         421   1928.581     0.000     1928.581    <none> (D) 
    block5_step2_ex1   inverseSbox_3714         426   1928.581     0.000     1928.581    <none> (D) 
    block7_step2_ex1   inverseSbox_3682         422   1927.824     0.000     1927.824    <none> (D) 
    block6_step2_ex4   inverseSbox_3695         424   1927.824     0.000     1927.824    <none> (D) 
    block6_step2_ex3   inverseSbox_3696         424   1927.824     0.000     1927.824    <none> (D) 
    block3_step2_ex2   inverseSbox_3745         431   1927.067     0.000     1927.067    <none> (D) 
    block9_step2_ex9   inverseSbox_3642         422   1927.067     0.000     1927.067    <none> (D) 
    block5_step2_ex8   inverseSbox_3707         419   1926.311     0.000     1926.311    <none> (D) 
    block2_step2_ex1   inverseSbox_3762         421   1925.554     0.000     1925.554    <none> (D) 
    block5_step2_ex3   inverseSbox_3712         423   1922.526     0.000     1922.526    <none> (D) 
    block2_step2_ex13  inverseSbox_3750         422   1922.526     0.000     1922.526    <none> (D) 
    block2_step2_ex2   inverseSbox_3761         422   1922.526     0.000     1922.526    <none> (D) 
    block9_step2_ex7   inverseSbox_3644         424   1921.769     0.000     1921.769    <none> (D) 
    block9_step2_ex3   inverseSbox_3648         424   1921.769     0.000     1921.769    <none> (D) 
    block9_step2_ex1   inverseSbox_3650         424   1921.769     0.000     1921.769    <none> (D) 
    block8_step2_ex6   inverseSbox_3661         418   1921.769     0.000     1921.769    <none> (D) 
    block2_step2_ex15  inverseSbox_3748         422   1921.012     0.000     1921.012    <none> (D) 
    block3_step2_ex10  inverseSbox_3737         418   1920.255     0.000     1920.255    <none> (D) 
    block3_step2_ex4   inverseSbox_3743         413   1920.255     0.000     1920.255    <none> (D) 
    block9_step2_ex16  inverseSbox_3635         424   1920.255     0.000     1920.255    <none> (D) 
    block9_step2_ex14  inverseSbox_3637         424   1920.255     0.000     1920.255    <none> (D) 
    block9_step2_ex4   inverseSbox_3647         424   1920.255     0.000     1920.255    <none> (D) 
    block9_step2_ex2   inverseSbox_3649         424   1920.255     0.000     1920.255    <none> (D) 
    block7_step2_ex15  inverseSbox_3668         420   1920.255     0.000     1920.255    <none> (D) 
    block7_step2_ex4   inverseSbox_3679         423   1919.498     0.000     1919.498    <none> (D) 
    block8_step2_ex8   inverseSbox_3659         421   1918.742     0.000     1918.742    <none> (D) 
    block5_step2_ex5   inverseSbox_3710         422   1917.985     0.000     1917.985    <none> (D) 
    block8_step2_ex16  inverseSbox_3651         420   1917.985     0.000     1917.985    <none> (D) 
    block8_step2_ex14  inverseSbox_3653         420   1917.985     0.000     1917.985    <none> (D) 
    block8_step2_ex13  inverseSbox_3654         420   1917.985     0.000     1917.985    <none> (D) 
    block8_step2_ex5   inverseSbox_3662         420   1917.985     0.000     1917.985    <none> (D) 
    block3_step2_ex13  inverseSbox_3734         423   1917.228     0.000     1917.228    <none> (D) 
    block9_step2_ex12  inverseSbox_3639         424   1917.228     0.000     1917.228    <none> (D) 
    block9_step2_ex11  inverseSbox_3640         424   1917.228     0.000     1917.228    <none> (D) 
    block9_step2_ex10  inverseSbox_3641         424   1917.228     0.000     1917.228    <none> (D) 
    block9_step2_ex5   inverseSbox_3646         423   1916.471     0.000     1916.471    <none> (D) 
    block6_step2_ex7   inverseSbox_3692         425   1916.471     0.000     1916.471    <none> (D) 
    block6_step2_ex2   inverseSbox_3697         418   1916.471     0.000     1916.471    <none> (D) 
    block4_step2_ex8   inverseSbox_3723         424   1915.714     0.000     1915.714    <none> (D) 
    block4_step2_ex5   inverseSbox_3726         420   1915.714     0.000     1915.714    <none> (D) 
    block7_step2_ex16  inverseSbox_3667         426   1915.714     0.000     1915.714    <none> (D) 
    block6_step2_ex12  inverseSbox_3687         423   1915.714     0.000     1915.714    <none> (D) 
    block4_step2_ex16  inverseSbox_3715         424   1914.957     0.000     1914.957    <none> (D) 
    block8_step2_ex9   inverseSbox_3658         419   1914.957     0.000     1914.957    <none> (D) 
    block8_step2_ex2   inverseSbox_3665         419   1914.957     0.000     1914.957    <none> (D) 
    block6_step2_ex11  inverseSbox_3688         421   1914.957     0.000     1914.957    <none> (D) 
    block5_step2_ex12  inverseSbox_3703         420   1914.200     0.000     1914.200    <none> (D) 
    block3_step2_ex1   inverseSbox_3746         420   1914.200     0.000     1914.200    <none> (D) 
    block6_step2_ex8   inverseSbox_3691         422   1914.200     0.000     1914.200    <none> (D) 
    block5_step2_ex10  inverseSbox_3705         419   1913.443     0.000     1913.443    <none> (D) 
    block3_step2_ex7   inverseSbox_3740         415   1913.443     0.000     1913.443    <none> (D) 
    block2_step2_ex12  inverseSbox_3751         421   1913.443     0.000     1913.443    <none> (D) 
    block2_step2_ex11  inverseSbox_3752         414   1913.443     0.000     1913.443    <none> (D) 
    block8_step2_ex12  inverseSbox_3655         419   1913.443     0.000     1913.443    <none> (D) 
    block8_step2_ex11  inverseSbox_3656         419   1913.443     0.000     1913.443    <none> (D) 
    block8_step2_ex10  inverseSbox_3657         419   1913.443     0.000     1913.443    <none> (D) 
    block5_step2_ex11  inverseSbox_3704         418   1912.686     0.000     1912.686    <none> (D) 
    block3_step2_ex9   inverseSbox_3738         422   1912.686     0.000     1912.686    <none> (D) 
    block2_step2_ex4   inverseSbox_3759         423   1912.686     0.000     1912.686    <none> (D) 
    block9_step2_ex8   inverseSbox_3643         423   1912.686     0.000     1912.686    <none> (D) 
    block9_step2_ex6   inverseSbox_3645         423   1912.686     0.000     1912.686    <none> (D) 
    block4_step2_ex12  inverseSbox_3719         424   1911.929     0.000     1911.929    <none> (D) 
    block4_step2_ex11  inverseSbox_3720         416   1911.929     0.000     1911.929    <none> (D) 
    block4_step2_ex1   inverseSbox_3730         422   1911.929     0.000     1911.929    <none> (D) 
    block7_step2_ex5   inverseSbox_3678         416   1911.929     0.000     1911.929    <none> (D) 
    block6_step2_ex14  inverseSbox_3685         418   1911.929     0.000     1911.929    <none> (D) 
    block5_step2_ex4   inverseSbox_3711         423   1911.172     0.000     1911.172    <none> (D) 
    block3_step2_ex14  inverseSbox_3733         424   1911.172     0.000     1911.172    <none> (D) 
    block2_step2_ex7   inverseSbox_3756         418   1911.172     0.000     1911.172    <none> (D) 
    block6_step2_ex15  inverseSbox_3684         419   1910.416     0.000     1910.416    <none> (D) 
    block4_step2_ex2   inverseSbox_3729         421   1910.416     0.000     1910.416    <none> (D) 
    block9_step2_ex15  inverseSbox_3636         418   1910.416     0.000     1910.416    <none> (D) 
    block9_step2_ex13  inverseSbox_3638         418   1910.416     0.000     1910.416    <none> (D) 
    block8_step2_ex4   inverseSbox_3663         419   1910.416     0.000     1910.416    <none> (D) 
    block7_step2_ex7   inverseSbox_3676         423   1910.416     0.000     1910.416    <none> (D) 
    block4_step2_ex10  inverseSbox_3721         423   1908.902     0.000     1908.902    <none> (D) 
    block3_step2_ex16  inverseSbox_3731         416   1908.902     0.000     1908.902    <none> (D) 
    block3_step2_ex3   inverseSbox_3744         416   1908.902     0.000     1908.902    <none> (D) 
    block6_step2_ex16  inverseSbox_3683         414   1908.902     0.000     1908.902    <none> (D) 
    block4_step2_ex7   inverseSbox_3724         416   1908.145     0.000     1908.145    <none> (D) 
    block8_step2_ex15  inverseSbox_3652         417   1908.145     0.000     1908.145    <none> (D) 
    block6_step2_ex6   inverseSbox_3693         418   1907.388     0.000     1907.388    <none> (D) 
    block3_step2_ex11  inverseSbox_3736         418   1906.631     0.000     1906.631    <none> (D) 
    block10_step2_ex16 inverseSbox_3763         425   1906.631     0.000     1906.631    <none> (D) 
    block10_step2_ex15 inverseSbox_3764         425   1906.631     0.000     1906.631    <none> (D) 
    block10_step2_ex14 inverseSbox_3765         425   1906.631     0.000     1906.631    <none> (D) 
    block10_step2_ex13 inverseSbox_3766         425   1906.631     0.000     1906.631    <none> (D) 
    block10_step2_ex12 inverseSbox_3767         425   1906.631     0.000     1906.631    <none> (D) 
    block10_step2_ex11 inverseSbox_3768         425   1906.631     0.000     1906.631    <none> (D) 
    block10_step2_ex10 inverseSbox_3769         425   1906.631     0.000     1906.631    <none> (D) 
    block10_step2_ex9  inverseSbox_3770         425   1906.631     0.000     1906.631    <none> (D) 
    block10_step2_ex8  inverseSbox_3771         425   1906.631     0.000     1906.631    <none> (D) 
    block10_step2_ex7  inverseSbox_3772         425   1906.631     0.000     1906.631    <none> (D) 
    block10_step2_ex6  inverseSbox_3773         425   1906.631     0.000     1906.631    <none> (D) 
    block10_step2_ex5  inverseSbox_3774         425   1906.631     0.000     1906.631    <none> (D) 
    block10_step2_ex4  inverseSbox_3775         425   1906.631     0.000     1906.631    <none> (D) 
    block10_step2_ex3  inverseSbox_3776         425   1906.631     0.000     1906.631    <none> (D) 
    block10_step2_ex2  inverseSbox_3777         425   1906.631     0.000     1906.631    <none> (D) 
    block10_step2_ex1  inverseSbox_3778         425   1906.631     0.000     1906.631    <none> (D) 
    block7_step2_ex3   inverseSbox_3680         414   1906.631     0.000     1906.631    <none> (D) 
    block6_step2_ex1   inverseSbox_3698         414   1906.631     0.000     1906.631    <none> (D) 
    block4_step2_ex6   inverseSbox_3725         419   1905.874     0.000     1905.874    <none> (D) 
    block5_step2_ex9   inverseSbox_3706         420   1905.117     0.000     1905.117    <none> (D) 
    block3_step2_ex8   inverseSbox_3739         420   1905.117     0.000     1905.117    <none> (D) 
    block2_step2_ex8   inverseSbox_3755         415   1905.117     0.000     1905.117    <none> (D) 
    block7_step2_ex14  inverseSbox_3669         416   1904.360     0.000     1904.360    <none> (D) 
    block2_step2_ex5   inverseSbox_3758         413   1902.090     0.000     1902.090    <none> (D) 
    block4_step2_ex4   inverseSbox_3727         419   1900.576     0.000     1900.576    <none> (D) 
    block5_step2_ex15  inverseSbox_3700         403   1899.819     0.000     1899.819    <none> (D) 
    block7_step2_ex10  inverseSbox_3673         417   1899.819     0.000     1899.819    <none> (D) 
    block7_step2_ex13  inverseSbox_3670         418   1899.062     0.000     1899.062    <none> (D) 
    block7_step2_ex12  inverseSbox_3671         417   1899.062     0.000     1899.062    <none> (D) 
    block2_step2_ex9   inverseSbox_3754         412   1898.305     0.000     1898.305    <none> (D) 
    block6_step2_ex9   inverseSbox_3690         415   1897.548     0.000     1897.548    <none> (D) 
    block7_step2_ex9   inverseSbox_3674         417   1895.278     0.000     1895.278    <none> (D) 
    block4_step2_ex15  inverseSbox_3716         415   1894.521     0.000     1894.521    <none> (D) 
    block4_step2_ex13  inverseSbox_3718         417   1893.764     0.000     1893.764    <none> (D) 
    block2_step2_ex10  inverseSbox_3753         406   1893.764     0.000     1893.764    <none> (D) 
    block2_step2_ex6   inverseSbox_3757         415   1891.493     0.000     1891.493    <none> (D) 
    block7_step2_ex11  inverseSbox_3672         414   1889.222     0.000     1889.222    <none> (D) 
    block4_step2_ex9   inverseSbox_3722         409   1885.438     0.000     1885.438    <none> (D) 
  ecc_uut_k1           multiplier              8483  60389.267     0.000    60389.267    <none> (D) 

 (D) = wireload is default in technology library
