============================================================
  Generated by:           Genus(TM) Synthesis Solution 21.14-s082_1
  Generated on:           Jun 21 2025  01:00:18 am
  Module:                 Hybrid_Decryption_Top
  Technology libraries:   fast 
                          slow 
  Operating conditions:   fast (balanced_tree)
  Wireload mode:          enclosed
  Area mode:              timing library
============================================================

       Instance                   Module             Cell Count   Cell Area  Net Area   Total Area   Wireload  
---------------------------------------------------------------------------------------------------------------
Hybrid_Decryption_Top                                    202398 1598128.880     0.000  1598128.880 <none> (D)  
  aes_uut              AES_Decryption                    181988 1412834.438     0.000  1412834.438 <none> (D)  
    block1_step2_ex1   inverseSbox                          879    6706.058     0.000     6706.058 <none> (D)  
    block1_step2_ex2   inverseSbox_2845                     880    6713.687     0.000     6713.687 <none> (D)  
    block1_step2_ex3   inverseSbox_2844                     875    6675.541     0.000     6675.541 <none> (D)  
    block1_step2_ex4   inverseSbox_2843                     859    6553.474     0.000     6553.474 <none> (D)  
    block1_step2_ex5   inverseSbox_2842                     886    6759.462     0.000     6759.462 <none> (D)  
    block1_step2_ex6   inverseSbox_2841                     854    6515.328     0.000     6515.328 <none> (D)  
    block1_step2_ex7   inverseSbox_2840                     877    6690.800     0.000     6690.800 <none> (D)  
    block1_step2_ex8   inverseSbox_2839                     884    6744.204     0.000     6744.204 <none> (D)  
    block1_step2_ex9   inverseSbox_2838                     884    6744.204     0.000     6744.204 <none> (D)  
    block1_step2_ex10  inverseSbox_2837                     873    6660.283     0.000     6660.283 <none> (D)  
    block1_step2_ex11  inverseSbox_2836                     884    6744.204     0.000     6744.204 <none> (D)  
    block1_step2_ex12  inverseSbox_2835                     878    6698.429     0.000     6698.429 <none> (D)  
    block1_step2_ex13  inverseSbox_2834                     875    6675.541     0.000     6675.541 <none> (D)  
    block1_step2_ex14  inverseSbox_2833                     883    6736.575     0.000     6736.575 <none> (D)  
    block1_step2_ex15  inverseSbox_2832                     880    6713.687     0.000     6713.687 <none> (D)  
    block1_step2_ex16  inverseSbox_2831                     871    6645.024     0.000     6645.024 <none> (D)  
    block2_step2_ex1   inverseSbox_2814                     836    6378.003     0.000     6378.003 <none> (D)  
    block2_step2_ex2   inverseSbox_2813                     844    6439.036     0.000     6439.036 <none> (D)  
    block2_step2_ex3   inverseSbox_2812                     843    6431.407     0.000     6431.407 <none> (D)  
    block2_step2_ex4   inverseSbox_2811                     844    6439.036     0.000     6439.036 <none> (D)  
    block2_step2_ex5   inverseSbox_2810                     841    6416.149     0.000     6416.149 <none> (D)  
    block2_step2_ex6   inverseSbox_2809                     844    6439.036     0.000     6439.036 <none> (D)  
    block2_step2_ex7   inverseSbox_2808                     845    6446.666     0.000     6446.666 <none> (D)  
    block2_step2_ex8   inverseSbox_2807                     843    6431.407     0.000     6431.407 <none> (D)  
    block2_step2_ex9   inverseSbox_2806                     845    6446.666     0.000     6446.666 <none> (D)  
    block2_step2_ex10  inverseSbox_2805                     845    6446.666     0.000     6446.666 <none> (D)  
    block2_step2_ex11  inverseSbox_2804                     855    6522.957     0.000     6522.957 <none> (D)  
    block2_step2_ex12  inverseSbox_2803                     843    6431.407     0.000     6431.407 <none> (D)  
    block2_step2_ex13  inverseSbox_2802                     842    6423.778     0.000     6423.778 <none> (D)  
    block2_step2_ex14  inverseSbox_2801                     842    6423.778     0.000     6423.778 <none> (D)  
    block2_step2_ex15  inverseSbox_2800                     843    6431.407     0.000     6431.407 <none> (D)  
    block2_step2_ex16  inverseSbox_2799                     843    6431.407     0.000     6431.407 <none> (D)  
    block3_step2_ex1   inverseSbox_2798                     843    6431.407     0.000     6431.407 <none> (D)  
    block3_step2_ex2   inverseSbox_2797                     844    6439.036     0.000     6439.036 <none> (D)  
    block3_step2_ex3   inverseSbox_2796                     840    6408.520     0.000     6408.520 <none> (D)  
    block3_step2_ex4   inverseSbox_2795                     844    6439.036     0.000     6439.036 <none> (D)  
    block3_step2_ex5   inverseSbox_2794                     844    6439.036     0.000     6439.036 <none> (D)  
    block3_step2_ex6   inverseSbox_2793                     845    6446.666     0.000     6446.666 <none> (D)  
    block3_step2_ex7   inverseSbox_2792                     845    6446.666     0.000     6446.666 <none> (D)  
    block3_step2_ex8   inverseSbox_2791                     841    6416.149     0.000     6416.149 <none> (D)  
    block3_step2_ex9   inverseSbox_2790                     847    6461.924     0.000     6461.924 <none> (D)  
    block3_step2_ex10  inverseSbox_2789                     845    6446.666     0.000     6446.666 <none> (D)  
    block3_step2_ex11  inverseSbox_2788                     849    6477.182     0.000     6477.182 <none> (D)  
    block3_step2_ex12  inverseSbox_2787                     839    6400.890     0.000     6400.890 <none> (D)  
    block3_step2_ex13  inverseSbox_2786                     842    6423.778     0.000     6423.778 <none> (D)  
    block3_step2_ex14  inverseSbox_2785                     842    6423.778     0.000     6423.778 <none> (D)  
    block3_step2_ex15  inverseSbox_2784                     843    6431.407     0.000     6431.407 <none> (D)  
    block3_step2_ex16  inverseSbox_2783                     843    6431.407     0.000     6431.407 <none> (D)  
    block4_step2_ex1   inverseSbox_2782                     844    6439.036     0.000     6439.036 <none> (D)  
    block4_step2_ex2   inverseSbox_2781                     849    6477.182     0.000     6477.182 <none> (D)  
    block4_step2_ex3   inverseSbox_2780                     844    6439.036     0.000     6439.036 <none> (D)  
    block4_step2_ex4   inverseSbox_2779                     845    6446.666     0.000     6446.666 <none> (D)  
    block4_step2_ex5   inverseSbox_2778                     841    6416.149     0.000     6416.149 <none> (D)  
    block4_step2_ex6   inverseSbox_2777                     842    6423.778     0.000     6423.778 <none> (D)  
    block4_step2_ex7   inverseSbox_2776                     844    6439.036     0.000     6439.036 <none> (D)  
    block4_step2_ex8   inverseSbox_2775                     843    6431.407     0.000     6431.407 <none> (D)  
    block4_step2_ex9   inverseSbox_2774                     843    6431.407     0.000     6431.407 <none> (D)  
    block4_step2_ex10  inverseSbox_2773                     843    6431.407     0.000     6431.407 <none> (D)  
    block4_step2_ex11  inverseSbox_2772                     851    6492.441     0.000     6492.441 <none> (D)  
    block4_step2_ex12  inverseSbox_2771                     843    6431.407     0.000     6431.407 <none> (D)  
    block4_step2_ex13  inverseSbox_2770                     844    6439.036     0.000     6439.036 <none> (D)  
    block4_step2_ex14  inverseSbox_2769                     843    6431.407     0.000     6431.407 <none> (D)  
    block4_step2_ex15  inverseSbox_2768                     844    6439.036     0.000     6439.036 <none> (D)  
    block4_step2_ex16  inverseSbox_2767                     850    6484.811     0.000     6484.811 <none> (D)  
    block5_step2_ex1   inverseSbox_2766                     844    6439.036     0.000     6439.036 <none> (D)  
    block5_step2_ex2   inverseSbox_2765                     849    6477.182     0.000     6477.182 <none> (D)  
    block5_step2_ex3   inverseSbox_2764                     844    6439.036     0.000     6439.036 <none> (D)  
    block5_step2_ex4   inverseSbox_2763                     845    6446.666     0.000     6446.666 <none> (D)  
    block5_step2_ex5   inverseSbox_2762                     841    6416.149     0.000     6416.149 <none> (D)  
    block5_step2_ex6   inverseSbox_2761                     842    6423.778     0.000     6423.778 <none> (D)  
    block5_step2_ex7   inverseSbox_2760                     844    6439.036     0.000     6439.036 <none> (D)  
    block5_step2_ex8   inverseSbox_2759                     843    6431.407     0.000     6431.407 <none> (D)  
    block5_step2_ex9   inverseSbox_2758                     843    6431.407     0.000     6431.407 <none> (D)  
    block5_step2_ex10  inverseSbox_2757                     843    6431.407     0.000     6431.407 <none> (D)  
    block5_step2_ex11  inverseSbox_2756                     851    6492.441     0.000     6492.441 <none> (D)  
    block5_step2_ex12  inverseSbox_2755                     843    6431.407     0.000     6431.407 <none> (D)  
    block5_step2_ex13  inverseSbox_2754                     844    6439.036     0.000     6439.036 <none> (D)  
    block5_step2_ex14  inverseSbox_2753                     843    6431.407     0.000     6431.407 <none> (D)  
    block5_step2_ex15  inverseSbox_2752                     844    6439.036     0.000     6439.036 <none> (D)  
    block5_step2_ex16  inverseSbox_2751                     850    6484.811     0.000     6484.811 <none> (D)  
    block6_step2_ex1   inverseSbox_2750                     844    6439.036     0.000     6439.036 <none> (D)  
    block6_step2_ex2   inverseSbox_2749                     849    6477.182     0.000     6477.182 <none> (D)  
    block6_step2_ex3   inverseSbox_2748                     844    6439.036     0.000     6439.036 <none> (D)  
    block6_step2_ex4   inverseSbox_2747                     845    6446.666     0.000     6446.666 <none> (D)  
    block6_step2_ex5   inverseSbox_2746                     844    6439.036     0.000     6439.036 <none> (D)  
    block6_step2_ex6   inverseSbox_2745                     843    6431.407     0.000     6431.407 <none> (D)  
    block6_step2_ex7   inverseSbox_2744                     844    6439.036     0.000     6439.036 <none> (D)  
    block6_step2_ex8   inverseSbox_2743                     846    6454.295     0.000     6454.295 <none> (D)  
    block6_step2_ex9   inverseSbox_2742                     845    6446.666     0.000     6446.666 <none> (D)  
    block6_step2_ex10  inverseSbox_2741                     843    6431.407     0.000     6431.407 <none> (D)  
    block6_step2_ex11  inverseSbox_2740                     845    6446.666     0.000     6446.666 <none> (D)  
    block6_step2_ex12  inverseSbox_2739                     846    6454.295     0.000     6454.295 <none> (D)  
    block6_step2_ex13  inverseSbox_2738                     851    6492.441     0.000     6492.441 <none> (D)  
    block6_step2_ex14  inverseSbox_2737                     845    6446.666     0.000     6446.666 <none> (D)  
    block6_step2_ex15  inverseSbox_2736                     849    6477.182     0.000     6477.182 <none> (D)  
    block6_step2_ex16  inverseSbox_2735                     845    6446.666     0.000     6446.666 <none> (D)  
    block7_step2_ex1   inverseSbox_2734                     844    6439.036     0.000     6439.036 <none> (D)  
    block7_step2_ex2   inverseSbox_2733                     849    6477.182     0.000     6477.182 <none> (D)  
    block7_step2_ex3   inverseSbox_2732                     844    6439.036     0.000     6439.036 <none> (D)  
    block7_step2_ex4   inverseSbox_2731                     845    6446.666     0.000     6446.666 <none> (D)  
    block7_step2_ex5   inverseSbox_2730                     844    6439.036     0.000     6439.036 <none> (D)  
    block7_step2_ex6   inverseSbox_2729                     843    6431.407     0.000     6431.407 <none> (D)  
    block7_step2_ex7   inverseSbox_2728                     844    6439.036     0.000     6439.036 <none> (D)  
    block7_step2_ex8   inverseSbox_2727                     846    6454.295     0.000     6454.295 <none> (D)  
    block7_step2_ex9   inverseSbox_2726                     845    6446.666     0.000     6446.666 <none> (D)  
    block7_step2_ex10  inverseSbox_2725                     843    6431.407     0.000     6431.407 <none> (D)  
    block7_step2_ex11  inverseSbox_2724                     845    6446.666     0.000     6446.666 <none> (D)  
    block7_step2_ex12  inverseSbox_2723                     846    6454.295     0.000     6454.295 <none> (D)  
    block7_step2_ex13  inverseSbox_2722                     851    6492.441     0.000     6492.441 <none> (D)  
    block7_step2_ex14  inverseSbox_2721                     845    6446.666     0.000     6446.666 <none> (D)  
    block7_step2_ex15  inverseSbox_2720                     849    6477.182     0.000     6477.182 <none> (D)  
    block7_step2_ex16  inverseSbox_2719                     845    6446.666     0.000     6446.666 <none> (D)  
    block8_step2_ex1   inverseSbox_2715                     844    6439.036     0.000     6439.036 <none> (D)  
    block8_step2_ex2   inverseSbox_2715                     844    6439.036     0.000     6439.036 <none> (D)  
    block8_step2_ex3   inverseSbox_2715                     844    6439.036     0.000     6439.036 <none> (D)  
    block8_step2_ex4   inverseSbox_2715                     844    6439.036     0.000     6439.036 <none> (D)  
    block8_step2_ex5   inverseSbox_2710                     843    6431.407     0.000     6431.407 <none> (D)  
    block8_step2_ex6   inverseSbox_2707                     843    6431.407     0.000     6431.407 <none> (D)  
    block8_step2_ex7   inverseSbox_2707                     843    6431.407     0.000     6431.407 <none> (D)  
    block8_step2_ex8   inverseSbox_2711                     843    6431.407     0.000     6431.407 <none> (D)  
    block8_step2_ex9   inverseSbox_2710                     843    6431.407     0.000     6431.407 <none> (D)  
    block8_step2_ex10  inverseSbox_2703                     843    6431.407     0.000     6431.407 <none> (D)  
    block8_step2_ex11  inverseSbox_2703                     843    6431.407     0.000     6431.407 <none> (D)  
    block8_step2_ex12  inverseSbox_2707                     843    6431.407     0.000     6431.407 <none> (D)  
    block8_step2_ex13  inverseSbox_2704                     851    6492.441     0.000     6492.441 <none> (D)  
    block8_step2_ex14  inverseSbox_2703                     843    6431.407     0.000     6431.407 <none> (D)  
    block8_step2_ex15  inverseSbox_2704                     851    6492.441     0.000     6492.441 <none> (D)  
    block8_step2_ex16  inverseSbox_2703                     843    6431.407     0.000     6431.407 <none> (D)  
    block9_step2_ex1   inverseSbox_2699                     843    6431.407     0.000     6431.407 <none> (D)  
    block9_step2_ex2   inverseSbox_2699                     843    6431.407     0.000     6431.407 <none> (D)  
    block9_step2_ex3   inverseSbox_2699                     843    6431.407     0.000     6431.407 <none> (D)  
    block9_step2_ex4   inverseSbox_2699                     843    6431.407     0.000     6431.407 <none> (D)  
    block9_step2_ex5   inverseSbox_2694                     844    6439.036     0.000     6439.036 <none> (D)  
    block9_step2_ex6   inverseSbox_2694                     844    6439.036     0.000     6439.036 <none> (D)  
    block9_step2_ex7   inverseSbox_2696                     844    6439.036     0.000     6439.036 <none> (D)  
    block9_step2_ex8   inverseSbox_2694                     844    6439.036     0.000     6439.036 <none> (D)  
    block9_step2_ex9   inverseSbox_2694                     844    6439.036     0.000     6439.036 <none> (D)  
    block9_step2_ex10  inverseSbox_2687                     844    6439.036     0.000     6439.036 <none> (D)  
    block9_step2_ex11  inverseSbox_2687                     844    6439.036     0.000     6439.036 <none> (D)  
    block9_step2_ex12  inverseSbox_2687                     844    6439.036     0.000     6439.036 <none> (D)  
    block9_step2_ex13  inverseSbox_2688                     841    6416.149     0.000     6416.149 <none> (D)  
    block9_step2_ex14  inverseSbox_2687                     844    6439.036     0.000     6439.036 <none> (D)  
    block9_step2_ex15  inverseSbox_2688                     841    6416.149     0.000     6416.149 <none> (D)  
    block9_step2_ex16  inverseSbox_2687                     844    6439.036     0.000     6439.036 <none> (D)  
    block10_step2_ex1  inverseSbox_2815                     843    6431.407     0.000     6431.407 <none> (D)  
    block10_step2_ex2  inverseSbox_2815                     843    6431.407     0.000     6431.407 <none> (D)  
    block10_step2_ex3  inverseSbox_2815                     843    6431.407     0.000     6431.407 <none> (D)  
    block10_step2_ex4  inverseSbox_2815                     843    6431.407     0.000     6431.407 <none> (D)  
    block10_step2_ex5  inverseSbox_2815                     843    6431.407     0.000     6431.407 <none> (D)  
    block10_step2_ex6  inverseSbox_2815                     843    6431.407     0.000     6431.407 <none> (D)  
    block10_step2_ex7  inverseSbox_2815                     843    6431.407     0.000     6431.407 <none> (D)  
    block10_step2_ex8  inverseSbox_2815                     843    6431.407     0.000     6431.407 <none> (D)  
    block10_step2_ex9  inverseSbox_2815                     843    6431.407     0.000     6431.407 <none> (D)  
    block10_step2_ex10 inverseSbox_2815                     843    6431.407     0.000     6431.407 <none> (D)  
    block10_step2_ex11 inverseSbox_2815                     843    6431.407     0.000     6431.407 <none> (D)  
    block10_step2_ex12 inverseSbox_2815                     843    6431.407     0.000     6431.407 <none> (D)  
    block10_step2_ex13 inverseSbox_2815                     843    6431.407     0.000     6431.407 <none> (D)  
    block10_step2_ex14 inverseSbox_2815                     843    6431.407     0.000     6431.407 <none> (D)  
    block10_step2_ex15 inverseSbox_2815                     843    6431.407     0.000     6431.407 <none> (D)  
    block10_step2_ex16 inverseSbox_2815                     843    6431.407     0.000     6431.407 <none> (D)  
  ecc_uut_k1           multiplier                         19892  178857.071     0.000   178857.071 <none> (D)  
    add_118_35         add_unsigned                        4364   33293.785     0.000    33293.785 <none> (D)  
    inc_add_123_38     increment_unsigned_1303_2407        1338   10207.856     0.000    10207.856 <none> (D)  
    sub_118_66         sub_unsigned_3281                   1829   13953.789     0.000    13953.789 <none> (D)  
    sub_148_31         sub_unsigned_3280                   1855   14152.147     0.000    14152.147 <none> (D)  
  (D) = wireload is default in technology library
