============================================================
  Generated by:           Genus(TM) Synthesis Solution 21.14-s082_1
  Generated on:           Jun 21 2025  01:00:18 am
  Module:                 Hybrid_Decryption_Top
  Technology libraries:   fast 
                          slow 
  Operating conditions:   fast (balanced_tree)
  Wireload mode:          enclosed
  Area mode:              timing library
============================================================

Timing
--------

Clock Period 
-------------
clk   1333.0 
VCLK  1333.0 


        Cost          Critical                Violating 
       Group         Path Slack      TNS        Paths   
--------------------------------------------------------
cg_enable_group_clk       604.0          0.0          0 
clk                     -6809.2   -3457956.0       1091 
default                No paths          0.0            
VCLK                      666.3          0.0          0 
--------------------------------------------------------
Total                             -3457956.0       1091 

Instance Count
--------------
Leaf Instance Count             202398 
Physical Instance count              0 
Sequential Instance Count         2834 
Combinational Instance Count    199564 
Hierarchical Instance Count        172 

Area
----
Cell Area                          1598128.880
Physical Cell Area                 0.000
Total Cell Area (Cell+Physical)    1598128.880
Net Area                           0.000
Total Area (Cell+Physical+Net)     1598128.880

Runtime                            59.68921900000001 seconds
Elapsed Runtime                    344 seconds
Genus peak memory usage            2801.11 
Innovus peak memory usage          no_value 
Hostname                           localhost
