============================================================
  Generated by:           Genus(TM) Synthesis Solution 21.14-s082_1
  Generated on:           Jun 21 2025  01:11:27 am
  Module:                 Hybrid_Decryption_Top
  Technology libraries:   fast 
                          slow 
  Operating conditions:   fast (balanced_tree)
  Wireload mode:          enclosed
  Area mode:              timing library
============================================================

Timing
--------

Clock Period 
-------------
clk   1333.0 
VCLK  1333.0 


        Cost          Critical                Violating 
       Group         Path Slack      TNS        Paths   
--------------------------------------------------------
cg_enable_group_clk       605.4          0.0          0 
clk                     -7590.4   -4105438.3       1268 
default                No paths          0.0            
VCLK                      670.7          0.0          0 
--------------------------------------------------------
Total                             -4105438.3       1268 

Instance Count
--------------
Leaf Instance Count             117996 
Physical Instance count              0 
Sequential Instance Count         2834 
Combinational Instance Count    115162 
Hierarchical Instance Count        168 

Area
----
Cell Area                          614239.489
Physical Cell Area                 0.000
Total Cell Area (Cell+Physical)    614239.489
Net Area                           0.000
Total Area (Cell+Physical+Net)     614239.489

Runtime                            426.2019490000001 seconds
Elapsed Runtime                    1012 seconds
Genus peak memory usage            2782.95 
Innovus peak memory usage          no_value 
Hostname                           localhost
