============================================================
  Generated by:           Genus(TM) Synthesis Solution 21.14-s082_1
  Generated on:           Jun 21 2025  01:11:33 am
  Module:                 Hybrid_Decryption_Top
  Technology libraries:   fast 
                          slow 
  Operating conditions:   fast (balanced_tree)
  Wireload mode:          enclosed
  Area mode:              timing library
============================================================

                                      Leakage   
    Gate     Instances     Area     Power (nW)  Library 
--------------------------------------------------------
ADDFHX1            213    4514.151    33321.932    fast 
ADDFX1               3      59.038      407.382    fast 
ADDFX2              14     307.301     2464.658    fast 
ADDFXL              12     236.153     1492.560    fast 
ADDHX1               2      24.221      347.244    fast 
AND2X1             814    3696.700    36323.855    fast 
AND2X2              10      52.983      741.436    fast 
AND2X4               7      58.281      975.653    fast 
AND2X6               5      56.767     1059.160    fast 
AND2XL              78     354.229     3360.653    fast 
AND3X1              72     435.974     3111.631    fast 
AND3X2               2      13.624      145.491    fast 
AND3XL              89     538.913     3691.409    fast 
AND4X1             150    1021.815     6396.900    fast 
AND4XL             147    1001.379     5984.958    fast 
AO21X1             211    1437.353    17916.917    fast 
AO22X1              16     121.104     1148.290    fast 
AO22XL             292    2210.148    20892.864    fast 
AOI211X1          3760   19921.608   236268.620    fast 
AOI211X2             2      21.193      249.542    fast 
AOI211X4             1      19.679      249.218    fast 
AOI211XL           103     545.725     4610.651    fast 
AOI21X1           1933    8778.526    95024.732    fast 
AOI21X2             29     241.451     2834.176    fast 
AOI21X4              3      43.143      585.828    fast 
AOI21XL           1622    7366.151    56865.862    fast 
AOI221X1          1210    9158.490    74401.688    fast 
AOI221X2             3      40.873      368.160    fast 
AOI221XL            17     128.673      740.537    fast 
AOI222X1             4      36.331      240.092    fast 
AOI222XL          1716   14287.244    73268.737    fast 
AOI22X1           2137   12939.962   103680.402    fast 
AOI22X2             35     344.389     3369.919    fast 
AOI22X4              4      75.690      768.988    fast 
AOI22XL            323    1955.830    11185.393    fast 
AOI2BB1X1          131     793.231     7374.461    fast 
AOI2BB1X2           10      83.259      988.220    fast 
AOI2BB1X4            3      36.331      592.254    fast 
AOI2BB1XL          121     732.679     6790.932    fast 
AOI2BB2X1          246    2234.369    19052.602    fast 
AOI2BB2X2          160    2058.768    20156.639    fast 
AOI2BB2X4           27     592.653     6362.442    fast 
AOI2BB2XL            5      45.414      316.630    fast 
AOI31X1            211    1277.647    10318.512    fast 
AOI31X2             73     718.298     7080.737    fast 
AOI31X4              1      20.436      193.735    fast 
AOI31XL             56     339.091     1950.765    fast 
AOI32X1             18     122.618      870.968    fast 
AOI32X2             10     121.104      957.829    fast 
AOI32XL              5      34.060      172.152    fast 
AOI33X1              2      16.652       95.349    fast 
AOI33XL              3      22.707      101.583    fast 
BMXIX2             435    8560.539    94593.795    fast 
BUFX2              458    2079.961    39885.020    fast 
BUFX20               1      25.735      764.971    fast 
BUFX3              442    2676.398    56816.451    fast 
BUFX4                3      20.436      474.102    fast 
BUFX6               15     136.242     3736.905    fast 
CLKAND2X2          145     768.254    11878.342    fast 
CLKAND2X3           13     118.076     1700.712    fast 
CLKBUFX2           933    4237.126    81250.489    fast 
CLKBUFX6             6      54.497     1494.762    fast 
CLKINVX1         12305   27940.964   362938.424    fast 
CLKINVX12            2      24.221      674.198    fast 
CLKINVX2           564    2134.458    33276.056    fast 
CLKINVX3            94     426.892     8312.288    fast 
CLKINVX4            23     139.270     2708.572    fast 
CLKINVX6             5      34.060      842.565    fast 
CLKINVX8             5      45.414     1135.450    fast 
CLKMX2X3            22     216.473     3052.654    fast 
CLKXOR2X1          490    4079.691    63079.657    fast 
CLKXOR2X2            3      27.248      474.507    fast 
CLKXOR2X4            1      11.354      232.429    fast 
DFFQX1             880   13987.512   159925.915    fast 
DFFQX2              13     216.473     2911.350    fast 
DFFQXL              14     222.529     2391.186    fast 
DFFRHQX1             2      40.873      342.428    fast 
DFFTRX1              1      21.193      247.514    fast 
DFFTRX2              3      68.121      981.402    fast 
DFFTRXL           1259   25729.302   283946.053    fast 
DFFX1               11     208.148     2713.678    fast 
DLY2X1               1      14.381      130.488    fast 
INVX1             3316    7529.641    97806.080    fast 
INVX12               1      12.110      337.099    fast 
INVX2             1127    4265.132    66493.112    fast 
INVX3               92     417.809     8135.431    fast 
INVX4               21     127.159     2473.044    fast 
INVX6                3      20.436      505.539    fast 
INVX8                1       9.083      227.090    fast 
INVXL             2884    6548.699    60484.113    fast 
MX2X1              124     844.700    10770.528    fast 
MX3X1                1      12.867      144.454    fast 
MXI2X1             749    5102.263    49718.995    fast 
MXI2XL            2912   17632.742   161868.470    fast 
NAND2BX1          2704   12279.946   196203.327    fast 
NAND2BX2           142     967.318    16357.264    fast 
NAND2BX4            85     965.048    16844.790    fast 
NAND2BXL           298    1353.337    17850.438    fast 
NAND2X1           1433    5423.189    42386.995    fast 
NAND2X2            648    3923.770    38193.119    fast 
NAND2X4             63     619.901     7425.747    fast 
NAND2X6              1      14.381      168.796    fast 
NAND2X8              2      33.304      455.310    fast 
NAND2XL          15996   48429.490   335496.921    fast 
NAND3BX1           436    2640.067    30842.030    fast 
NAND3BX2            16     145.325     1813.232    fast 
NAND3BX4             3      47.685      595.983    fast 
NAND3BXL            20     121.104     1171.472    fast 
NAND3X1            869    3946.477    25782.970    fast 
NAND3X2             36     299.732     2130.592    fast 
NAND3X4              1      14.381      118.283    fast 
NAND3XL            168     762.955     3532.250    fast 
NAND4BBX1            3      27.248      377.805    fast 
NAND4BBXL          326    2714.243    37159.110    fast 
NAND4BX1            16     121.104     1116.302    fast 
NAND4BX2             1      12.867      111.250    fast 
NAND4BXL          1725   11750.872    99805.737    fast 
NAND4X1             51     308.815     1517.918    fast 
NAND4X2              6      68.121      354.912    fast 
NAND4XL           3863   20467.333    81231.546    fast 
NOR2BX1           2140    9718.596   106669.584    fast 
NOR2BX2             61     415.538     6047.754    fast 
NOR2BX4              1      11.354      197.745    fast 
NOR2BXL            103     467.764     3663.751    fast 
NOR2X1             484    1831.698    23894.402    fast 
NOR2X2              99     599.465     9759.430    fast 
NOR2X4               6      59.038     1181.028    fast 
NOR2XL           12262   37124.431   433063.197    fast 
NOR3BX1            333    2016.382    21175.337    fast 
NOR3BX2              7      68.878      887.873    fast 
NOR3BXL            202    1223.150     9145.328    fast 
NOR3X1            1865    8469.711   118227.570    fast 
NOR3X2              38     345.146     4798.184    fast 
NOR3XL              17      77.204      766.217    fast 
NOR4BBX1            71     591.139     5188.141    fast 
NOR4BBXL           101     840.916     5254.949    fast 
NOR4BX1           1250    8515.125    91248.626    fast 
NOR4BX2              1      12.867      143.462    fast 
NOR4BXL            188    1280.675     9729.113    fast 
NOR4X1            2113   12794.638   153538.390    fast 
NOR4X2               3      29.519      433.974    fast 
NOR4XL               7      42.386      360.754    fast 
OA21X1             215    1464.601    12391.762    fast 
OA21X4               1       9.840      157.635    fast 
OA21XL             377    2568.162    18499.127    fast 
OA22X1             166    1256.454    13968.534    fast 
OA22XL              25     189.225     1921.678    fast 
OAI211X1          2996   15873.707    88040.759    fast 
OAI211X2            14     158.949      821.748    fast 
OAI211XL           448    2373.638     9349.671    fast 
OAI21X1           4005   18188.307   117281.619    fast 
OAI21X2            323    2689.266    18922.891    fast 
OAI21X4             46     661.531     5380.436    fast 
OAI21XL           1534    6966.508    31988.962    fast 
OAI221X1           962    7281.378    28035.470    fast 
OAI221X2             6      81.745      349.612    fast 
OAI221XL            82     620.658     1697.744    fast 
OAI222X1             5      45.414      242.168    fast 
OAI222X2             1      15.895       96.310    fast 
OAI222XL           879    7318.466    30335.696    fast 
OAI22X1           1514    9167.573    73968.739    fast 
OAI22X2             57     560.863     5560.487    fast 
OAI22X4              3      61.309      583.815    fast 
OAI22XL            738    4468.738    25684.097    fast 
OAI2BB1X1         1576    8350.121    48044.045    fast 
OAI2BB1X2          133    1006.677     7962.311    fast 
OAI2BB1X4           14     169.546     1669.962    fast 
OAI2BB1XL          165     874.220     4803.810    fast 
OAI2BB2X1          188    1849.864    24239.404    fast 
OAI2BB2X2          105    1510.015    19172.265    fast 
OAI2BB2X4           61    1385.127    19270.631    fast 
OAI2BB2XL            6      59.038      649.746    fast 
OAI31X1            301    1822.615     9174.962    fast 
OAI31X2             83     942.341     5065.000    fast 
OAI31X4              4      81.745      487.004    fast 
OAI31XL             16      96.883      352.304    fast 
OAI32X1             21     143.054     1025.724    fast 
OAI32X2              3      40.873      291.711    fast 
OAI32XL              1       6.812       34.918    fast 
OAI33X1              1       8.326       62.285    fast 
OR2X1              435    1975.509    37175.883    fast 
OR2X2               63     333.793     7247.268    fast 
OR2X4               57     474.576    11271.408    fast 
OR2X6                3      34.061      985.821    fast 
OR2XL              186     844.700    14310.244    fast 
OR3X1               29     175.601     3284.801    fast 
OR3XL              152     920.390    15919.568    fast 
OR4X1               24     163.490     3382.128    fast 
OR4XL              477    3249.372    63143.829    fast 
SDFFQX1            258    5272.565    66445.574    fast 
SDFFQX2              1      21.950      299.927    fast 
SDFFQXL            258    5272.565    63651.953    fast 
SDFFRHQX1          112    2797.502    30108.176    fast 
SDFFRHQX2            6     154.408     1837.308    fast 
SDFFRHQX4            1      31.790      380.192    fast 
SDFFRX2              3      86.287     1133.589    fast 
SDFFRX4              6     213.446     3227.886    fast 
TLATNTSCAX2          6     104.452     1266.462    fast 
XNOR2X1            507    4221.231    72351.939    fast 
XNOR2X2             10     105.966     1987.450    fast 
XNOR2X4              2      22.707      563.354    fast 
XNOR2XL            628    5228.665    79156.259    fast 
XNOR3X1           1041   23637.988   372731.086    fast 
XNOR3XL            321    7288.947   114055.792    fast 
XOR2X2               1       9.083      158.169    fast 
XOR2XL             262    2181.386    33372.250    fast 
XOR3X1             287    6516.909   102394.712    fast 
XOR3XL              20     454.140     7037.100    fast 
--------------------------------------------------------
total           117996  614239.489  6270631.743         


                                                           Leakage   Leakage 
            Type             Instances    Area    Area %  Power (nW) Power % 
-----------------------------------------------------------------------------
sequential                        2828  54344.663    8.8  620544.131     9.9 
inverter                         20443  49675.347    8.1  646349.060    10.3 
buffer                            1859   9244.777    1.5  184553.188     2.9 
clock_gating_integrated_cell         6    104.452    0.0    1266.462     0.0 
logic                            92860 500870.250   81.5 4817918.902    76.8 
physical_cells                       0      0.000    0.0       0.000     0.0 
-----------------------------------------------------------------------------
total                           117996 614239.489  100.0 6270631.743   100.0 

