============================================================
  Generated by:           Genus(TM) Synthesis Solution 21.14-s082_1
  Generated on:           Jun 21 2025  01:11:27 am
  Module:                 Hybrid_Decryption_Top
  Technology libraries:   fast 
                          slow 
  Operating conditions:   fast (balanced_tree)
  Wireload mode:          enclosed
  Area mode:              timing library
============================================================

       Instance             Module       Cell Count  Cell Area  Net Area   Total Area   Wireload  
--------------------------------------------------------------------------------------------------
Hybrid_Decryption_Top                        117996 614239.489     0.000   614239.489 <none> (D)  
  aes_uut              AES_Decryption        107127 543811.458     0.000   543811.458 <none> (D)  
    block1_step2_ex1   inverseSbox              654   2730.895     0.000     2730.895 <none> (D)  
    block1_step2_ex2   inverseSbox_2845         810   3105.561     0.000     3105.561 <none> (D)  
    block1_step2_ex3   inverseSbox_2844         694   2979.158     0.000     2979.158 <none> (D)  
    block1_step2_ex4   inverseSbox_2843         669   2836.104     0.000     2836.104 <none> (D)  
    block1_step2_ex5   inverseSbox_2842         675   2883.789     0.000     2883.789 <none> (D)  
    block1_step2_ex6   inverseSbox_2841         841   3177.466     0.000     3177.466 <none> (D)  
    block1_step2_ex7   inverseSbox_2840         714   3043.495     0.000     3043.495 <none> (D)  
    block1_step2_ex8   inverseSbox_2839         757   3144.163     0.000     3144.163 <none> (D)  
    block1_step2_ex9   inverseSbox_2838         814   3154.002     0.000     3154.002 <none> (D)  
    block1_step2_ex10  inverseSbox_2837         862   3282.675     0.000     3282.675 <none> (D)  
    block1_step2_ex11  inverseSbox_2836         780   3193.361     0.000     3193.361 <none> (D)  
    block1_step2_ex12  inverseSbox_2835         692   2952.667     0.000     2952.667 <none> (D)  
    block1_step2_ex13  inverseSbox_2834         700   2841.403     0.000     2841.403 <none> (D)  
    block1_step2_ex14  inverseSbox_2833         870   3216.825     0.000     3216.825 <none> (D)  
    block1_step2_ex15  inverseSbox_2832         645   2767.226     0.000     2767.226 <none> (D)  
    block1_step2_ex16  inverseSbox_2831         667   2896.656     0.000     2896.656 <none> (D)  
    block2_step2_ex1   inverseSbox_2814         433   1983.835     0.000     1983.835 <none> (D)  
    block2_step2_ex2   inverseSbox_2813         439   2014.111     0.000     2014.111 <none> (D)  
    block2_step2_ex3   inverseSbox_2812         444   2001.244     0.000     2001.244 <none> (D)  
    block2_step2_ex4   inverseSbox_2811         444   1994.431     0.000     1994.431 <none> (D)  
    block2_step2_ex5   inverseSbox_2810         430   1977.780     0.000     1977.780 <none> (D)  
    block2_step2_ex6   inverseSbox_2809         430   1985.349     0.000     1985.349 <none> (D)  
    block2_step2_ex7   inverseSbox_2808         453   2030.763     0.000     2030.763 <none> (D)  
    block2_step2_ex8   inverseSbox_2807         434   1980.050     0.000     1980.050 <none> (D)  
    block2_step2_ex9   inverseSbox_2806         437   1999.730     0.000     1999.730 <none> (D)  
    block2_step2_ex10  inverseSbox_2805         429   1962.642     0.000     1962.642 <none> (D)  
    block2_step2_ex11  inverseSbox_2804         456   2043.630     0.000     2043.630 <none> (D)  
    block2_step2_ex12  inverseSbox_2803         449   2026.978     0.000     2026.978 <none> (D)  
    block2_step2_ex13  inverseSbox_2802         439   2008.813     0.000     2008.813 <none> (D)  
    block2_step2_ex14  inverseSbox_2801         436   1988.376     0.000     1988.376 <none> (D)  
    block2_step2_ex15  inverseSbox_2800         445   2014.111     0.000     2014.111 <none> (D)  
    block2_step2_ex16  inverseSbox_2799         441   2024.707     0.000     2024.707 <none> (D)  
    block3_step2_ex1   inverseSbox_2798         465   2051.199     0.000     2051.199 <none> (D)  
    block3_step2_ex2   inverseSbox_2797         428   1991.404     0.000     1991.404 <none> (D)  
    block3_step2_ex3   inverseSbox_2796         443   1986.106     0.000     1986.106 <none> (D)  
    block3_step2_ex4   inverseSbox_2795         436   2007.299     0.000     2007.299 <none> (D)  
    block3_step2_ex5   inverseSbox_2794         424   1955.830     0.000     1955.830 <none> (D)  
    block3_step2_ex6   inverseSbox_2793         449   2023.194     0.000     2023.194 <none> (D)  
    block3_step2_ex7   inverseSbox_2792         429   1986.106     0.000     1986.106 <none> (D)  
    block3_step2_ex8   inverseSbox_2791         421   1967.183     0.000     1967.183 <none> (D)  
    block3_step2_ex9   inverseSbox_2790         456   2029.249     0.000     2029.249 <none> (D)  
    block3_step2_ex10  inverseSbox_2789         440   1999.730     0.000     1999.730 <none> (D)  
    block3_step2_ex11  inverseSbox_2788         463   2061.796     0.000     2061.796 <none> (D)  
    block3_step2_ex12  inverseSbox_2787         443   2031.520     0.000     2031.520 <none> (D)  
    block3_step2_ex13  inverseSbox_2786         448   2014.868     0.000     2014.868 <none> (D)  
    block3_step2_ex14  inverseSbox_2785         442   1998.973     0.000     1998.973 <none> (D)  
    block3_step2_ex15  inverseSbox_2784         441   2010.326     0.000     2010.326 <none> (D)  
    block3_step2_ex16  inverseSbox_2783         452   2030.006     0.000     2030.006 <none> (D)  
    block4_step2_ex1   inverseSbox_2782         445   2008.813     0.000     2008.813 <none> (D)  
    block4_step2_ex2   inverseSbox_2781         457   2046.658     0.000     2046.658 <none> (D)  
    block4_step2_ex3   inverseSbox_2780         440   1997.459     0.000     1997.459 <none> (D)  
    block4_step2_ex4   inverseSbox_2779         462   2048.928     0.000     2048.928 <none> (D)  
    block4_step2_ex5   inverseSbox_2778         445   1998.216     0.000     1998.216 <none> (D)  
    block4_step2_ex6   inverseSbox_2777         464   2029.249     0.000     2029.249 <none> (D)  
    block4_step2_ex7   inverseSbox_2776         450   2020.166     0.000     2020.166 <none> (D)  
    block4_step2_ex8   inverseSbox_2775         433   1993.675     0.000     1993.675 <none> (D)  
    block4_step2_ex9   inverseSbox_2774         431   1983.835     0.000     1983.835 <none> (D)  
    block4_step2_ex10  inverseSbox_2773         428   1989.133     0.000     1989.133 <none> (D)  
    block4_step2_ex11  inverseSbox_2772         452   2031.520     0.000     2031.520 <none> (D)  
    block4_step2_ex12  inverseSbox_2771         424   1980.050     0.000     1980.050 <none> (D)  
    block4_step2_ex13  inverseSbox_2770         441   2004.271     0.000     2004.271 <none> (D)  
    block4_step2_ex14  inverseSbox_2769         424   1950.531     0.000     1950.531 <none> (D)  
    block4_step2_ex15  inverseSbox_2768         444   2009.570     0.000     2009.570 <none> (D)  
    block4_step2_ex16  inverseSbox_2767         430   1990.647     0.000     1990.647 <none> (D)  
    block5_step2_ex1   inverseSbox_2766         451   2009.570     0.000     2009.570 <none> (D)  
    block5_step2_ex2   inverseSbox_2765         438   1996.702     0.000     1996.702 <none> (D)  
    block5_step2_ex3   inverseSbox_2764         430   1982.321     0.000     1982.321 <none> (D)  
    block5_step2_ex4   inverseSbox_2763         465   2041.359     0.000     2041.359 <none> (D)  
    block5_step2_ex5   inverseSbox_2762         455   2027.735     0.000     2027.735 <none> (D)  
    block5_step2_ex6   inverseSbox_2761         475   2067.851     0.000     2067.851 <none> (D)  
    block5_step2_ex7   inverseSbox_2760         436   1984.592     0.000     1984.592 <none> (D)  
    block5_step2_ex8   inverseSbox_2759         420   1955.073     0.000     1955.073 <none> (D)  
    block5_step2_ex9   inverseSbox_2758         439   2002.757     0.000     2002.757 <none> (D)  
    block5_step2_ex10  inverseSbox_2757         430   1983.835     0.000     1983.835 <none> (D)  
    block5_step2_ex11  inverseSbox_2756         434   1964.912     0.000     1964.912 <none> (D)  
    block5_step2_ex12  inverseSbox_2755         438   2002.757     0.000     2002.757 <none> (D)  
    block5_step2_ex13  inverseSbox_2754         438   2005.028     0.000     2005.028 <none> (D)  
    block5_step2_ex14  inverseSbox_2753         433   1981.564     0.000     1981.564 <none> (D)  
    block5_step2_ex15  inverseSbox_2752         433   2005.028     0.000     2005.028 <none> (D)  
    block5_step2_ex16  inverseSbox_2751         426   1969.454     0.000     1969.454 <none> (D)  
    block6_step2_ex1   inverseSbox_2750         445   2017.895     0.000     2017.895 <none> (D)  
    block6_step2_ex2   inverseSbox_2749         439   1993.675     0.000     1993.675 <none> (D)  
    block6_step2_ex3   inverseSbox_2748         436   1980.807     0.000     1980.807 <none> (D)  
    block6_step2_ex4   inverseSbox_2747         468   2052.713     0.000     2052.713 <none> (D)  
    block6_step2_ex5   inverseSbox_2746         439   1989.890     0.000     1989.890 <none> (D)  
    block6_step2_ex6   inverseSbox_2745         432   1970.211     0.000     1970.211 <none> (D)  
    block6_step2_ex7   inverseSbox_2744         426   1976.266     0.000     1976.266 <none> (D)  
    block6_step2_ex8   inverseSbox_2743         468   2054.227     0.000     2054.227 <none> (D)  
    block6_step2_ex9   inverseSbox_2742         432   1984.592     0.000     1984.592 <none> (D)  
    block6_step2_ex10  inverseSbox_2741         433   1979.293     0.000     1979.293 <none> (D)  
    block6_step2_ex11  inverseSbox_2740         470   2079.204     0.000     2079.204 <none> (D)  
    block6_step2_ex12  inverseSbox_2739         452   2017.895     0.000     2017.895 <none> (D)  
    block6_step2_ex13  inverseSbox_2738         470   2042.873     0.000     2042.873 <none> (D)  
    block6_step2_ex14  inverseSbox_2737         433   1982.321     0.000     1982.321 <none> (D)  
    block6_step2_ex15  inverseSbox_2736         454   2034.547     0.000     2034.547 <none> (D)  
    block6_step2_ex16  inverseSbox_2735         439   2020.166     0.000     2020.166 <none> (D)  
    block7_step2_ex1   inverseSbox_2734         448   2026.978     0.000     2026.978 <none> (D)  
    block7_step2_ex2   inverseSbox_2733         465   2068.608     0.000     2068.608 <none> (D)  
    block7_step2_ex3   inverseSbox_2732         432   1983.835     0.000     1983.835 <none> (D)  
    block7_step2_ex4   inverseSbox_2731         472   2067.094     0.000     2067.094 <none> (D)  
    block7_step2_ex5   inverseSbox_2730         431   1988.376     0.000     1988.376 <none> (D)  
    block7_step2_ex6   inverseSbox_2729         431   1998.216     0.000     1998.216 <none> (D)  
    block7_step2_ex7   inverseSbox_2728         470   2066.337     0.000     2066.337 <none> (D)  
    block7_step2_ex8   inverseSbox_2727         462   2039.845     0.000     2039.845 <none> (D)  
    block7_step2_ex9   inverseSbox_2726         438   1995.945     0.000     1995.945 <none> (D)  
    block7_step2_ex10  inverseSbox_2725         430   1970.968     0.000     1970.968 <none> (D)  
    block7_step2_ex11  inverseSbox_2724         461   2058.011     0.000     2058.011 <none> (D)  
    block7_step2_ex12  inverseSbox_2723         447   1995.945     0.000     1995.945 <none> (D)  
    block7_step2_ex13  inverseSbox_2722         473   2054.227     0.000     2054.227 <none> (D)  
    block7_step2_ex14  inverseSbox_2721         437   1989.890     0.000     1989.890 <none> (D)  
    block7_step2_ex15  inverseSbox_2720         444   2012.597     0.000     2012.597 <none> (D)  
    block7_step2_ex16  inverseSbox_2719         441   2014.111     0.000     2014.111 <none> (D)  
    block8_step2_ex1   inverseSbox_2718         446   1999.730     0.000     1999.730 <none> (D)  
    block8_step2_ex2   inverseSbox_2717         441   2018.652     0.000     2018.652 <none> (D)  
    block8_step2_ex3   inverseSbox_2716         444   1996.702     0.000     1996.702 <none> (D)  
    block8_step2_ex4   inverseSbox_2715         437   1997.459     0.000     1997.459 <none> (D)  
    block8_step2_ex5   inverseSbox_2714         479   2088.287     0.000     2088.287 <none> (D)  
    block8_step2_ex6   inverseSbox_2713         445   1992.918     0.000     1992.918 <none> (D)  
    block8_step2_ex7   inverseSbox_2712         446   1997.459     0.000     1997.459 <none> (D)  
    block8_step2_ex8   inverseSbox_2711         450   2007.299     0.000     2007.299 <none> (D)  
    block8_step2_ex9   inverseSbox_2710         478   2096.613     0.000     2096.613 <none> (D)  
    block8_step2_ex10  inverseSbox_2709         445   2002.757     0.000     2002.757 <none> (D)  
    block8_step2_ex11  inverseSbox_2708         441   1986.106     0.000     1986.106 <none> (D)  
    block8_step2_ex12  inverseSbox_2707         439   1992.918     0.000     1992.918 <none> (D)  
    block8_step2_ex13  inverseSbox_2706         468   2054.983     0.000     2054.983 <none> (D)  
    block8_step2_ex14  inverseSbox_2705         439   1999.730     0.000     1999.730 <none> (D)  
    block8_step2_ex15  inverseSbox_2704         475   2087.530     0.000     2087.530 <none> (D)  
    block8_step2_ex16  inverseSbox_2703         443   2004.271     0.000     2004.271 <none> (D)  
    block9_step2_ex1   inverseSbox_2702         466   2051.956     0.000     2051.956 <none> (D)  
    block9_step2_ex2   inverseSbox_2701         469   2046.658     0.000     2046.658 <none> (D)  
    block9_step2_ex3   inverseSbox_2700         462   2039.089     0.000     2039.089 <none> (D)  
    block9_step2_ex4   inverseSbox_2699         468   2042.873     0.000     2042.873 <none> (D)  
    block9_step2_ex5   inverseSbox_2698         439   1984.592     0.000     1984.592 <none> (D)  
    block9_step2_ex6   inverseSbox_2697         434   1989.890     0.000     1989.890 <none> (D)  
    block9_step2_ex7   inverseSbox_2696         476   2081.475     0.000     2081.475 <none> (D)  
    block9_step2_ex8   inverseSbox_2695         436   1983.078     0.000     1983.078 <none> (D)  
    block9_step2_ex9   inverseSbox_2694         433   1998.973     0.000     1998.973 <none> (D)  
    block9_step2_ex10  inverseSbox_2693         443   1999.730     0.000     1999.730 <none> (D)  
    block9_step2_ex11  inverseSbox_2692         443   2007.299     0.000     2007.299 <none> (D)  
    block9_step2_ex12  inverseSbox_2691         441   1983.078     0.000     1983.078 <none> (D)  
    block9_step2_ex13  inverseSbox_2690         473   2077.691     0.000     2077.691 <none> (D)  
    block9_step2_ex14  inverseSbox_2689         437   1969.454     0.000     1969.454 <none> (D)  
    block9_step2_ex15  inverseSbox_2688         474   2072.392     0.000     2072.392 <none> (D)  
    block9_step2_ex16  inverseSbox_2687         432   1986.106     0.000     1986.106 <none> (D)  
    block10_step2_ex1  inverseSbox_2830         449   2020.166     0.000     2020.166 <none> (D)  
    block10_step2_ex2  inverseSbox_2829         449   2020.166     0.000     2020.166 <none> (D)  
    block10_step2_ex3  inverseSbox_2828         449   2020.166     0.000     2020.166 <none> (D)  
    block10_step2_ex4  inverseSbox_2827         449   2020.166     0.000     2020.166 <none> (D)  
    block10_step2_ex5  inverseSbox_2826         449   2020.166     0.000     2020.166 <none> (D)  
    block10_step2_ex6  inverseSbox_2825         449   2020.166     0.000     2020.166 <none> (D)  
    block10_step2_ex7  inverseSbox_2824         449   2020.166     0.000     2020.166 <none> (D)  
    block10_step2_ex8  inverseSbox_2823         449   2020.166     0.000     2020.166 <none> (D)  
    block10_step2_ex9  inverseSbox_2822         449   2020.166     0.000     2020.166 <none> (D)  
    block10_step2_ex10 inverseSbox_2821         449   2020.166     0.000     2020.166 <none> (D)  
    block10_step2_ex11 inverseSbox_2820         449   2020.166     0.000     2020.166 <none> (D)  
    block10_step2_ex12 inverseSbox_2819         449   2020.166     0.000     2020.166 <none> (D)  
    block10_step2_ex13 inverseSbox_2818         449   2020.166     0.000     2020.166 <none> (D)  
    block10_step2_ex14 inverseSbox_2817         449   2020.166     0.000     2020.166 <none> (D)  
    block10_step2_ex15 inverseSbox_2816         449   2020.166     0.000     2020.166 <none> (D)  
    block10_step2_ex16 inverseSbox_2815         449   2020.166     0.000     2020.166 <none> (D)  
  ecc_uut_k1           multiplier             10604  66773.718     0.000    66773.718 <none> (D)  
  (D) = wireload is default in technology library
