Command: report datapath > reports_Jun21-00:55:04/generic/Hybrid_Decryption_Top_datapath.rpt
============================================================
  Generated by:           Genus(TM) Synthesis Solution 21.14-s082_1
  Generated on:           Jun 21 2025  01:00:15 am
  Module:                 Hybrid_Decryption_Top
  Technology libraries:   fast 
                          slow 
  Operating conditions:   fast (balanced_tree)
  Wireload mode:          enclosed
  Area mode:              timing library
============================================================


Inferred components

               Operator Signedness  Inputs Outputs CellArea 
============================================================
Hybrid_Decryption_Top
 ecc_uut_k1
  add_118_35
   
   module:add_unsigned
    very_fast     +     unsigned   258x258 258     33293.79 
============================================================
Hybrid_Decryption_Top
 ecc_uut_k1
  inc_add_123_38
   
   module:increment_unsigned_1303_2407
    very_fast increment unsigned   256x1   256     10207.86 
============================================================
Hybrid_Decryption_Top
 ecc_uut_k1
  sub_118_66
   
   module:sub_unsigned_3281
    very_fast     -     unsigned   258x256 258     13953.79 
============================================================
Hybrid_Decryption_Top
 ecc_uut_k1
  sub_148_31
   
   module:sub_unsigned_3280
    very_fast     -     unsigned   258x256 258     14152.15 
============================================================

      Type        CellArea  Percentage 
---------------------------------------
datapath modules   71607.58       4.48 
external muxes         0.00       0.00 
others           1526521.30      95.52 
---------------------------------------
total            1598128.88     100.00 

