Command: report datapath > reports_Jun21-01:09:49/generic/Hybrid_Decryption_Top_datapath.rpt
============================================================
  Generated by:           Genus(TM) Synthesis Solution 21.14-s082_1
  Generated on:           Jun 21 2025  01:16:51 am
  Module:                 Hybrid_Decryption_Top
  Technology libraries:   fast 
                          slow 
  Operating conditions:   fast (balanced_tree)
  Wireload mode:          enclosed
  Area mode:              timing library
============================================================


Inferred components

               Operator Signedness  Inputs Outputs CellArea 
============================================================
Hybrid_Decryption_Top
 ecc_uut_k1
  add_118_35
   
   module:add_unsigned
    very_fast     +     unsigned   258x258 258     21232.04 
============================================================
Hybrid_Decryption_Top
 ecc_uut_k1
  inc_add_123_38
   
   module:increment_unsigned_803_1900
    very_fast increment unsigned   256x1   256      9414.42 
============================================================
Hybrid_Decryption_Top
 ecc_uut_k1
  sub_110_28
   
   module:sub_unsigned
    very_fast     -     unsigned   258x256 258      9361.02 
============================================================
Hybrid_Decryption_Top
 ecc_uut_k1
  sub_118_66
   
   module:sub_unsigned_3281
    very_fast     -     unsigned   258x256 258      9490.71 
============================================================
Hybrid_Decryption_Top
 ecc_uut_k1
  sub_148_31
   
   module:sub_unsigned_3280
    very_fast     -     unsigned   258x256 258      9353.39 
============================================================

      Type        CellArea  Percentage 
---------------------------------------
datapath modules   58851.57       3.75 
external muxes         0.00       0.00 
others           1511179.00      96.25 
---------------------------------------
total            1570030.57     100.00 

