============================================================
  Generated by:           Genus(TM) Synthesis Solution 21.14-s082_1
  Generated on:           Jun 21 2025  01:44:24 am
  Module:                 Hybrid_Decryption_Top
  Technology libraries:   fast 
                          slow 
  Operating conditions:   fast (balanced_tree)
  Wireload mode:          enclosed
  Area mode:              timing library
============================================================

       Instance             Module       Cell Count  Cell Area  Net Area   Total Area   Wireload  
--------------------------------------------------------------------------------------------------
Hybrid_Decryption_Top                        104344 542570.898     0.000   542570.898 <none> (D)  
  aes_uut              AES_Decryption         95581 478865.653     0.000   478865.653 <none> (D)  
    block10_step2_ex16 inverseSbox_2815         423   1924.040     0.000     1924.040 <none> (D)  
    block9_step2_ex3   inverseSbox_2700         423   1908.145     0.000     1908.145 <none> (D)  
    block8_step2_ex9   inverseSbox_2710         419   1918.742     0.000     1918.742 <none> (D)  
    block7_step2_ex9   inverseSbox_2726         426   1910.416     0.000     1910.416 <none> (D)  
    block6_step2_ex11  inverseSbox_2740         402   1890.736     0.000     1890.736 <none> (D)  
    block6_step2_ex9   inverseSbox_2742         426   1910.416     0.000     1910.416 <none> (D)  
    block6_step2_ex12  inverseSbox_2739         411   1906.631     0.000     1906.631 <none> (D)  
    block6_step2_ex10  inverseSbox_2741         410   1916.471     0.000     1916.471 <none> (D)  
    block7_step2_ex11  inverseSbox_2724         402   1890.736     0.000     1890.736 <none> (D)  
    block6_step2_ex4   inverseSbox_2747         412   1959.614     0.000     1959.614 <none> (D)  
    block6_step2_ex2   inverseSbox_2749         406   1907.388     0.000     1907.388 <none> (D)  
    block6_step2_ex3   inverseSbox_2748         423   1908.145     0.000     1908.145 <none> (D)  
    block6_step2_ex1   inverseSbox_2750         420   1923.283     0.000     1923.283 <none> (D)  
    block7_step2_ex12  inverseSbox_2723         411   1906.631     0.000     1906.631 <none> (D)  
    block6_step2_ex13  inverseSbox_2738         407   1893.007     0.000     1893.007 <none> (D)  
    block6_step2_ex14  inverseSbox_2737         420   1913.443     0.000     1913.443 <none> (D)  
    block6_step2_ex15  inverseSbox_2736         406   1889.222     0.000     1889.222 <none> (D)  
    block6_step2_ex16  inverseSbox_2735         415   1947.504     0.000     1947.504 <none> (D)  
    block7_step2_ex10  inverseSbox_2725         410   1916.471     0.000     1916.471 <none> (D)  
    block6_step2_ex5   inverseSbox_2746         412   1899.062     0.000     1899.062 <none> (D)  
    block6_step2_ex6   inverseSbox_2745         411   1907.388     0.000     1907.388 <none> (D)  
    block6_step2_ex8   inverseSbox_2743         411   1919.498     0.000     1919.498 <none> (D)  
    block6_step2_ex7   inverseSbox_2744         417   1923.283     0.000     1923.283 <none> (D)  
    block8_step2_ex11  inverseSbox_2708         404   1900.576     0.000     1900.576 <none> (D)  
    block7_step2_ex1   inverseSbox_2734         420   1924.797     0.000     1924.797 <none> (D)  
    block7_step2_ex2   inverseSbox_2733         406   1907.388     0.000     1907.388 <none> (D)  
    block7_step2_ex3   inverseSbox_2732         423   1908.145     0.000     1908.145 <none> (D)  
    block7_step2_ex4   inverseSbox_2731         412   1959.614     0.000     1959.614 <none> (D)  
    block8_step2_ex12  inverseSbox_2707         407   1896.034     0.000     1896.034 <none> (D)  
    block7_step2_ex15  inverseSbox_2720         406   1889.222     0.000     1889.222 <none> (D)  
    block7_step2_ex13  inverseSbox_2722         407   1893.007     0.000     1893.007 <none> (D)  
    block7_step2_ex16  inverseSbox_2719         415   1947.504     0.000     1947.504 <none> (D)  
    block7_step2_ex14  inverseSbox_2721         420   1913.443     0.000     1913.443 <none> (D)  
    block8_step2_ex10  inverseSbox_2709         397   1882.410     0.000     1882.410 <none> (D)  
    block7_step2_ex5   inverseSbox_2730         412   1900.576     0.000     1900.576 <none> (D)  
    block7_step2_ex8   inverseSbox_2727         410   1917.228     0.000     1917.228 <none> (D)  
    block7_step2_ex6   inverseSbox_2729         413   1911.172     0.000     1911.172 <none> (D)  
    block7_step2_ex7   inverseSbox_2728         417   1923.283     0.000     1923.283 <none> (D)  
    block9_step2_ex1   inverseSbox_2702         420   1924.797     0.000     1924.797 <none> (D)  
    block8_step2_ex4   inverseSbox_2715         420   1908.902     0.000     1908.902 <none> (D)  
    block8_step2_ex2   inverseSbox_2717         421   1909.659     0.000     1909.659 <none> (D)  
    block8_step2_ex1   inverseSbox_2718         420   1923.283     0.000     1923.283 <none> (D)  
    block8_step2_ex3   inverseSbox_2716         423   1908.145     0.000     1908.145 <none> (D)  
    block9_step2_ex2   inverseSbox_2701         421   1909.659     0.000     1909.659 <none> (D)  
    block8_step2_ex14  inverseSbox_2705         412   1905.874     0.000     1905.874 <none> (D)  
    block8_step2_ex16  inverseSbox_2703         413   1906.631     0.000     1906.631 <none> (D)  
    block8_step2_ex13  inverseSbox_2706         407   1893.007     0.000     1893.007 <none> (D)  
    block8_step2_ex15  inverseSbox_2704         407   1893.007     0.000     1893.007 <none> (D)  
    block9_step2_ex4   inverseSbox_2699         421   1909.659     0.000     1909.659 <none> (D)  
    block8_step2_ex7   inverseSbox_2712         418   1922.526     0.000     1922.526 <none> (D)  
    block8_step2_ex8   inverseSbox_2711         409   1910.416     0.000     1910.416 <none> (D)  
    block8_step2_ex6   inverseSbox_2713         413   1913.443     0.000     1913.443 <none> (D)  
    block8_step2_ex5   inverseSbox_2714         412   1894.521     0.000     1894.521 <none> (D)  
    block10_step2_ex8  inverseSbox_2823         423   1924.040     0.000     1924.040 <none> (D)  
    block9_step2_ex12  inverseSbox_2691         415   1924.797     0.000     1924.797 <none> (D)  
    block9_step2_ex10  inverseSbox_2693         418   1935.393     0.000     1935.393 <none> (D)  
    block9_step2_ex9   inverseSbox_2694         411   1894.521     0.000     1894.521 <none> (D)  
    block9_step2_ex11  inverseSbox_2692         413   1901.333     0.000     1901.333 <none> (D)  
    block10_step2_ex4  inverseSbox_2827         423   1924.040     0.000     1924.040 <none> (D)  
    block9_step2_ex7   inverseSbox_2696         415   1912.686     0.000     1912.686 <none> (D)  
    block9_step2_ex6   inverseSbox_2697         406   1900.576     0.000     1900.576 <none> (D)  
    block9_step2_ex8   inverseSbox_2695         406   1900.576     0.000     1900.576 <none> (D)  
    block9_step2_ex5   inverseSbox_2698         408   1929.338     0.000     1929.338 <none> (D)  
    block10_step2_ex2  inverseSbox_2829         423   1924.040     0.000     1924.040 <none> (D)  
    block9_step2_ex14  inverseSbox_2689         413   1901.333     0.000     1901.333 <none> (D)  
    block9_step2_ex16  inverseSbox_2687         413   1901.333     0.000     1901.333 <none> (D)  
    block9_step2_ex13  inverseSbox_2690         407   1893.007     0.000     1893.007 <none> (D)  
    block9_step2_ex15  inverseSbox_2688         407   1893.007     0.000     1893.007 <none> (D)  
    block10_step2_ex15 inverseSbox_2816         423   1924.040     0.000     1924.040 <none> (D)  
    block10_step2_ex1  inverseSbox_2830         423   1924.040     0.000     1924.040 <none> (D)  
    block10_step2_ex7  inverseSbox_2824         423   1924.040     0.000     1924.040 <none> (D)  
    block10_step2_ex14 inverseSbox_2817         423   1924.040     0.000     1924.040 <none> (D)  
    block10_step2_ex12 inverseSbox_2819         423   1924.040     0.000     1924.040 <none> (D)  
    block10_step2_ex13 inverseSbox_2818         423   1924.040     0.000     1924.040 <none> (D)  
    block10_step2_ex6  inverseSbox_2825         423   1924.040     0.000     1924.040 <none> (D)  
    block10_step2_ex3  inverseSbox_2828         423   1924.040     0.000     1924.040 <none> (D)  
    block10_step2_ex11 inverseSbox_2820         423   1924.040     0.000     1924.040 <none> (D)  
    block10_step2_ex5  inverseSbox_2826         423   1924.040     0.000     1924.040 <none> (D)  
    block10_step2_ex10 inverseSbox_2821         423   1924.040     0.000     1924.040 <none> (D)  
    block10_step2_ex9  inverseSbox_2822         423   1924.040     0.000     1924.040 <none> (D)  
    block5_step2_ex1   inverseSbox_2766         420   1924.797     0.000     1924.797 <none> (D)  
    block5_step2_ex2   inverseSbox_2765         406   1907.388     0.000     1907.388 <none> (D)  
    block5_step2_ex3   inverseSbox_2764         422   1908.902     0.000     1908.902 <none> (D)  
    block5_step2_ex4   inverseSbox_2763         412   1959.614     0.000     1959.614 <none> (D)  
    block5_step2_ex5   inverseSbox_2762         417   1910.416     0.000     1910.416 <none> (D)  
    block5_step2_ex6   inverseSbox_2761         411   1907.388     0.000     1907.388 <none> (D)  
    block5_step2_ex7   inverseSbox_2760         416   1921.012     0.000     1921.012 <none> (D)  
    block5_step2_ex8   inverseSbox_2759         410   1896.791     0.000     1896.791 <none> (D)  
    block5_step2_ex10  inverseSbox_2757         414   1927.067     0.000     1927.067 <none> (D)  
    block5_step2_ex11  inverseSbox_2756         416   1896.791     0.000     1896.791 <none> (D)  
    block5_step2_ex12  inverseSbox_2755         411   1941.448     0.000     1941.448 <none> (D)  
    block4_step2_ex4   inverseSbox_2779         412   1959.614     0.000     1959.614 <none> (D)  
    block3_step2_ex7   inverseSbox_2792         411   1910.416     0.000     1910.416 <none> (D)  
    block2_step2_ex14  inverseSbox_2801         414   1913.443     0.000     1913.443 <none> (D)  
    block1_step2_ex9   inverseSbox_2838         532   2263.888     0.000     2263.888 <none> (D)  
    block1_step2_ex11  inverseSbox_2836         524   2282.053     0.000     2282.053 <none> (D)  
    block1_step2_ex12  inverseSbox_2835         553   2462.953     0.000     2462.953 <none> (D)  
    block1_step2_ex10  inverseSbox_2837         530   2322.926     0.000     2322.926 <none> (D)  
    block2_step2_ex16  inverseSbox_2799         422   1938.421     0.000     1938.421 <none> (D)  
    block1_step2_ex2   inverseSbox_2845         529   2368.340     0.000     2368.340 <none> (D)  
    block1_step2_ex3   inverseSbox_2844         537   2422.080     0.000     2422.080 <none> (D)  
    block1_step2_ex4   inverseSbox_2843         518   2307.031     0.000     2307.031 <none> (D)  
    block1_step2_ex1   inverseSbox              531   2266.159     0.000     2266.159 <none> (D)  
    block2_step2_ex13  inverseSbox_2802         410   1920.255     0.000     1920.255 <none> (D)  
    block1_step2_ex15  inverseSbox_2832         508   2282.810     0.000     2282.810 <none> (D)  
    block1_step2_ex13  inverseSbox_2834         524   2276.755     0.000     2276.755 <none> (D)  
    block1_step2_ex14  inverseSbox_2833         540   2384.235     0.000     2384.235 <none> (D)  
    block1_step2_ex16  inverseSbox_2831         531   2319.142     0.000     2319.142 <none> (D)  
    block2_step2_ex15  inverseSbox_2800         399   1889.979     0.000     1889.979 <none> (D)  
    block1_step2_ex5   inverseSbox_2842         537   2257.833     0.000     2257.833 <none> (D)  
    block1_step2_ex8   inverseSbox_2839         515   2342.606     0.000     2342.606 <none> (D)  
    block1_step2_ex7   inverseSbox_2840         535   2421.323     0.000     2421.323 <none> (D)  
    block1_step2_ex6   inverseSbox_2841         501   2230.584     0.000     2230.584 <none> (D)  
    block3_step2_ex5   inverseSbox_2794         420   1917.228     0.000     1917.228 <none> (D)  
    block2_step2_ex8   inverseSbox_2807         419   1940.692     0.000     1940.692 <none> (D)  
    block2_step2_ex6   inverseSbox_2809         411   1902.090     0.000     1902.090 <none> (D)  
    block2_step2_ex7   inverseSbox_2808         416   1921.012     0.000     1921.012 <none> (D)  
    block2_step2_ex5   inverseSbox_2810         423   1933.880     0.000     1933.880 <none> (D)  
    block3_step2_ex6   inverseSbox_2793         413   1889.979     0.000     1889.979 <none> (D)  
    block2_step2_ex1   inverseSbox_2814         418   1914.957     0.000     1914.957 <none> (D)  
    block2_step2_ex3   inverseSbox_2812         403   1896.034     0.000     1896.034 <none> (D)  
    block2_step2_ex4   inverseSbox_2811         408   1885.438     0.000     1885.438 <none> (D)  
    block2_step2_ex2   inverseSbox_2813         417   1905.117     0.000     1905.117 <none> (D)  
    block3_step2_ex8   inverseSbox_2791         419   1901.333     0.000     1901.333 <none> (D)  
    block2_step2_ex10  inverseSbox_2805         412   1917.985     0.000     1917.985 <none> (D)  
    block2_step2_ex9   inverseSbox_2806         422   1904.360     0.000     1904.360 <none> (D)  
    block2_step2_ex11  inverseSbox_2804         409   1921.769     0.000     1921.769 <none> (D)  
    block2_step2_ex12  inverseSbox_2803         414   1907.388     0.000     1907.388 <none> (D)  
    block4_step2_ex3   inverseSbox_2780         423   1908.145     0.000     1908.145 <none> (D)  
    block3_step2_ex10  inverseSbox_2789         415   1906.631     0.000     1906.631 <none> (D)  
    block3_step2_ex9   inverseSbox_2790         409   1907.388     0.000     1907.388 <none> (D)  
    block3_step2_ex11  inverseSbox_2788         417   1937.664     0.000     1937.664 <none> (D)  
    block3_step2_ex12  inverseSbox_2787         413   1905.874     0.000     1905.874 <none> (D)  
    block4_step2_ex1   inverseSbox_2782         420   1923.283     0.000     1923.283 <none> (D)  
    block3_step2_ex1   inverseSbox_2798         414   1898.305     0.000     1898.305 <none> (D)  
    block3_step2_ex3   inverseSbox_2796         409   1902.847     0.000     1902.847 <none> (D)  
    block3_step2_ex4   inverseSbox_2795         407   1883.167     0.000     1883.167 <none> (D)  
    block3_step2_ex2   inverseSbox_2797         411   1884.681     0.000     1884.681 <none> (D)  
    block4_step2_ex2   inverseSbox_2781         406   1907.388     0.000     1907.388 <none> (D)  
    block3_step2_ex16  inverseSbox_2783         422   1938.421     0.000     1938.421 <none> (D)  
    block3_step2_ex14  inverseSbox_2785         410   1894.521     0.000     1894.521 <none> (D)  
    block3_step2_ex15  inverseSbox_2784         399   1891.493     0.000     1891.493 <none> (D)  
    block3_step2_ex13  inverseSbox_2786         409   1917.985     0.000     1917.985 <none> (D)  
    block4_step2_ex15  inverseSbox_2768         410   1933.123     0.000     1933.123 <none> (D)  
    block4_step2_ex14  inverseSbox_2769         417   1930.095     0.000     1930.095 <none> (D)  
    block4_step2_ex16  inverseSbox_2767         415   1947.504     0.000     1947.504 <none> (D)  
    block4_step2_ex13  inverseSbox_2770         413   1921.769     0.000     1921.769 <none> (D)  
    block4_step2_ex9   inverseSbox_2774         417   1922.526     0.000     1922.526 <none> (D)  
    block4_step2_ex11  inverseSbox_2772         416   1896.791     0.000     1896.791 <none> (D)  
    block4_step2_ex10  inverseSbox_2773         414   1926.311     0.000     1926.311 <none> (D)  
    block4_step2_ex12  inverseSbox_2771         411   1941.448     0.000     1941.448 <none> (D)  
    block4_step2_ex7   inverseSbox_2776         417   1921.769     0.000     1921.769 <none> (D)  
    block4_step2_ex6   inverseSbox_2777         413   1911.172     0.000     1911.172 <none> (D)  
    block4_step2_ex8   inverseSbox_2775         410   1898.305     0.000     1898.305 <none> (D)  
    block4_step2_ex5   inverseSbox_2778         420   1915.714     0.000     1915.714 <none> (D)  
    block5_step2_ex9   inverseSbox_2758         417   1922.526     0.000     1922.526 <none> (D)  
    block5_step2_ex15  inverseSbox_2752         410   1933.123     0.000     1933.123 <none> (D)  
    block5_step2_ex14  inverseSbox_2753         417   1930.095     0.000     1930.095 <none> (D)  
    block5_step2_ex16  inverseSbox_2751         415   1947.504     0.000     1947.504 <none> (D)  
    block5_step2_ex13  inverseSbox_2754         413   1921.769     0.000     1921.769 <none> (D)  
  ecc_uut_k1           multiplier              8500  60119.053     0.000    60119.053 <none> (D)  
  (D) = wireload is default in technology library
