

Working Directory = /home/vivarthan/Music/Project_major/Hybrid_aes_ecc/decryption/pd/work
QoS Summary for Hybrid_Decryption_Top
==========================================================================================
Metric                          generic         map             syn_opt         final          
==========================================================================================
Slack (ps):                       528               0               0               0
  R2R (ps):                       528               0               0               0
  I2R (ps):                     5,116           4,910           4,833           4,833
  R2O (ps):                     4,885           4,780           4,780           4,780
  I2O (ps):                  no_value        no_value        no_value        no_value
  CG  (ps):                     5,804           5,806           5,806           5,806
TNS (ps):                           0               0               0               0
  R2R (ps):                         0               0               0               0
  I2R (ps):                         0               0               0               0
  R2O (ps):                         0               0               0               0
  I2O (ps):                  no_value        no_value        no_value        no_value
  CG  (ps):                         0               0               0               0
Failing Paths:                      0               0               0               0
Cell Area:                  1,502,962         552,902         542,571         542,571
Total Cell Area:            1,502,962         552,902         542,571         542,571
Leaf Instances:               189,924         107,334         104,344         104,344
Total Instances:              189,924         107,334         104,344         104,344
Utilization (%):                 0.00            0.00            0.00            0.00
Tot. Net Length (um):        no_value        no_value        no_value        no_value
Avg. Net Length (um):        no_value        no_value        no_value        no_value
Route Overflow H (%):        no_value        no_value        no_value        no_value
Route Overflow V (%):        no_value        no_value        no_value        no_value
MBCI(%) (bits/gate) :            0.00            0.00            0.00            0.00
Norm Cong Hotspot Area:
  Max Cong:                  no_value        no_value        no_value        no_value
  Tot Cong:                  no_value        no_value        no_value        no_value
==========================================================================================
CPU  Runtime (h:m:s):        00:43:03        00:53:47        00:35:53        00:30:04
Real Runtime (h:m:s):        00:38:30        00:37:57        00:34:03        00:30:10
CPU  Elapsed (h:m:s):        00:43:14        00:06:59        00:12:53        00:12:56
Real Elapsed (h:m:s):        00:38:35        00:46:31        00:50:34        00:50:44
Memory (MB):                  2778.71         2760.46         2757.76         2765.76
==========================================================================================
==========================================================================================
Flow Settings:
==========================================================================================
Total Runtime (h:m:s): 00:50:51
Total Memory (MB):     2765.76
Executable Version:    21.14-s082_1
==========================================================================================
Total Cell Area =  Cell Area + Physical Cell Area
Total Instances =  Leaf Instances + Physical Instances


