============================================================
  Generated by:           Genus(TM) Synthesis Solution 21.14-s082_1
  Generated on:           Jun 21 2025  01:32:16 am
  Module:                 Hybrid_Decryption_Top
  Technology libraries:   fast 
                          slow 
  Operating conditions:   fast (balanced_tree)
  Wireload mode:          enclosed
  Area mode:              timing library
============================================================

Timing
--------

Clock  Period 
--------------
clk   10000.0 
VCLK  10000.0 


        Cost          Critical         Violating 
       Group         Path Slack  TNS     Paths   
-------------------------------------------------
cg_enable_group_clk      5804.2   0.0          0 
clk                       527.8   0.0          0 
default                No paths   0.0            
VCLK                     4885.2   0.0          0 
-------------------------------------------------
Total                             0.0          0 

Instance Count
--------------
Leaf Instance Count             189924 
Physical Instance count              0 
Sequential Instance Count         2834 
Combinational Instance Count    187090 
Hierarchical Instance Count        173 

Area
----
Cell Area                          1502962.364
Physical Cell Area                 0.000
Total Cell Area (Cell+Physical)    1502962.364
Net Area                           0.000
Total Area (Cell+Physical+Net)     1502962.364

Runtime                            73.40879799999999 seconds
Elapsed Runtime                    525 seconds
Genus peak memory usage            2786.71 
Innovus peak memory usage          no_value 
Hostname                           localhost
