============================================================
  Generated by:           Genus(TM) Synthesis Solution 21.14-s082_1
  Generated on:           Jun 21 2025  01:32:16 am
  Module:                 Hybrid_Decryption_Top
  Technology libraries:   fast 
                          slow 
  Operating conditions:   fast (balanced_tree)
  Wireload mode:          enclosed
  Area mode:              timing library
============================================================

       Instance                   Module            Cell Count   Cell Area  Net Area   Total Area   Wireload  
--------------------------------------------------------------------------------------------------------------
Hybrid_Decryption_Top                                   189924 1502962.364     0.000  1502962.364 <none> (D)  
  aes_uut              AES_Decryption                   174552 1356103.781     0.000  1356103.781 <none> (D)  
    block1_step2_ex1   inverseSbox                         823    6278.823     0.000     6278.823 <none> (D)  
    block1_step2_ex2   inverseSbox_2845                    825    6294.082     0.000     6294.082 <none> (D)  
    block1_step2_ex3   inverseSbox_2844                    823    6278.823     0.000     6278.823 <none> (D)  
    block1_step2_ex4   inverseSbox_2843                    823    6278.823     0.000     6278.823 <none> (D)  
    block1_step2_ex5   inverseSbox_2842                    827    6309.340     0.000     6309.340 <none> (D)  
    block1_step2_ex6   inverseSbox_2841                    819    6248.307     0.000     6248.307 <none> (D)  
    block1_step2_ex7   inverseSbox_2840                    830    6332.228     0.000     6332.228 <none> (D)  
    block1_step2_ex8   inverseSbox_2839                    820    6255.936     0.000     6255.936 <none> (D)  
    block1_step2_ex9   inverseSbox_2838                    833    6355.115     0.000     6355.115 <none> (D)  
    block1_step2_ex10  inverseSbox_2837                    826    6301.711     0.000     6301.711 <none> (D)  
    block1_step2_ex11  inverseSbox_2836                    823    6278.823     0.000     6278.823 <none> (D)  
    block1_step2_ex12  inverseSbox_2835                    828    6316.969     0.000     6316.969 <none> (D)  
    block1_step2_ex13  inverseSbox_2834                    823    6278.823     0.000     6278.823 <none> (D)  
    block1_step2_ex14  inverseSbox_2833                    832    6347.486     0.000     6347.486 <none> (D)  
    block1_step2_ex15  inverseSbox_2832                    819    6248.307     0.000     6248.307 <none> (D)  
    block1_step2_ex16  inverseSbox_2831                    819    6248.307     0.000     6248.307 <none> (D)  
    block2_step2_ex1   inverseSbox_2814                    819    6248.307     0.000     6248.307 <none> (D)  
    block2_step2_ex2   inverseSbox_2813                    823    6278.823     0.000     6278.823 <none> (D)  
    block2_step2_ex3   inverseSbox_2812                    823    6278.823     0.000     6278.823 <none> (D)  
    block2_step2_ex4   inverseSbox_2811                    819    6248.307     0.000     6248.307 <none> (D)  
    block2_step2_ex5   inverseSbox_2810                    815    6217.790     0.000     6217.790 <none> (D)  
    block2_step2_ex6   inverseSbox_2809                    818    6240.677     0.000     6240.677 <none> (D)  
    block2_step2_ex7   inverseSbox_2808                    815    6217.790     0.000     6217.790 <none> (D)  
    block2_step2_ex8   inverseSbox_2807                    824    6286.453     0.000     6286.453 <none> (D)  
    block2_step2_ex9   inverseSbox_2806                    818    6240.677     0.000     6240.677 <none> (D)  
    block2_step2_ex10  inverseSbox_2805                    815    6217.790     0.000     6217.790 <none> (D)  
    block2_step2_ex11  inverseSbox_2804                    818    6240.677     0.000     6240.677 <none> (D)  
    block2_step2_ex12  inverseSbox_2803                    815    6217.790     0.000     6217.790 <none> (D)  
    block2_step2_ex13  inverseSbox_2802                    823    6278.823     0.000     6278.823 <none> (D)  
    block2_step2_ex14  inverseSbox_2801                    819    6248.307     0.000     6248.307 <none> (D)  
    block2_step2_ex15  inverseSbox_2800                    819    6248.307     0.000     6248.307 <none> (D)  
    block2_step2_ex16  inverseSbox_2799                    821    6263.565     0.000     6263.565 <none> (D)  
    block3_step2_ex1   inverseSbox_2798                    819    6248.307     0.000     6248.307 <none> (D)  
    block3_step2_ex2   inverseSbox_2797                    819    6248.307     0.000     6248.307 <none> (D)  
    block3_step2_ex3   inverseSbox_2796                    823    6278.823     0.000     6278.823 <none> (D)  
    block3_step2_ex4   inverseSbox_2795                    819    6248.307     0.000     6248.307 <none> (D)  
    block3_step2_ex5   inverseSbox_2794                    815    6217.790     0.000     6217.790 <none> (D)  
    block3_step2_ex6   inverseSbox_2793                    818    6240.677     0.000     6240.677 <none> (D)  
    block3_step2_ex7   inverseSbox_2792                    815    6217.790     0.000     6217.790 <none> (D)  
    block3_step2_ex8   inverseSbox_2791                    818    6240.677     0.000     6240.677 <none> (D)  
    block3_step2_ex9   inverseSbox_2790                    819    6248.307     0.000     6248.307 <none> (D)  
    block3_step2_ex10  inverseSbox_2789                    818    6240.677     0.000     6240.677 <none> (D)  
    block3_step2_ex11  inverseSbox_2788                    819    6248.307     0.000     6248.307 <none> (D)  
    block3_step2_ex12  inverseSbox_2787                    818    6240.677     0.000     6240.677 <none> (D)  
    block3_step2_ex13  inverseSbox_2786                    823    6278.823     0.000     6278.823 <none> (D)  
    block3_step2_ex14  inverseSbox_2785                    819    6248.307     0.000     6248.307 <none> (D)  
    block3_step2_ex15  inverseSbox_2784                    819    6248.307     0.000     6248.307 <none> (D)  
    block3_step2_ex16  inverseSbox_2783                    821    6263.565     0.000     6263.565 <none> (D)  
    block4_step2_ex1   inverseSbox_2782                    819    6248.307     0.000     6248.307 <none> (D)  
    block4_step2_ex2   inverseSbox_2781                    821    6263.565     0.000     6263.565 <none> (D)  
    block4_step2_ex3   inverseSbox_2780                    819    6248.307     0.000     6248.307 <none> (D)  
    block4_step2_ex4   inverseSbox_2779                    821    6263.565     0.000     6263.565 <none> (D)  
    block4_step2_ex5   inverseSbox_2778                    819    6248.307     0.000     6248.307 <none> (D)  
    block4_step2_ex6   inverseSbox_2777                    819    6248.307     0.000     6248.307 <none> (D)  
    block4_step2_ex7   inverseSbox_2776                    819    6248.307     0.000     6248.307 <none> (D)  
    block4_step2_ex8   inverseSbox_2775                    822    6271.194     0.000     6271.194 <none> (D)  
    block4_step2_ex9   inverseSbox_2774                    818    6240.677     0.000     6240.677 <none> (D)  
    block4_step2_ex10  inverseSbox_2773                    821    6263.565     0.000     6263.565 <none> (D)  
    block4_step2_ex11  inverseSbox_2772                    818    6240.677     0.000     6240.677 <none> (D)  
    block4_step2_ex12  inverseSbox_2771                    821    6263.565     0.000     6263.565 <none> (D)  
    block4_step2_ex13  inverseSbox_2770                    820    6255.936     0.000     6255.936 <none> (D)  
    block4_step2_ex14  inverseSbox_2769                    815    6217.790     0.000     6217.790 <none> (D)  
    block4_step2_ex15  inverseSbox_2768                    820    6255.936     0.000     6255.936 <none> (D)  
    block4_step2_ex16  inverseSbox_2767                    820    6255.936     0.000     6255.936 <none> (D)  
    block5_step2_ex1   inverseSbox_2766                    819    6248.307     0.000     6248.307 <none> (D)  
    block5_step2_ex2   inverseSbox_2765                    821    6263.565     0.000     6263.565 <none> (D)  
    block5_step2_ex3   inverseSbox_2764                    819    6248.307     0.000     6248.307 <none> (D)  
    block5_step2_ex4   inverseSbox_2763                    821    6263.565     0.000     6263.565 <none> (D)  
    block5_step2_ex5   inverseSbox_2762                    819    6248.307     0.000     6248.307 <none> (D)  
    block5_step2_ex6   inverseSbox_2761                    819    6248.307     0.000     6248.307 <none> (D)  
    block5_step2_ex7   inverseSbox_2760                    819    6248.307     0.000     6248.307 <none> (D)  
    block5_step2_ex8   inverseSbox_2759                    822    6271.194     0.000     6271.194 <none> (D)  
    block5_step2_ex9   inverseSbox_2758                    818    6240.677     0.000     6240.677 <none> (D)  
    block5_step2_ex10  inverseSbox_2757                    821    6263.565     0.000     6263.565 <none> (D)  
    block5_step2_ex11  inverseSbox_2756                    818    6240.677     0.000     6240.677 <none> (D)  
    block5_step2_ex12  inverseSbox_2755                    821    6263.565     0.000     6263.565 <none> (D)  
    block5_step2_ex13  inverseSbox_2754                    820    6255.936     0.000     6255.936 <none> (D)  
    block5_step2_ex14  inverseSbox_2753                    815    6217.790     0.000     6217.790 <none> (D)  
    block5_step2_ex15  inverseSbox_2752                    820    6255.936     0.000     6255.936 <none> (D)  
    block5_step2_ex16  inverseSbox_2751                    820    6255.936     0.000     6255.936 <none> (D)  
    block6_step2_ex1   inverseSbox_2750                    819    6248.307     0.000     6248.307 <none> (D)  
    block6_step2_ex2   inverseSbox_2749                    821    6263.565     0.000     6263.565 <none> (D)  
    block6_step2_ex3   inverseSbox_2748                    819    6248.307     0.000     6248.307 <none> (D)  
    block6_step2_ex4   inverseSbox_2747                    821    6263.565     0.000     6263.565 <none> (D)  
    block6_step2_ex5   inverseSbox_2746                    819    6248.307     0.000     6248.307 <none> (D)  
    block6_step2_ex6   inverseSbox_2745                    819    6248.307     0.000     6248.307 <none> (D)  
    block6_step2_ex7   inverseSbox_2744                    819    6248.307     0.000     6248.307 <none> (D)  
    block6_step2_ex8   inverseSbox_2743                    817    6233.048     0.000     6233.048 <none> (D)  
    block6_step2_ex9   inverseSbox_2742                    818    6240.677     0.000     6240.677 <none> (D)  
    block6_step2_ex10  inverseSbox_2741                    819    6248.307     0.000     6248.307 <none> (D)  
    block6_step2_ex11  inverseSbox_2740                    818    6240.677     0.000     6240.677 <none> (D)  
    block6_step2_ex12  inverseSbox_2739                    819    6248.307     0.000     6248.307 <none> (D)  
    block6_step2_ex13  inverseSbox_2738                    820    6255.936     0.000     6255.936 <none> (D)  
    block6_step2_ex14  inverseSbox_2737                    815    6217.790     0.000     6217.790 <none> (D)  
    block6_step2_ex15  inverseSbox_2736                    820    6255.936     0.000     6255.936 <none> (D)  
    block6_step2_ex16  inverseSbox_2735                    820    6255.936     0.000     6255.936 <none> (D)  
    block7_step2_ex1   inverseSbox_2734                    819    6248.307     0.000     6248.307 <none> (D)  
    block7_step2_ex2   inverseSbox_2733                    821    6263.565     0.000     6263.565 <none> (D)  
    block7_step2_ex3   inverseSbox_2732                    819    6248.307     0.000     6248.307 <none> (D)  
    block7_step2_ex4   inverseSbox_2731                    821    6263.565     0.000     6263.565 <none> (D)  
    block7_step2_ex5   inverseSbox_2730                    819    6248.307     0.000     6248.307 <none> (D)  
    block7_step2_ex6   inverseSbox_2729                    819    6248.307     0.000     6248.307 <none> (D)  
    block7_step2_ex7   inverseSbox_2728                    819    6248.307     0.000     6248.307 <none> (D)  
    block7_step2_ex8   inverseSbox_2727                    817    6233.048     0.000     6233.048 <none> (D)  
    block7_step2_ex9   inverseSbox_2726                    818    6240.677     0.000     6240.677 <none> (D)  
    block7_step2_ex10  inverseSbox_2725                    819    6248.307     0.000     6248.307 <none> (D)  
    block7_step2_ex11  inverseSbox_2724                    818    6240.677     0.000     6240.677 <none> (D)  
    block7_step2_ex12  inverseSbox_2723                    819    6248.307     0.000     6248.307 <none> (D)  
    block7_step2_ex13  inverseSbox_2722                    820    6255.936     0.000     6255.936 <none> (D)  
    block7_step2_ex14  inverseSbox_2721                    815    6217.790     0.000     6217.790 <none> (D)  
    block7_step2_ex15  inverseSbox_2720                    820    6255.936     0.000     6255.936 <none> (D)  
    block7_step2_ex16  inverseSbox_2719                    820    6255.936     0.000     6255.936 <none> (D)  
    block8_step2_ex1   inverseSbox_2715                    819    6248.307     0.000     6248.307 <none> (D)  
    block8_step2_ex2   inverseSbox_2715                    819    6248.307     0.000     6248.307 <none> (D)  
    block8_step2_ex3   inverseSbox_2715                    819    6248.307     0.000     6248.307 <none> (D)  
    block8_step2_ex4   inverseSbox_2715                    819    6248.307     0.000     6248.307 <none> (D)  
    block8_step2_ex5   inverseSbox_2710                    818    6240.677     0.000     6240.677 <none> (D)  
    block8_step2_ex6   inverseSbox_2707                    819    6248.307     0.000     6248.307 <none> (D)  
    block8_step2_ex7   inverseSbox_2707                    819    6248.307     0.000     6248.307 <none> (D)  
    block8_step2_ex8   inverseSbox_2711                    822    6271.194     0.000     6271.194 <none> (D)  
    block8_step2_ex9   inverseSbox_2710                    818    6240.677     0.000     6240.677 <none> (D)  
    block8_step2_ex10  inverseSbox_2703                    821    6263.565     0.000     6263.565 <none> (D)  
    block8_step2_ex11  inverseSbox_2703                    821    6263.565     0.000     6263.565 <none> (D)  
    block8_step2_ex12  inverseSbox_2707                    819    6248.307     0.000     6248.307 <none> (D)  
    block8_step2_ex13  inverseSbox_2704                    820    6255.936     0.000     6255.936 <none> (D)  
    block8_step2_ex14  inverseSbox_2703                    821    6263.565     0.000     6263.565 <none> (D)  
    block8_step2_ex15  inverseSbox_2704                    820    6255.936     0.000     6255.936 <none> (D)  
    block8_step2_ex16  inverseSbox_2703                    821    6263.565     0.000     6263.565 <none> (D)  
    block9_step2_ex1   inverseSbox_2699                    819    6248.307     0.000     6248.307 <none> (D)  
    block9_step2_ex2   inverseSbox_2699                    819    6248.307     0.000     6248.307 <none> (D)  
    block9_step2_ex3   inverseSbox_2699                    819    6248.307     0.000     6248.307 <none> (D)  
    block9_step2_ex4   inverseSbox_2699                    819    6248.307     0.000     6248.307 <none> (D)  
    block9_step2_ex5   inverseSbox_2694                    823    6278.823     0.000     6278.823 <none> (D)  
    block9_step2_ex6   inverseSbox_2694                    823    6278.823     0.000     6278.823 <none> (D)  
    block9_step2_ex7   inverseSbox_2696                    819    6248.307     0.000     6248.307 <none> (D)  
    block9_step2_ex8   inverseSbox_2694                    823    6278.823     0.000     6278.823 <none> (D)  
    block9_step2_ex9   inverseSbox_2694                    823    6278.823     0.000     6278.823 <none> (D)  
    block9_step2_ex10  inverseSbox_2687                    821    6263.565     0.000     6263.565 <none> (D)  
    block9_step2_ex11  inverseSbox_2687                    821    6263.565     0.000     6263.565 <none> (D)  
    block9_step2_ex12  inverseSbox_2687                    821    6263.565     0.000     6263.565 <none> (D)  
    block9_step2_ex13  inverseSbox_2688                    820    6255.936     0.000     6255.936 <none> (D)  
    block9_step2_ex14  inverseSbox_2687                    821    6263.565     0.000     6263.565 <none> (D)  
    block9_step2_ex15  inverseSbox_2688                    820    6255.936     0.000     6255.936 <none> (D)  
    block9_step2_ex16  inverseSbox_2687                    821    6263.565     0.000     6263.565 <none> (D)  
    block10_step2_ex1  inverseSbox_2815                    818    6240.677     0.000     6240.677 <none> (D)  
    block10_step2_ex2  inverseSbox_2815                    818    6240.677     0.000     6240.677 <none> (D)  
    block10_step2_ex3  inverseSbox_2815                    818    6240.677     0.000     6240.677 <none> (D)  
    block10_step2_ex4  inverseSbox_2815                    818    6240.677     0.000     6240.677 <none> (D)  
    block10_step2_ex5  inverseSbox_2815                    818    6240.677     0.000     6240.677 <none> (D)  
    block10_step2_ex6  inverseSbox_2815                    818    6240.677     0.000     6240.677 <none> (D)  
    block10_step2_ex7  inverseSbox_2815                    818    6240.677     0.000     6240.677 <none> (D)  
    block10_step2_ex8  inverseSbox_2815                    818    6240.677     0.000     6240.677 <none> (D)  
    block10_step2_ex9  inverseSbox_2815                    818    6240.677     0.000     6240.677 <none> (D)  
    block10_step2_ex10 inverseSbox_2815                    818    6240.677     0.000     6240.677 <none> (D)  
    block10_step2_ex11 inverseSbox_2815                    818    6240.677     0.000     6240.677 <none> (D)  
    block10_step2_ex12 inverseSbox_2815                    818    6240.677     0.000     6240.677 <none> (D)  
    block10_step2_ex13 inverseSbox_2815                    818    6240.677     0.000     6240.677 <none> (D)  
    block10_step2_ex14 inverseSbox_2815                    818    6240.677     0.000     6240.677 <none> (D)  
    block10_step2_ex15 inverseSbox_2815                    818    6240.677     0.000     6240.677 <none> (D)  
    block10_step2_ex16 inverseSbox_2815                    818    6240.677     0.000     6240.677 <none> (D)  
  ecc_uut_k1           multiplier                        14854  140421.211     0.000   140421.211 <none> (D)  
    add_118_35         add_unsigned                       2279   17386.924     0.000    17386.924 <none> (D)  
    inc_add_123_38     increment_unsigned_787_3506        1019    7774.145     0.000     7774.145 <none> (D)  
    sub_110_28         sub_unsigned                       1020    7781.774     0.000     7781.774 <none> (D)  
    sub_118_66         sub_unsigned_3281                  1020    7781.774     0.000     7781.774 <none> (D)  
    sub_148_31         sub_unsigned_3280                  1020    7781.774     0.000     7781.774 <none> (D)  
  (D) = wireload is default in technology library
