============================================================
  Generated by:           Genus(TM) Synthesis Solution 21.14-s082_1
  Generated on:           Jun 21 2025  01:40:19 am
  Module:                 Hybrid_Decryption_Top
  Technology libraries:   fast 
                          slow 
  Operating conditions:   fast (balanced_tree)
  Wireload mode:          enclosed
  Area mode:              timing library
============================================================

                                      Leakage   
    Gate     Instances     Area     Power (nW)  Library 
--------------------------------------------------------
ADDFHX1              3      63.580      469.323    fast 
ADDFX1               1      19.679      135.794    fast 
ADDFX2               1      21.950      176.047    fast 
ADDHX1               2      24.221      347.244    fast 
ADDHXL               4      48.442      626.532    fast 
AND2X1             923    4191.712    41187.861    fast 
AND2X2               2      10.597      148.287    fast 
AND2X4              10      83.259     1393.790    fast 
AND2X6               4      45.414      847.328    fast 
AND2XL              86     390.560     3705.336    fast 
AND3X1             128     775.066     5531.789    fast 
AND3XL              30     181.656     1244.295    fast 
AND4X1              47     320.169     2004.362    fast 
AND4XL             280    1907.388    11399.920    fast 
AO21X1             169    1151.245    14350.517    fast 
AO22X1              14     105.966     1004.753    fast 
AO22XL             300    2270.700    21465.271    fast 
AOI211X1          3377   17892.359   212201.896    fast 
AOI211X2             1      10.597      124.771    fast 
AOI211XL            38     201.335     1701.017    fast 
AOI21X1           3140   14259.996   154359.885    fast 
AOI21X2             43     358.014     4202.399    fast 
AOI21X4             13     186.954     2538.588    fast 
AOI21XL           1829    8306.221    64123.096    fast 
AOI221X1          1693   12814.317   104100.874    fast 
AOI221XL             2      15.138       87.122    fast 
AOI222XL          2146   17867.381    91628.618    fast 
AOI22X1           2680   16227.936   130025.024    fast 
AOI22X2             48     472.306     4621.603    fast 
AOI22X4              7     132.458     1345.729    fast 
AOI22XL            439    2658.233    15202.438    fast 
AOI2BB1X1          166    1005.163     9344.737    fast 
AOI2BB1X2            8      66.607      790.576    fast 
AOI2BB1X4            6      72.662     1184.508    fast 
AOI2BB1XL          118     714.514     6622.561    fast 
AOI2BB2X1           95     862.866     7357.712    fast 
AOI2BB2X2          127    1634.147    15999.332    fast 
AOI2BB2X4           50    1097.505    11782.300    fast 
AOI31X1            130     787.176     6357.377    fast 
AOI31X2              3      29.519      290.989    fast 
AOI31XL            105     635.796     3657.685    fast 
AOI32X1             43     292.920     2080.645    fast 
AOI32X2             10     121.104      957.829    fast 
AOI32X4              1      23.464      191.047    fast 
AOI32XL              3      20.436      103.291    fast 
AOI33XL              1       7.569       33.861    fast 
BMXIX2             330    6494.202    71760.810    fast 
BUFX12               1      15.895      458.456    fast 
BUFX2              349    1584.949    30392.734    fast 
BUFX20               1      25.735      764.971    fast 
BUFX3              181    1095.991    23266.465    fast 
BUFX4                2      13.624      316.068    fast 
BUFX6                6      54.497     1494.762    fast 
CLKAND2X2          108     572.216     8847.317    fast 
CLKAND2X3           12     108.994     1569.888    fast 
CLKBUFX2           391    1775.687    34050.312    fast 
CLKBUFX6             8      72.662     1993.016    fast 
CLKINVX1         10493   23826.455   309493.123    fast 
CLKINVX2           390    1475.955    23010.039    fast 
CLKINVX3            59     267.943     5217.287    fast 
CLKINVX4            16      96.883     1884.224    fast 
CLKINVX6             4      27.248      674.052    fast 
CLKMX2X2             2      16.652      205.536    fast 
CLKMX2X3            17     167.275     2358.869    fast 
CLKXOR2X1         1090    9075.231   140320.053    fast 
CLKXOR2X2            1       9.083      158.169    fast 
DFFQX1            1801   28626.715   327302.923    fast 
DFFQXL             124    1970.968    21179.076    fast 
DFFRHQX1             2      40.873      342.428    fast 
DFFTRX1              2      42.386      495.028    fast 
DFFTRXL            254    5190.820    57285.383    fast 
INVX1             1877    4262.104    55362.489    fast 
INVX2              753    2849.729    44427.075    fast 
INVX3               64     290.650     5659.430    fast 
INVX4               20     121.104     2355.280    fast 
INVX6                4      27.248      674.052    fast 
INVXL             1585    3599.060    33241.096    fast 
MX2X1               15     102.181     1302.887    fast 
MXI2X1             493    3358.365    32725.587    fast 
MXI2X2               2      19.679      316.430    fast 
MXI2X4               1      12.867      229.202    fast 
MXI2XL            3941   23863.543   219067.185    fast 
NAND2BX1          1981    8996.513   143742.156    fast 
NAND2BX2           174    1185.305    20043.408    fast 
NAND2BX4            41     465.494     8125.134    fast 
NAND2BXL           269    1221.637    16113.315    fast 
NAND2X1           1854    7016.463    54839.839    fast 
NAND2X2           1122    6793.934    66130.679    fast 
NAND2X4             85     836.375    10018.865    fast 
NAND2X6              7     100.668     1181.572    fast 
NAND2X8              3      49.955      682.965    fast 
NAND2XL          12746   38589.790   267332.068    fast 
NAND3BX1           371    2246.479    26244.021    fast 
NAND3BX2             4      36.331      453.308    fast 
NAND3BX4             1      15.895      198.661    fast 
NAND3BXL             2      12.110      117.147    fast 
NAND3X1            841    3819.317    24952.219    fast 
NAND3X2              4      33.304      236.732    fast 
NAND3XL            122     554.051     2565.086    fast 
NAND4BBXL          148    1232.233    16869.780    fast 
NAND4BX1             4      30.276      279.076    fast 
NAND4BXL          1483   10102.344    85804.004    fast 
NAND4X1             22     133.214      654.788    fast 
NAND4X2              1      11.354       59.152    fast 
NAND4XL           3140   16636.662    66028.231    fast 
NOR2BX1           1455    6607.737    72525.348    fast 
NOR2BX2             84     572.216     8328.054    fast 
NOR2BX4              3      34.061      593.235    fast 
NOR2BXL             57     258.860     2027.513    fast 
NOR2X1             378    1430.541    18661.330    fast 
NOR2X2             228    1380.586    22476.263    fast 
NOR2X4              16     157.435     3149.408    fast 
NOR2XL           13565   41069.394   479081.901    fast 
NOR3BX1            283    1713.622    17995.857    fast 
NOR3BX2              3      29.519      380.517    fast 
NOR3BXL            123     744.790     5568.690    fast 
NOR3X1            1699    7715.839   107704.366    fast 
NOR3X2               1       9.083      126.268    fast 
NOR3XL              13      59.038      585.931    fast 
NOR4BBX1            55     457.925     4018.982    fast 
NOR4BBXL            53     441.273     2757.548    fast 
NOR4BX1            984    6703.106    71830.919    fast 
NOR4BXL            141     960.506     7296.834    fast 
NOR4X1            1662   10063.742   120767.063    fast 
NOR4X2               6      59.038      867.948    fast 
NOR4X4               1      19.679      284.707    fast 
OA21X1             235    1600.843    13544.484    fast 
OA21X4               1       9.840      157.635    fast 
OA21XL             337    2295.678    16536.355    fast 
OA22X1             153    1158.057    12874.613    fast 
OA22XL              50     378.450     3843.355    fast 
OAI211X1          2647   14024.600    77785.009    fast 
OAI211XL            96     508.637     2003.501    fast 
OAI21X1           3381   15354.473    99008.528    fast 
OAI21X2            730    6077.907    42766.905    fast 
OAI21X4            145    2085.260    16960.070    fast 
OAI21XL           1191    5408.807    24836.280    fast 
OAI221X1          1148    8689.212    33456.049    fast 
OAI221X2             1      13.624       58.269    fast 
OAI221XL            84     635.796     1739.153    fast 
OAI222X1             1       9.083       48.434    fast 
OAI222XL          1426   11872.733    49213.542    fast 
OAI22X1           1922   11638.094    93902.191    fast 
OAI22X2            106    1043.008    10340.554    fast 
OAI22X4              9     183.927     1751.445    fast 
OAI22XL            950    5752.440    33062.184    fast 
OAI2BB1X1          668    3539.264    20363.846    fast 
OAI2BB1X2           54     408.726     3232.818    fast 
OAI2BB1X4           10     121.104     1192.830    fast 
OAI2BB1XL          352    1865.002    10248.128    fast 
OAI2BB2X1           27     265.672     3481.191    fast 
OAI2BB2X2           35     503.339     6390.755    fast 
OAI2BB2X4           57    1294.299    18006.983    fast 
OAI31X1            217    1313.978     6614.507    fast 
OAI31X2              6      68.121      366.145    fast 
OAI31XL             29     175.601      638.551    fast 
OAI32X1             37     252.048     1807.228    fast 
OAI32XL             10      68.121      349.178    fast 
OR2X1              415    1884.681    35466.647    fast 
OR2X2               69     365.583     7937.484    fast 
OR2X4               28     233.125     5536.832    fast 
OR2X6                2      22.707      657.214    fast 
OR2XL              212     962.777    16310.601    fast 
OR3X1               13      78.718     1472.497    fast 
OR3X2                2      13.624      285.582    fast 
OR3X4                7      63.580     1660.869    fast 
OR3XL              112     678.182    11730.208    fast 
OR4X1                4      27.248      563.688    fast 
OR4XL              301    2050.442    39845.477    fast 
SDFFQX1            516   10545.131   132891.148    fast 
SDFFQX2              1      21.950      299.927    fast 
SDFFRHQX1          118    2947.368    31721.114    fast 
SDFFRHQX2            7     180.142     2143.526    fast 
SDFFRHQX4            2      63.580      760.384    fast 
SDFFRX2              1      28.762      377.863    fast 
TLATNTSCAX2          6     104.452     1266.462    fast 
XNOR2X1            424    3530.182    60507.341    fast 
XNOR2X2             10     105.966     1987.450    fast 
XNOR2X4              6      68.121     1690.062    fast 
XNOR2XL            218    1815.046    27477.810    fast 
XNOR3X1            363    8242.641   129972.511    fast 
XNOR3XL             44     999.108    15633.816    fast 
XOR2X1               3      24.978      386.202    fast 
XOR2X2               2      18.166      316.338    fast 
XOR2XL              98     815.938    12482.750    fast 
XOR3X1             261    5926.527    93118.536    fast 
XOR3XL              14     317.898     4925.970    fast 
--------------------------------------------------------
total           107334  552901.826  5424965.573         


                                                           Leakage   Leakage 
            Type             Instances    Area    Area %  Power (nW) Power % 
-----------------------------------------------------------------------------
sequential                        2828  49658.695    9.0  574798.800    10.6 
inverter                         15265  36844.378    6.7  481998.146     8.9 
buffer                             939   4639.040    0.8   92736.784     1.7 
clock_gating_integrated_cell         6    104.452    0.0    1266.462     0.0 
logic                            88296 461655.261   83.5 4274165.382    78.8 
physical_cells                       0      0.000    0.0       0.000     0.0 
-----------------------------------------------------------------------------
total                           107334 552901.826  100.0 5424965.573   100.0 

