============================================================
  Generated by:           Genus(TM) Synthesis Solution 21.14-s082_1
  Generated on:           Jun 21 2025  01:40:11 am
  Module:                 Hybrid_Decryption_Top
  Technology libraries:   fast 
                          slow 
  Operating conditions:   fast (balanced_tree)
  Wireload mode:          enclosed
  Area mode:              timing library
============================================================

Timing
--------

Clock  Period 
--------------
clk   10000.0 
VCLK  10000.0 


        Cost          Critical         Violating 
       Group         Path Slack  TNS     Paths   
-------------------------------------------------
cg_enable_group_clk      5805.6   0.0          0 
clk                         0.0   0.0          0 
default                No paths   0.0            
VCLK                     4780.3   0.0          0 
-------------------------------------------------
Total                             0.0          0 

Instance Count
--------------
Leaf Instance Count             107334 
Physical Instance count              0 
Sequential Instance Count         2834 
Combinational Instance Count    104500 
Hierarchical Instance Count        168 

Area
----
Cell Area                          552901.826
Physical Cell Area                 0.000
Total Cell Area (Cell+Physical)    552901.826
Net Area                           0.000
Total Area (Cell+Physical+Net)     552901.826

Runtime                            313.729244 seconds
Elapsed Runtime                    999 seconds
Genus peak memory usage            2768.46 
Innovus peak memory usage          no_value 
Hostname                           localhost
