============================================================
  Generated by:           Genus(TM) Synthesis Solution 21.14-s082_1
  Generated on:           Jun 21 2025  01:44:22 am
  Module:                 Hybrid_Decryption_Top
  Technology libraries:   fast 
                          slow 
  Operating conditions:   fast (balanced_tree)
  Wireload mode:          enclosed
  Area mode:              timing library
============================================================

                                      Leakage   
    Gate     Instances     Area     Power (nW)  Library 
--------------------------------------------------------
ADDFHX1              4      84.773      625.764    fast 
ADDFHX2              1      22.707      194.466    fast 
ADDFX1               5      98.397      678.970    fast 
ADDFX2               2      43.900      352.094    fast 
ADDHX1               1      12.110      173.622    fast 
ADDHXL               4      48.442      626.532    fast 
AND2X1             805    3655.827    35922.240    fast 
AND2X2               2      10.597      148.287    fast 
AND2X4               4      33.304      557.516    fast 
AND2X6               3      34.061      635.496    fast 
AND2XL              80     363.312     3446.824    fast 
AND3X1             131     793.231     5661.440    fast 
AND3XL              34     205.877     1410.201    fast 
AND4X1              50     340.605     2132.300    fast 
AND4XL             285    1941.448    11603.490    fast 
AO21X1             172    1171.681    14605.259    fast 
AO21X2               1       7.569       87.688    fast 
AO21XL               1       7.569       76.973    fast 
AO22X1              34     257.346     2440.115    fast 
AO22X2               1       9.083       74.730    fast 
AO22XL             307    2323.683    21966.127    fast 
AOI211X1          3394   17982.430   213270.132    fast 
AOI211X2             1      10.597      124.771    fast 
AOI211XL            40     211.932     1790.544    fast 
AOI21X1           3125   14191.875   153622.497    fast 
AOI21X2             22     183.170     2150.064    fast 
AOI21X4             10     143.811     1952.760    fast 
AOI21XL           1820    8265.348    63807.564    fast 
AOI221X1          1700   12867.300   104531.297    fast 
AOI221XL             2      15.138       87.122    fast 
AOI222X1             1       9.083       60.023    fast 
AOI222XL          2146   17867.381    91628.618    fast 
AOI22X1           2683   16246.102   130170.574    fast 
AOI22X2             29     285.351     2792.219    fast 
AOI22X4              5      94.613      961.235    fast 
AOI22XL            437    2646.122    15133.179    fast 
AOI2BB1X1           76     460.195     4278.313    fast 
AOI2BB1X2            3      24.978      296.466    fast 
AOI2BB1X4            3      36.331      592.254    fast 
AOI2BB1XL          155     938.556     8699.127    fast 
AOI2BB2X1           26     236.153     2013.690    fast 
AOI2BB2X2           62     797.773     7810.698    fast 
AOI2BB2X4           36     790.204     8483.256    fast 
AOI31X1            129     781.121     6308.474    fast 
AOI31X2              3      29.519      290.989    fast 
AOI31XL            105     635.796     3657.685    fast 
AOI32X1             43     292.920     2080.645    fast 
AOI32X2             10     121.104      957.829    fast 
AOI32X4              1      23.464      191.047    fast 
AOI32XL              3      20.436      103.291    fast 
BMXIX2             319    6277.728    69368.783    fast 
BUFX2              250    1135.350    21771.299    fast 
BUFX20               1      25.735      764.971    fast 
BUFX3              121     732.679    15553.825    fast 
BUFX6                5      45.414     1245.635    fast 
CLKAND2X2           92     487.444     7536.603    fast 
CLKAND2X3            9      81.745     1177.416    fast 
CLKBUFX2           304    1380.586    26473.900    fast 
CLKBUFX6             8      72.662     1993.016    fast 
CLKINVX1         10024   22761.497   295659.875    fast 
CLKINVX2           299    1131.565    17641.030    fast 
CLKINVX3            34     154.408     3006.572    fast 
CLKINVX4             9      54.497     1059.876    fast 
CLKINVX6             2      13.624      337.026    fast 
CLKMX2X2             4      33.304      411.072    fast 
CLKMX2X3            24     236.153     3330.168    fast 
CLKXOR2X1         1361   11331.550   175206.966    fast 
CLKXOR2X2           10      90.828     1581.690    fast 
DFFQX1            1800   28610.820   327121.189    fast 
DFFQX2               1      16.652      223.950    fast 
DFFQXL             124    1970.968    21179.076    fast 
DFFRHQX1             1      20.436      171.214    fast 
DFFRX1               1      21.950      222.699    fast 
DFFTRXL            256    5231.693    57736.449    fast 
INVX1             1563    3549.104    46100.996    fast 
INVX2              473    1790.069    27907.047    fast 
INVX3               36     163.490     3183.429    fast 
INVX4               13      78.718     1530.932    fast 
INVX6                1       6.812      168.513    fast 
INVXL             1487    3376.531    31185.810    fast 
MX2X1               64     435.974     5558.982    fast 
MXI2X1             434    2956.451    28809.137    fast 
MXI2X2               1       9.840      158.215    fast 
MXI2XL            3959   23972.537   220067.745    fast 
NAND2BX1          1839    8351.635   133438.579    fast 
NAND2BX2           136     926.446    15666.112    fast 
NAND2BX4            33     374.666     6539.742    fast 
NAND2BXL           240    1089.936    14376.192    fast 
NAND2X1           1470    5563.215    43481.425    fast 
NAND2X2            857    5189.306    50511.579    fast 
NAND2X4             50     491.985     5893.450    fast 
NAND2X6              5      71.906      843.980    fast 
NAND2XL          12487   37805.641   261899.853    fast 
NAND3BX1           385    2331.252    27234.362    fast 
NAND3BX2             4      36.331      453.308    fast 
NAND3BX4             1      15.895      198.661    fast 
NAND3X1            817    3710.324    24240.146    fast 
NAND3X2              4      33.304      236.732    fast 
NAND3XL            120     544.968     2523.036    fast 
NAND4BBX1            6      54.497      755.610    fast 
NAND4BBXL          173    1440.381    19719.405    fast 
NAND4BX1            13      98.397      906.996    fast 
NAND4BXL          1518   10340.768    87829.048    fast 
NAND4X1             11      66.607      327.394    fast 
NAND4XL           3170   16795.611    66659.074    fast 
NOR2BX1           1381    6271.673    68836.774    fast 
NOR2BX2             63     429.162     6246.041    fast 
NOR2BXL             53     240.694     1885.231    fast 
NOR2X1             284    1074.798    14020.682    fast 
NOR2X2             193    1168.654    19025.959    fast 
NOR2X4               7      68.878     1377.866    fast 
NOR2XL           13237   40076.341   467497.761    fast 
NOR3BX1            317    1919.498    20157.903    fast 
NOR3BX2              2      19.679      253.678    fast 
NOR3BXL            116     702.403     5251.772    fast 
NOR3X1            1651    7497.851   104661.511    fast 
NOR3X2               1       9.083      126.268    fast 
NOR3XL              14      63.580      631.002    fast 
NOR4BBX1            65     541.184     4749.706    fast 
NOR4BBXL            66     549.509     3433.927    fast 
NOR4BX1           1009    6873.409    73655.891    fast 
NOR4BXL            160    1089.936     8280.096    fast 
NOR4X1            1671   10118.239   121421.036    fast 
NOR4X2               3      29.519      433.974    fast 
NOR4XL               3      18.166      154.609    fast 
OA21X1             249    1696.213    14351.389    fast 
OA21X2               2      16.652      174.292    fast 
OA21X4               1       9.840      157.635    fast 
OA21XL             349    2377.423    17125.186    fast 
OA22X1             139    1052.091    11696.544    fast 
OA22XL             117     885.573     8993.451    fast 
OAI211X1          2646   14019.302    77755.623    fast 
OAI211XL            96     508.637     2003.501    fast 
OAI21X1           3391   15399.887    99301.366    fast 
OAI21X2            610    5078.799    35736.729    fast 
OAI21X4            109    1567.540    12749.294    fast 
OAI21XL           1189    5399.725    24794.574    fast 
OAI221X1          1200    9082.800    34971.480    fast 
OAI221X2             1      13.624       58.269    fast 
OAI221XL            84     635.796     1739.153    fast 
OAI222XL          1435   11947.667    49524.146    fast 
OAI22X1           1914   11589.653    93511.339    fast 
OAI22X2             74     728.138     7218.878    fast 
OAI22X4              6     122.618     1167.630    fast 
OAI22XL            950    5752.440    33062.184    fast 
OAI2BB1X1          684    3624.037    20851.603    fast 
OAI2BB1X2           61     461.709     3651.887    fast 
OAI2BB1X4           13     157.435     1550.679    fast 
OAI2BB1XL          352    1865.002    10248.128    fast 
OAI2BB2X1           23     226.313     2965.459    fast 
OAI2BB2X2           26     373.909     4747.418    fast 
OAI2BB2X4           47    1067.229    14847.863    fast 
OAI31X1            218    1320.034     6644.989    fast 
OAI31X2              5      56.767      305.121    fast 
OAI31XL             29     175.601      638.551    fast 
OAI32X1             37     252.048     1807.228    fast 
OAI32XL             10      68.121      349.178    fast 
OR2X1              394    1789.312    33671.949    fast 
OR2X2               67     354.986     7707.412    fast 
OR2X4                8      66.607     1581.952    fast 
OR2X6                1      11.354      328.607    fast 
OR2XL              186     844.700    14310.244    fast 
OR3X1               15      90.828     1699.035    fast 
OR3X2                7      47.685      999.537    fast 
OR3X4                1       9.083      237.267    fast 
OR3XL              121     732.679    12672.814    fast 
OR4X1                4      27.248      563.688    fast 
OR4XL              304    2070.878    40242.608    fast 
SDFFQX1            516   10545.131   132891.148    fast 
SDFFQX2              1      21.950      299.927    fast 
SDFFRHQX1          118    2947.368    31721.114    fast 
SDFFRHQX2            7     180.142     2143.526    fast 
SDFFRHQX4            2      63.580      760.384    fast 
SDFFRX2              1      28.762      377.863    fast 
TLATNTSCAX2          6     104.452     1266.462    fast 
XNOR2X1            599    4987.214    85480.890    fast 
XNOR2X2             45     476.847     8943.525    fast 
XNOR2X4             15     170.303     4225.155    fast 
XNOR2XL            263    2189.712    33149.834    fast 
XNOR3X1            362    8219.934   129614.460    fast 
XNOR3XL             41     930.987    14567.874    fast 
XOR2X1              12      99.911     1544.808    fast 
XOR2X4               2      22.707      494.482    fast 
XOR2XL             167    1390.425    21271.625    fast 
XOR3X1             278    6312.546    99183.728    fast 
XOR3XL              12     272.484     4222.260    fast 
--------------------------------------------------------
total           104344  542570.898  5313422.927         


                                                           Leakage   Leakage 
            Type             Instances    Area    Area %  Power (nW) Power % 
-----------------------------------------------------------------------------
sequential                        2828  49659.452    9.2  574848.539    10.8 
inverter                         13941  33080.315    6.1  427781.106     8.1 
buffer                             689   3392.426    0.6   67802.646     1.3 
clock_gating_integrated_cell         6    104.452    0.0    1266.462     0.0 
logic                            86880 456334.254   84.1 4241724.174    79.8 
physical_cells                       0      0.000    0.0       0.000     0.0 
-----------------------------------------------------------------------------
total                           104344 542570.898  100.0 5313422.927   100.0 

