###############################################################
#  Generated by:      Cadence Innovus 17.14-s077_1
#  OS:                Linux x86_64(Host ID compute-srv2.eda.atme.in)
#  Generated on:      Mon Mar 25 20:27:49 2019
#  Design:            Hybrid_Decryption_Top
#  Command:           checkDesign -netlist
###############################################################
Design: Hybrid_Decryption_Top

------ Design Summary:
Total Standard Cell Number   (cells) : 106370
Total Block Cell Number      (cells) : 0
Total I/O Pad Cell Number    (cells) : 0
Total Standard Cell Area     ( um^2) : 194566.19
Total Block Cell Area        ( um^2) : 0.00
Total I/O Pad Cell Area      ( um^2) : 0.00

------ Design Statistics:

Number of Instances            : 106370
Number of Non-uniquified Insts : 106345
Number of Nets                 : 108004
Average number of Pins per Net : 3.66
Maximum number of Pins in Net  : 1281

------ I/O Port summary

Number of Primary I/O Ports    : 1283
Number of Input Ports          : 1026
Number of Output Ports         : 257
Number of Bidirectional Ports  : 0
Number of Power/Ground Ports   : 0



------------------------------------------------------------
Detail report:


------ I/O Pad/Port Checking

WARN : Port C2[255] is floating in the top design.
WARN : Port C2[254] is floating in the top design.
WARN : Port C2[253] is floating in the top design.
WARN : Port C2[252] is floating in the top design.
WARN : Port C2[251] is floating in the top design.
WARN : Port C2[250] is floating in the top design.
WARN : Port C2[249] is floating in the top design.
WARN : Port C2[248] is floating in the top design.
WARN : Port C2[247] is floating in the top design.
WARN : Port C2[246] is floating in the top design.
WARN : Port C2[245] is floating in the top design.
WARN : Port C2[244] is floating in the top design.
WARN : Port C2[243] is floating in the top design.
WARN : Port C2[242] is floating in the top design.
WARN : Port C2[241] is floating in the top design.
WARN : Port C2[240] is floating in the top design.
WARN : Port C2[239] is floating in the top design.
WARN : Port C2[238] is floating in the top design.
WARN : Port C2[237] is floating in the top design.
WARN : Port C2[236] is floating in the top design.
WARN : Port C2[235] is floating in the top design.
WARN : Port C2[234] is floating in the top design.
WARN : Port C2[233] is floating in the top design.
WARN : Port C2[232] is floating in the top design.
WARN : Port C2[231] is floating in the top design.
WARN : Port C2[230] is floating in the top design.
WARN : Port C2[229] is floating in the top design.
WARN : Port C2[228] is floating in the top design.
WARN : Port C2[227] is floating in the top design.
WARN : Port C2[226] is floating in the top design.
WARN : Port C2[225] is floating in the top design.
WARN : Port C2[224] is floating in the top design.
WARN : Port C2[223] is floating in the top design.
WARN : Port C2[222] is floating in the top design.
WARN : Port C2[221] is floating in the top design.
WARN : Port C2[220] is floating in the top design.
WARN : Port C2[219] is floating in the top design.
WARN : Port C2[218] is floating in the top design.
WARN : Port C2[217] is floating in the top design.
WARN : Port C2[216] is floating in the top design.
WARN : Port C2[215] is floating in the top design.
WARN : Port C2[214] is floating in the top design.
WARN : Port C2[213] is floating in the top design.
WARN : Port C2[212] is floating in the top design.
WARN : Port C2[211] is floating in the top design.
WARN : Port C2[210] is floating in the top design.
WARN : Port C2[209] is floating in the top design.
WARN : Port C2[208] is floating in the top design.
WARN : Port C2[207] is floating in the top design.
WARN : Port C2[206] is floating in the top design.
WARN : Port C2[205] is floating in the top design.
WARN : Port C2[204] is floating in the top design.
WARN : Port C2[203] is floating in the top design.
WARN : Port C2[202] is floating in the top design.
WARN : Port C2[201] is floating in the top design.
WARN : Port C2[200] is floating in the top design.
WARN : Port C2[199] is floating in the top design.
WARN : Port C2[198] is floating in the top design.
WARN : Port C2[197] is floating in the top design.
WARN : Port C2[196] is floating in the top design.
WARN : Port C2[195] is floating in the top design.
WARN : Port C2[194] is floating in the top design.
WARN : Port C2[193] is floating in the top design.
WARN : Port C2[192] is floating in the top design.
WARN : Port C2[191] is floating in the top design.
WARN : Port C2[190] is floating in the top design.
WARN : Port C2[189] is floating in the top design.
WARN : Port C2[188] is floating in the top design.
WARN : Port C2[187] is floating in the top design.
WARN : Port C2[186] is floating in the top design.
WARN : Port C2[185] is floating in the top design.
WARN : Port C2[184] is floating in the top design.
WARN : Port C2[183] is floating in the top design.
WARN : Port C2[182] is floating in the top design.
WARN : Port C2[181] is floating in the top design.
WARN : Port C2[180] is floating in the top design.
WARN : Port C2[179] is floating in the top design.
WARN : Port C2[178] is floating in the top design.
WARN : Port C2[177] is floating in the top design.
WARN : Port C2[176] is floating in the top design.
WARN : Port C2[175] is floating in the top design.
WARN : Port C2[174] is floating in the top design.
WARN : Port C2[173] is floating in the top design.
WARN : Port C2[172] is floating in the top design.
WARN : Port C2[171] is floating in the top design.
WARN : Port C2[170] is floating in the top design.
WARN : Port C2[169] is floating in the top design.
WARN : Port C2[168] is floating in the top design.
WARN : Port C2[167] is floating in the top design.
WARN : Port C2[166] is floating in the top design.
WARN : Port C2[165] is floating in the top design.
WARN : Port C2[164] is floating in the top design.
WARN : Port C2[163] is floating in the top design.
WARN : Port C2[162] is floating in the top design.
WARN : Port C2[161] is floating in the top design.
WARN : Port C2[160] is floating in the top design.
WARN : Port C2[159] is floating in the top design.
WARN : Port C2[158] is floating in the top design.
WARN : Port C2[157] is floating in the top design.
WARN : Port C2[156] is floating in the top design.
WARN : Port C2[155] is floating in the top design.
WARN : Port C2[154] is floating in the top design.
WARN : Port C2[153] is floating in the top design.
WARN : Port C2[152] is floating in the top design.
WARN : Port C2[151] is floating in the top design.
WARN : Port C2[150] is floating in the top design.
WARN : Port C2[149] is floating in the top design.
WARN : Port C2[148] is floating in the top design.
WARN : Port C2[147] is floating in the top design.
WARN : Port C2[146] is floating in the top design.
WARN : Port C2[145] is floating in the top design.
WARN : Port C2[144] is floating in the top design.
WARN : Port C2[143] is floating in the top design.
WARN : Port C2[142] is floating in the top design.
WARN : Port C2[141] is floating in the top design.
WARN : Port C2[140] is floating in the top design.
WARN : Port C2[139] is floating in the top design.
WARN : Port C2[138] is floating in the top design.
WARN : Port C2[137] is floating in the top design.
WARN : Port C2[136] is floating in the top design.
WARN : Port C2[135] is floating in the top design.
WARN : Port C2[134] is floating in the top design.
WARN : Port C2[133] is floating in the top design.
WARN : Port C2[132] is floating in the top design.
WARN : Port C2[131] is floating in the top design.
WARN : Port C2[130] is floating in the top design.
WARN : Port C2[129] is floating in the top design.
WARN : Port C2[128] is floating in the top design.
WARN : Port Aes_key[127] is floating in the top design.
WARN : Port Aes_key[126] is floating in the top design.
WARN : Port Aes_key[125] is floating in the top design.
WARN : Port Aes_key[124] is floating in the top design.
WARN : Port Aes_key[123] is floating in the top design.
WARN : Port Aes_key[122] is floating in the top design.
WARN : Port Aes_key[121] is floating in the top design.
WARN : Port Aes_key[120] is floating in the top design.
WARN : Port Aes_key[119] is floating in the top design.
WARN : Port Aes_key[118] is floating in the top design.
WARN : Port Aes_key[117] is floating in the top design.
WARN : Port Aes_key[116] is floating in the top design.
WARN : Port Aes_key[115] is floating in the top design.
WARN : Port Aes_key[114] is floating in the top design.
WARN : Port Aes_key[113] is floating in the top design.
WARN : Port Aes_key[112] is floating in the top design.
WARN : Port Aes_key[111] is floating in the top design.
WARN : Port Aes_key[110] is floating in the top design.
WARN : Port Aes_key[109] is floating in the top design.
WARN : Port Aes_key[108] is floating in the top design.
WARN : Port Aes_key[107] is floating in the top design.
WARN : Port Aes_key[106] is floating in the top design.
WARN : Port Aes_key[105] is floating in the top design.
WARN : Port Aes_key[104] is floating in the top design.
WARN : Port Aes_key[103] is floating in the top design.
WARN : Port Aes_key[102] is floating in the top design.
WARN : Port Aes_key[101] is floating in the top design.
WARN : Port Aes_key[100] is floating in the top design.
WARN : Port Aes_key[99] is floating in the top design.
WARN : Port Aes_key[98] is floating in the top design.
WARN : Port Aes_key[97] is floating in the top design.
WARN : Port Aes_key[96] is floating in the top design.
WARN : Port Aes_key[95] is floating in the top design.
WARN : Port Aes_key[94] is floating in the top design.
WARN : Port Aes_key[93] is floating in the top design.
WARN : Port Aes_key[92] is floating in the top design.
WARN : Port Aes_key[91] is floating in the top design.
WARN : Port Aes_key[90] is floating in the top design.
WARN : Port Aes_key[89] is floating in the top design.
WARN : Port Aes_key[88] is floating in the top design.
WARN : Port Aes_key[87] is floating in the top design.
WARN : Port Aes_key[86] is floating in the top design.
WARN : Port Aes_key[85] is floating in the top design.
WARN : Port Aes_key[84] is floating in the top design.
WARN : Port Aes_key[83] is floating in the top design.
WARN : Port Aes_key[82] is floating in the top design.
WARN : Port Aes_key[81] is floating in the top design.
WARN : Port Aes_key[80] is floating in the top design.
WARN : Port Aes_key[79] is floating in the top design.
WARN : Port Aes_key[78] is floating in the top design.
WARN : Port Aes_key[77] is floating in the top design.
WARN : Port Aes_key[76] is floating in the top design.
WARN : Port Aes_key[75] is floating in the top design.
WARN : Port Aes_key[74] is floating in the top design.
WARN : Port Aes_key[73] is floating in the top design.
WARN : Port Aes_key[72] is floating in the top design.
WARN : Port Aes_key[71] is floating in the top design.
WARN : Port Aes_key[70] is floating in the top design.
WARN : Port Aes_key[69] is floating in the top design.
WARN : Port Aes_key[68] is floating in the top design.
WARN : Port Aes_key[67] is floating in the top design.
WARN : Port Aes_key[66] is floating in the top design.
WARN : Port Aes_key[65] is floating in the top design.
WARN : Port Aes_key[64] is floating in the top design.
WARN : Port Aes_key[63] is floating in the top design.
WARN : Port Aes_key[62] is floating in the top design.
WARN : Port Aes_key[61] is floating in the top design.
WARN : Port Aes_key[60] is floating in the top design.
WARN : Port Aes_key[59] is floating in the top design.
WARN : Port Aes_key[58] is floating in the top design.
WARN : Port Aes_key[57] is floating in the top design.
WARN : Port Aes_key[56] is floating in the top design.
WARN : Port Aes_key[55] is floating in the top design.
WARN : Port Aes_key[54] is floating in the top design.
WARN : Port Aes_key[53] is floating in the top design.
WARN : Port Aes_key[52] is floating in the top design.
WARN : Port Aes_key[51] is floating in the top design.
WARN : Port Aes_key[50] is floating in the top design.
WARN : Port Aes_key[49] is floating in the top design.
WARN : Port Aes_key[48] is floating in the top design.
WARN : Port Aes_key[47] is floating in the top design.
WARN : Port Aes_key[46] is floating in the top design.
WARN : Port Aes_key[45] is floating in the top design.
WARN : Port Aes_key[44] is floating in the top design.
WARN : Port Aes_key[43] is floating in the top design.
WARN : Port Aes_key[42] is floating in the top design.
WARN : Port Aes_key[41] is floating in the top design.
WARN : Port Aes_key[40] is floating in the top design.
WARN : Port Aes_key[39] is floating in the top design.
WARN : Port Aes_key[38] is floating in the top design.
WARN : Port Aes_key[37] is floating in the top design.
WARN : Port Aes_key[36] is floating in the top design.
WARN : Port Aes_key[35] is floating in the top design.
WARN : Port Aes_key[34] is floating in the top design.
WARN : Port Aes_key[33] is floating in the top design.
WARN : Port Aes_key[32] is floating in the top design.
WARN : Port Aes_key[31] is floating in the top design.
WARN : Port Aes_key[30] is floating in the top design.
WARN : Port Aes_key[29] is floating in the top design.
WARN : Port Aes_key[28] is floating in the top design.
WARN : Port Aes_key[27] is floating in the top design.
WARN : Port Aes_key[26] is floating in the top design.
WARN : Port Aes_key[25] is floating in the top design.
WARN : Port Aes_key[24] is floating in the top design.
WARN : Port Aes_key[23] is floating in the top design.
WARN : Port Aes_key[22] is floating in the top design.
WARN : Port Aes_key[21] is floating in the top design.
WARN : Port Aes_key[20] is floating in the top design.
WARN : Port Aes_key[19] is floating in the top design.
WARN : Port Aes_key[18] is floating in the top design.
WARN : Port Aes_key[17] is floating in the top design.
WARN : Port Aes_key[16] is floating in the top design.
WARN : Port Aes_key[15] is floating in the top design.
WARN : Port Aes_key[14] is floating in the top design.
WARN : Port Aes_key[13] is floating in the top design.
WARN : Port Aes_key[12] is floating in the top design.
WARN : Port Aes_key[11] is floating in the top design.
WARN : Port Aes_key[10] is floating in the top design.
WARN : Port Aes_key[9] is floating in the top design.
WARN : Port Aes_key[8] is floating in the top design.
WARN : Port Aes_key[7] is floating in the top design.
WARN : Port Aes_key[6] is floating in the top design.
WARN : Port Aes_key[5] is floating in the top design.
WARN : Port Aes_key[4] is floating in the top design.
WARN : Port Aes_key[3] is floating in the top design.
WARN : Port Aes_key[2] is floating in the top design.
WARN : Port Aes_key[1] is floating in the top design.
WARN : Port Aes_key[0] is floating in the top design.

------ Primitive Pins DRC Checking

**WARN: Instance 'aes_uut/block2_step2_ex9/g22341' has multiple input pins tied together to net 'aes_uut/block2_step2_ex9/n_57'.
**WARN: Instance 'aes_uut/g151076' has multiple input pins tied together to net 'aes_uut/n_12939'.
**WARN: Instance 'aes_uut/g151076' has multiple input pins tied together to net 'aes_uut/key_s5[16]'.
**WARN: Instance 'aes_uut/g151075' has multiple input pins tied together to net 'aes_uut/n_14807'.
**WARN: Instance 'aes_uut/g151075' has multiple input pins tied together to net 'aes_uut/key_s5[0]'.
**WARN: Instance 'aes_uut/g151235' has multiple input pins tied together to net 'aes_uut/n_14796'.
**WARN: Instance 'aes_uut/g149702' has multiple input pins tied together to net 'aes_uut/n_28375'.
**WARN: Instance 'aes_uut/g149702' has multiple input pins tied together to net 'aes_uut/n_21673'.
**WARN: Instance 'aes_uut/g150514' has multiple input pins tied together to net 'aes_uut/n_14903'.
**WARN: Instance 'aes_uut/g150444' has multiple input pins tied together to net 'aes_uut/n_28276'.
**WARN: Instance 'aes_uut/g150695' has multiple input pins tied together to net 'aes_uut/n_14885'.
**WARN: Instance 'aes_uut/g151401' has multiple input pins tied together to net 'aes_uut/n_14792'.
**WARN: Instance 'aes_uut/g151401' has multiple input pins tied together to net 'aes_uut/n_20725'.
**WARN: Instance 'aes_uut/g151400' has multiple input pins tied together to net 'aes_uut/n_20730'.
**WARN: Instance 'aes_uut/g153568' has multiple input pins tied together to net 'aes_uut/n_14621'.
**WARN: Instance 'aes_uut/g151356' has multiple input pins tied together to net 'aes_uut/n_20685'.
**WARN: Instance 'aes_uut/g151356' has multiple input pins tied together to net 'aes_uut/n_20755'.
**WARN: Instance 'aes_uut/g153770' has multiple input pins tied together to net 'aes_uut/n_14604'.
**WARN: Instance 'aes_uut/g153975' has multiple input pins tied together to net 'aes_uut/n_19460'.
**WARN: Instance 'aes_uut/g152170' has multiple input pins tied together to net 'aes_uut/n_20459'.
**WARN: Instance 'aes_uut/g152127' has multiple input pins tied together to net 'aes_uut/n_28073'.
**WARN: Instance 'aes_uut/g152921' has multiple input pins tied together to net 'aes_uut/n_19870'.
**WARN: Instance 'aes_uut/g152921' has multiple input pins tied together to net 'aes_uut/n_28097'.
**WARN: Instance 'aes_uut/g153287' has multiple input pins tied together to net 'aes_uut/n_14644'.
**WARN: Instance 'aes_uut/g153288' has multiple input pins tied together to net 'aes_uut/n_14664'.
**WARN: Instance 'aes_uut/g153286' has multiple input pins tied together to net 'aes_uut/n_14641'.
**WARN: Instance 'aes_uut/g153280' has multiple input pins tied together to net 'aes_uut/n_14665'.
**WARN: Instance 'aes_uut/g153646' has multiple input pins tied together to net 'aes_uut/n_19501'.
**WARN: Instance 'aes_uut/g153488' has multiple input pins tied together to net 'aes_uut/n_19453'.
**WARN: Instance 'aes_uut/g153767' has multiple input pins tied together to net 'aes_uut/n_14580'.
**WARN: Instance 'aes_uut/g153767' has multiple input pins tied together to net 'aes_uut/n_19512'.
**WARN: Instance 'aes_uut/g155940' has multiple input pins tied together to net 'aes_uut/n_14418'.
**WARN: Instance 'aes_uut/g155940' has multiple input pins tied together to net 'aes_uut/n_14424'.
**WARN: Instance 'aes_uut/g154671' has multiple input pins tied together to net 'aes_uut/n_14536'.
**WARN: Instance 'aes_uut/g154664' has multiple input pins tied together to net 'aes_uut/n_19173'.
**WARN: Instance 'aes_uut/g154879' has multiple input pins tied together to net 'aes_uut/n_19040'.
**WARN: Instance 'aes_uut/g155236' has multiple input pins tied together to net 'aes_uut/n_18791'.
**WARN: Instance 'aes_uut/g155236' has multiple input pins tied together to net 'aes_uut/n_18769'.
**WARN: Instance 'aes_uut/g155558' has multiple input pins tied together to net 'aes_uut/n_18545'.
**WARN: Instance 'aes_uut/g158790' has multiple input pins tied together to net 'aes_uut/n_14152'.
**WARN: Instance 'aes_uut/g158790' has multiple input pins tied together to net 'aes_uut/n_14177'.
**WARN: Instance 'aes_uut/g158791' has multiple input pins tied together to net 'aes_uut/key_s2[7]'.
**WARN: Instance 'aes_uut/g157009' has multiple input pins tied together to net 'aes_uut/n_17970'.
**WARN: Instance 'aes_uut/g157009' has multiple input pins tied together to net 'aes_uut/n_14327'.
**WARN: Instance 'aes_uut/g157968' has multiple input pins tied together to net 'aes_uut/n_17334'.
**WARN: Instance 'aes_uut/g159328' has multiple input pins tied together to net 'aes_uut/n_16868'.
**WARN: Instance 'aes_uut/g160281' has multiple input pins tied together to net 'aes_uut/n_16138'.
**WARN: Instance 'aes_uut/g160281' has multiple input pins tied together to net 'aes_uut/n_14067'.
**WARN: Instance 'aes_uut/g160421' has multiple input pins tied together to net 'aes_uut/n_16054'.
**WARN: Instance 'aes_uut/g160380' has multiple input pins tied together to net 'aes_uut/n_14066'.
**WARN: Instance 'aes_uut/g160366' has multiple input pins tied together to net 'aes_uut/n_16119'.
**WARN: Instance 'aes_uut/g160422' has multiple input pins tied together to net 'aes_uut/n_14050'.
**WARN: Instance 'aes_uut/g140626' has multiple input pins tied together to net 'aes_uut/key_s9[45]'.
**WARN: Instance 'aes_uut/g140626' has multiple input pins tied together to net 'aes_uut/n_26525'.
**WARN: Instance 'aes_uut/g139202' has multiple input pins tied together to net 'aes_uut/n_27483'.
**WARN: Instance 'aes_uut/g139393' has multiple input pins tied together to net 'aes_uut/key_s10[91]'.
**WARN: Instance 'aes_uut/g140254' has multiple input pins tied together to net 'aes_uut/n_26694'.
**WARN: Instance 'aes_uut/g140254' has multiple input pins tied together to net 'aes_uut/n_26742'.
**WARN: Instance 'aes_uut/g140096' has multiple input pins tied together to net 'aes_uut/n_26816'.
**WARN: Instance 'aes_uut/g142304' has multiple input pins tied together to net 'aes_uut/key_s8[26]'.
**WARN: Instance 'aes_uut/g142304' has multiple input pins tied together to net 'aes_uut/n_25480'.
**WARN: Instance 'aes_uut/g141152' has multiple input pins tied together to net 'aes_uut/n_26194'.
**WARN: Instance 'aes_uut/g141152' has multiple input pins tied together to net 'aes_uut/n_13764'.
**WARN: Instance 'aes_uut/g142045' has multiple input pins tied together to net 'aes_uut/n_25557'.
**WARN: Instance 'aes_uut/g142045' has multiple input pins tied together to net 'aes_uut/n_25593'.
**WARN: Instance 'aes_uut/g142244' has multiple input pins tied together to net 'aes_uut/n_25455'.
**WARN: Instance 'aes_uut/g144045' has multiple input pins tied together to net 'aes_uut/key_s8[15]'.
**WARN: Instance 'aes_uut/g142978' has multiple input pins tied together to net 'aes_uut/n_15556'.
**WARN: Instance 'aes_uut/g143550' has multiple input pins tied together to net 'aes_uut/n_15513'.
**WARN: Instance 'aes_uut/g143550' has multiple input pins tied together to net 'aes_uut/n_15533'.
**WARN: Instance 'aes_uut/g143863' has multiple input pins tied together to net 'aes_uut/n_24454'.
**WARN: Instance 'aes_uut/g143863' has multiple input pins tied together to net 'aes_uut/n_24510'.
**WARN: Instance 'aes_uut/g146088' has multiple input pins tied together to net 'aes_uut/n_15301'.
**WARN: Instance 'aes_uut/g146088' has multiple input pins tied together to net 'aes_uut/n_15309'.
**WARN: Instance 'aes_uut/g146089' has multiple input pins tied together to net 'aes_uut/n_15311'.
**WARN: Instance 'aes_uut/g146248' has multiple input pins tied together to net 'aes_uut/n_15283'.
**WARN: Instance 'aes_uut/g146135' has multiple input pins tied together to net 'aes_uut/key_s7[12]'.
**WARN: Instance 'aes_uut/g146135' has multiple input pins tied together to net 'aes_uut/n_15310'.
**WARN: Instance 'aes_uut/g146139' has multiple input pins tied together to net 'aes_uut/n_15298'.
**WARN: Instance 'aes_uut/g144758' has multiple input pins tied together to net 'aes_uut/n_29181'.
**WARN: Instance 'aes_uut/g145300' has multiple input pins tied together to net 'aes_uut/n_15418'.
**WARN: Instance 'aes_uut/g145304' has multiple input pins tied together to net 'aes_uut/n_15417'.
**WARN: Instance 'aes_uut/g145304' has multiple input pins tied together to net 'aes_uut/n_15412'.
**WARN: Instance 'aes_uut/g145305' has multiple input pins tied together to net 'aes_uut/n_15415'.
**WARN: Instance 'aes_uut/g146133' has multiple input pins tied together to net 'aes_uut/n_15299'.
**WARN: Instance 'aes_uut/g146288' has multiple input pins tied together to net 'aes_uut/n_23176'.
**WARN: Instance 'aes_uut/g146288' has multiple input pins tied together to net 'aes_uut/n_23213'.
**WARN: Instance 'aes_uut/g148631' has multiple input pins tied together to net 'aes_uut/n_28849'.
**WARN: Instance 'aes_uut/g148708' has multiple input pins tied together to net 'aes_uut/n_15047'.
**WARN: Instance 'aes_uut/g147833' has multiple input pins tied together to net 'aes_uut/n_22410'.
**WARN: Instance 'aes_uut/g148157' has multiple input pins tied together to net 'aes_uut/n_15143'.
**WARN: Instance 'aes_uut/g148157' has multiple input pins tied together to net 'aes_uut/n_15141'.
**WARN: Instance 'aes_uut/g148703' has multiple input pins tied together to net 'aes_uut/n_15048'.
**WARN: Instance 'aes_uut/g148877' has multiple input pins tied together to net 'aes_uut/n_15053'.
**WARN: Instance 'aes_uut/g148874' has multiple input pins tied together to net 'aes_uut/n_21967'.
**WARN: Instance 'aes_uut/g148874' has multiple input pins tied together to net 'aes_uut/n_15027'.
**WARN: Instance 'aes_uut/g133531' has multiple input pins tied together to net 'aes_uut/n_29247'.
**WARN: Instance 'aes_uut/g133531' has multiple input pins tied together to net 'aes_uut/n_573'.
**WARN: Instance 'aes_uut/g131839' has multiple input pins tied together to net 'aes_uut/n_907'.
**WARN: Instance 'aes_uut/g135144' has multiple input pins tied together to net 'aes_uut/n_1286'.
**WARN: Instance 'aes_uut/g133530' has multiple input pins tied together to net 'aes_uut/n_2560'.
**WARN: Instance 'aes_uut/g135105' has multiple input pins tied together to net 'aes_uut/n_28911'.
**WARN: Instance 'aes_uut/g136152' has multiple input pins tied together to net 'aes_uut/n_28928'.
**WARN: Instance 'aes_uut/g136152' has multiple input pins tied together to net 'aes_uut/n_4140'.

------ Primitive Net DRC Check

WARNING : Net ecc_uut_k1/c_in[0] has multiple drivers
WARNING : Net ecc_uut_k1/c_in[1] has multiple drivers
WARNING : Net ecc_uut_k1/c_in[2] has multiple drivers
WARNING : Net ecc_uut_k1/c_in[3] has multiple drivers
WARNING : Net ecc_uut_k1/c_in[4] has multiple drivers
WARNING : Net ecc_uut_k1/c_in[5] has multiple drivers
WARNING : Net ecc_uut_k1/c_in[6] has multiple drivers
WARNING : Net ecc_uut_k1/c_in[7] has multiple drivers
WARNING : Net ecc_uut_k1/c_in[8] has multiple drivers
WARNING : Net ecc_uut_k1/c_in[9] has multiple drivers
WARNING : Net ecc_uut_k1/c_in[10] has multiple drivers
WARNING : Net ecc_uut_k1/c_in[11] has multiple drivers
WARNING : Net ecc_uut_k1/c_in[12] has multiple drivers
WARNING : Net ecc_uut_k1/c_in[13] has multiple drivers
WARNING : Net ecc_uut_k1/c_in[14] has multiple drivers
WARNING : Net ecc_uut_k1/c_in[15] has multiple drivers
WARNING : Net ecc_uut_k1/c_in[16] has multiple drivers
WARNING : Net ecc_uut_k1/c_in[17] has multiple drivers
WARNING : Net ecc_uut_k1/c_in[18] has multiple drivers
WARNING : Net ecc_uut_k1/c_in[19] has multiple drivers
WARNING : Net ecc_uut_k1/c_in[20] has multiple drivers
WARNING : Net ecc_uut_k1/c_in[21] has multiple drivers
WARNING : Net ecc_uut_k1/c_in[22] has multiple drivers
WARNING : Net ecc_uut_k1/c_in[23] has multiple drivers
WARNING : Net ecc_uut_k1/c_in[24] has multiple drivers
WARNING : Net ecc_uut_k1/c_in[25] has multiple drivers
WARNING : Net ecc_uut_k1/c_in[26] has multiple drivers
WARNING : Net ecc_uut_k1/c_in[27] has multiple drivers
WARNING : Net ecc_uut_k1/c_in[28] has multiple drivers
WARNING : Net ecc_uut_k1/c_in[29] has multiple drivers
WARNING : Net ecc_uut_k1/c_in[30] has multiple drivers
WARNING : Net ecc_uut_k1/c_in[31] has multiple drivers
WARNING : Net ecc_uut_k1/c_in[32] has multiple drivers
WARNING : Net ecc_uut_k1/c_in[33] has multiple drivers
WARNING : Net ecc_uut_k1/c_in[34] has multiple drivers
WARNING : Net ecc_uut_k1/c_in[35] has multiple drivers
WARNING : Net ecc_uut_k1/c_in[36] has multiple drivers
WARNING : Net ecc_uut_k1/c_in[37] has multiple drivers
WARNING : Net ecc_uut_k1/c_in[38] has multiple drivers
WARNING : Net ecc_uut_k1/c_in[39] has multiple drivers
WARNING : Net ecc_uut_k1/c_in[40] has multiple drivers
WARNING : Net ecc_uut_k1/c_in[41] has multiple drivers
WARNING : Net ecc_uut_k1/c_in[42] has multiple drivers
WARNING : Net ecc_uut_k1/c_in[43] has multiple drivers
WARNING : Net ecc_uut_k1/c_in[44] has multiple drivers
WARNING : Net ecc_uut_k1/c_in[45] has multiple drivers
WARNING : Net ecc_uut_k1/c_in[46] has multiple drivers
WARNING : Net ecc_uut_k1/c_in[47] has multiple drivers
WARNING : Net ecc_uut_k1/c_in[48] has multiple drivers
WARNING : Net ecc_uut_k1/c_in[49] has multiple drivers
WARNING : Net ecc_uut_k1/c_in[50] has multiple drivers
WARNING : Net ecc_uut_k1/c_in[51] has multiple drivers
WARNING : Net ecc_uut_k1/c_in[52] has multiple drivers
WARNING : Net ecc_uut_k1/c_in[53] has multiple drivers
WARNING : Net ecc_uut_k1/c_in[54] has multiple drivers
WARNING : Net ecc_uut_k1/c_in[55] has multiple drivers
WARNING : Net ecc_uut_k1/c_in[56] has multiple drivers
WARNING : Net ecc_uut_k1/c_in[57] has multiple drivers
WARNING : Net ecc_uut_k1/c_in[58] has multiple drivers
WARNING : Net ecc_uut_k1/c_in[59] has multiple drivers
WARNING : Net ecc_uut_k1/c_in[60] has multiple drivers
WARNING : Net ecc_uut_k1/c_in[61] has multiple drivers
WARNING : Net ecc_uut_k1/c_in[62] has multiple drivers
WARNING : Net ecc_uut_k1/c_in[63] has multiple drivers
WARNING : Net ecc_uut_k1/c_in[64] has multiple drivers
WARNING : Net ecc_uut_k1/c_in[65] has multiple drivers
WARNING : Net ecc_uut_k1/c_in[66] has multiple drivers
WARNING : Net ecc_uut_k1/c_in[67] has multiple drivers
WARNING : Net ecc_uut_k1/c_in[68] has multiple drivers
WARNING : Net ecc_uut_k1/c_in[69] has multiple drivers
WARNING : Net ecc_uut_k1/c_in[70] has multiple drivers
WARNING : Net ecc_uut_k1/c_in[71] has multiple drivers
WARNING : Net ecc_uut_k1/c_in[72] has multiple drivers
WARNING : Net ecc_uut_k1/c_in[73] has multiple drivers
WARNING : Net ecc_uut_k1/c_in[74] has multiple drivers
WARNING : Net ecc_uut_k1/c_in[75] has multiple drivers
WARNING : Net ecc_uut_k1/c_in[76] has multiple drivers
WARNING : Net ecc_uut_k1/c_in[77] has multiple drivers
WARNING : Net ecc_uut_k1/c_in[78] has multiple drivers
WARNING : Net ecc_uut_k1/c_in[79] has multiple drivers
WARNING : Net ecc_uut_k1/c_in[80] has multiple drivers
WARNING : Net ecc_uut_k1/c_in[81] has multiple drivers
WARNING : Net ecc_uut_k1/c_in[82] has multiple drivers
WARNING : Net ecc_uut_k1/c_in[83] has multiple drivers
WARNING : Net ecc_uut_k1/c_in[84] has multiple drivers
WARNING : Net ecc_uut_k1/c_in[85] has multiple drivers
WARNING : Net ecc_uut_k1/c_in[86] has multiple drivers
WARNING : Net ecc_uut_k1/c_in[87] has multiple drivers
WARNING : Net ecc_uut_k1/c_in[88] has multiple drivers
WARNING : Net ecc_uut_k1/c_in[89] has multiple drivers
WARNING : Net ecc_uut_k1/c_in[90] has multiple drivers
WARNING : Net ecc_uut_k1/c_in[91] has multiple drivers
WARNING : Net ecc_uut_k1/c_in[92] has multiple drivers
WARNING : Net ecc_uut_k1/c_in[93] has multiple drivers
WARNING : Net ecc_uut_k1/c_in[94] has multiple drivers
WARNING : Net ecc_uut_k1/c_in[95] has multiple drivers
WARNING : Net ecc_uut_k1/c_in[96] has multiple drivers
WARNING : Net ecc_uut_k1/c_in[97] has multiple drivers
WARNING : Net ecc_uut_k1/c_in[98] has multiple drivers
WARNING : Net ecc_uut_k1/c_in[99] has multiple drivers
WARNING : Net ecc_uut_k1/c_in[100] has multiple drivers
WARNING : Net ecc_uut_k1/c_in[101] has multiple drivers
WARNING : Net ecc_uut_k1/c_in[102] has multiple drivers
WARNING : Net ecc_uut_k1/c_in[103] has multiple drivers
WARNING : Net ecc_uut_k1/c_in[104] has multiple drivers
WARNING : Net ecc_uut_k1/c_in[105] has multiple drivers
WARNING : Net ecc_uut_k1/c_in[106] has multiple drivers
WARNING : Net ecc_uut_k1/c_in[107] has multiple drivers
WARNING : Net ecc_uut_k1/c_in[108] has multiple drivers
WARNING : Net ecc_uut_k1/c_in[109] has multiple drivers
WARNING : Net ecc_uut_k1/c_in[110] has multiple drivers
WARNING : Net ecc_uut_k1/c_in[111] has multiple drivers
WARNING : Net ecc_uut_k1/c_in[112] has multiple drivers
WARNING : Net ecc_uut_k1/c_in[113] has multiple drivers
WARNING : Net ecc_uut_k1/c_in[114] has multiple drivers
WARNING : Net ecc_uut_k1/c_in[115] has multiple drivers
WARNING : Net ecc_uut_k1/c_in[116] has multiple drivers
WARNING : Net ecc_uut_k1/c_in[117] has multiple drivers
WARNING : Net ecc_uut_k1/c_in[118] has multiple drivers
WARNING : Net ecc_uut_k1/c_in[119] has multiple drivers
WARNING : Net ecc_uut_k1/c_in[120] has multiple drivers
WARNING : Net ecc_uut_k1/c_in[121] has multiple drivers
WARNING : Net ecc_uut_k1/c_in[122] has multiple drivers
WARNING : Net ecc_uut_k1/c_in[123] has multiple drivers
WARNING : Net ecc_uut_k1/c_in[124] has multiple drivers
WARNING : Net ecc_uut_k1/c_in[125] has multiple drivers
WARNING : Net ecc_uut_k1/c_in[126] has multiple drivers
WARNING : Net ecc_uut_k1/c_in[127] has multiple drivers
WARNING : Net ecc_uut_k1/c_in[128] has multiple drivers
WARNING : Net ecc_uut_k1/c_in[129] has multiple drivers
WARNING : Net ecc_uut_k1/c_in[130] has multiple drivers
WARNING : Net ecc_uut_k1/c_in[131] has multiple drivers
WARNING : Net ecc_uut_k1/c_in[132] has multiple drivers
WARNING : Net ecc_uut_k1/c_in[133] has multiple drivers
WARNING : Net ecc_uut_k1/c_in[134] has multiple drivers
WARNING : Net ecc_uut_k1/c_in[135] has multiple drivers
WARNING : Net ecc_uut_k1/c_in[136] has multiple drivers
WARNING : Net ecc_uut_k1/c_in[137] has multiple drivers
WARNING : Net ecc_uut_k1/c_in[138] has multiple drivers
WARNING : Net ecc_uut_k1/c_in[139] has multiple drivers
WARNING : Net ecc_uut_k1/c_in[140] has multiple drivers
WARNING : Net ecc_uut_k1/c_in[141] has multiple drivers
WARNING : Net ecc_uut_k1/c_in[142] has multiple drivers
WARNING : Net ecc_uut_k1/c_in[143] has multiple drivers
WARNING : Net ecc_uut_k1/c_in[144] has multiple drivers
WARNING : Net ecc_uut_k1/c_in[145] has multiple drivers
WARNING : Net ecc_uut_k1/c_in[146] has multiple drivers
WARNING : Net ecc_uut_k1/c_in[147] has multiple drivers
WARNING : Net ecc_uut_k1/c_in[148] has multiple drivers
WARNING : Net ecc_uut_k1/c_in[149] has multiple drivers
WARNING : Net ecc_uut_k1/c_in[150] has multiple drivers
WARNING : Net ecc_uut_k1/c_in[151] has multiple drivers
WARNING : Net ecc_uut_k1/c_in[152] has multiple drivers
WARNING : Net ecc_uut_k1/c_in[153] has multiple drivers
WARNING : Net ecc_uut_k1/c_in[154] has multiple drivers
WARNING : Net ecc_uut_k1/c_in[155] has multiple drivers
WARNING : Net ecc_uut_k1/c_in[156] has multiple drivers
WARNING : Net ecc_uut_k1/c_in[157] has multiple drivers
WARNING : Net ecc_uut_k1/c_in[158] has multiple drivers
WARNING : Net ecc_uut_k1/c_in[159] has multiple drivers
WARNING : Net ecc_uut_k1/c_in[160] has multiple drivers
WARNING : Net ecc_uut_k1/c_in[161] has multiple drivers
WARNING : Net ecc_uut_k1/c_in[162] has multiple drivers
WARNING : Net ecc_uut_k1/c_in[163] has multiple drivers
WARNING : Net ecc_uut_k1/c_in[164] has multiple drivers
WARNING : Net ecc_uut_k1/c_in[165] has multiple drivers
WARNING : Net ecc_uut_k1/c_in[166] has multiple drivers
WARNING : Net ecc_uut_k1/c_in[167] has multiple drivers
WARNING : Net ecc_uut_k1/c_in[168] has multiple drivers
WARNING : Net ecc_uut_k1/c_in[169] has multiple drivers
WARNING : Net ecc_uut_k1/c_in[170] has multiple drivers
WARNING : Net ecc_uut_k1/c_in[171] has multiple drivers
WARNING : Net ecc_uut_k1/c_in[172] has multiple drivers
WARNING : Net ecc_uut_k1/c_in[173] has multiple drivers
WARNING : Net ecc_uut_k1/c_in[174] has multiple drivers
WARNING : Net ecc_uut_k1/c_in[175] has multiple drivers
WARNING : Net ecc_uut_k1/c_in[176] has multiple drivers
WARNING : Net ecc_uut_k1/c_in[177] has multiple drivers
WARNING : Net ecc_uut_k1/c_in[178] has multiple drivers
WARNING : Net ecc_uut_k1/c_in[179] has multiple drivers
WARNING : Net ecc_uut_k1/c_in[180] has multiple drivers
WARNING : Net ecc_uut_k1/c_in[181] has multiple drivers
WARNING : Net ecc_uut_k1/c_in[182] has multiple drivers
WARNING : Net ecc_uut_k1/c_in[183] has multiple drivers
WARNING : Net ecc_uut_k1/c_in[184] has multiple drivers
WARNING : Net ecc_uut_k1/c_in[185] has multiple drivers
WARNING : Net ecc_uut_k1/c_in[186] has multiple drivers
WARNING : Net ecc_uut_k1/c_in[187] has multiple drivers
WARNING : Net ecc_uut_k1/c_in[188] has multiple drivers
WARNING : Net ecc_uut_k1/c_in[189] has multiple drivers
WARNING : Net ecc_uut_k1/c_in[190] has multiple drivers
WARNING : Net ecc_uut_k1/c_in[191] has multiple drivers
WARNING : Net ecc_uut_k1/c_in[192] has multiple drivers
WARNING : Net ecc_uut_k1/c_in[193] has multiple drivers
WARNING : Net ecc_uut_k1/c_in[194] has multiple drivers
WARNING : Net ecc_uut_k1/c_in[195] has multiple drivers
WARNING : Net ecc_uut_k1/c_in[196] has multiple drivers
WARNING : Net ecc_uut_k1/c_in[197] has multiple drivers
WARNING : Net ecc_uut_k1/c_in[198] has multiple drivers
WARNING : Net ecc_uut_k1/c_in[199] has multiple drivers
WARNING : Net ecc_uut_k1/c_in[200] has multiple drivers
WARNING : Net ecc_uut_k1/c_in[201] has multiple drivers
WARNING : Net ecc_uut_k1/c_in[202] has multiple drivers
WARNING : Net ecc_uut_k1/c_in[203] has multiple drivers
WARNING : Net ecc_uut_k1/c_in[204] has multiple drivers
WARNING : Net ecc_uut_k1/c_in[205] has multiple drivers
WARNING : Net ecc_uut_k1/c_in[206] has multiple drivers
WARNING : Net ecc_uut_k1/c_in[207] has multiple drivers
WARNING : Net ecc_uut_k1/c_in[208] has multiple drivers
WARNING : Net ecc_uut_k1/c_in[209] has multiple drivers
WARNING : Net ecc_uut_k1/c_in[210] has multiple drivers
WARNING : Net ecc_uut_k1/c_in[211] has multiple drivers
WARNING : Net ecc_uut_k1/c_in[212] has multiple drivers
WARNING : Net ecc_uut_k1/c_in[213] has multiple drivers
WARNING : Net ecc_uut_k1/c_in[214] has multiple drivers
WARNING : Net ecc_uut_k1/c_in[215] has multiple drivers
WARNING : Net ecc_uut_k1/c_in[216] has multiple drivers
WARNING : Net ecc_uut_k1/c_in[217] has multiple drivers
WARNING : Net ecc_uut_k1/c_in[218] has multiple drivers
WARNING : Net ecc_uut_k1/c_in[219] has multiple drivers
WARNING : Net ecc_uut_k1/c_in[220] has multiple drivers
WARNING : Net ecc_uut_k1/c_in[221] has multiple drivers
WARNING : Net ecc_uut_k1/c_in[222] has multiple drivers
WARNING : Net ecc_uut_k1/c_in[223] has multiple drivers
WARNING : Net ecc_uut_k1/c_in[224] has multiple drivers
WARNING : Net ecc_uut_k1/c_in[225] has multiple drivers
WARNING : Net ecc_uut_k1/c_in[226] has multiple drivers
WARNING : Net ecc_uut_k1/c_in[227] has multiple drivers
WARNING : Net ecc_uut_k1/c_in[228] has multiple drivers
WARNING : Net ecc_uut_k1/c_in[229] has multiple drivers
WARNING : Net ecc_uut_k1/c_in[230] has multiple drivers
WARNING : Net ecc_uut_k1/c_in[231] has multiple drivers
WARNING : Net ecc_uut_k1/c_in[232] has multiple drivers
WARNING : Net ecc_uut_k1/c_in[233] has multiple drivers
WARNING : Net ecc_uut_k1/c_in[234] has multiple drivers
WARNING : Net ecc_uut_k1/c_in[235] has multiple drivers
WARNING : Net ecc_uut_k1/c_in[236] has multiple drivers
WARNING : Net ecc_uut_k1/c_in[237] has multiple drivers
WARNING : Net ecc_uut_k1/c_in[238] has multiple drivers
WARNING : Net ecc_uut_k1/c_in[239] has multiple drivers
WARNING : Net ecc_uut_k1/c_in[240] has multiple drivers
WARNING : Net ecc_uut_k1/c_in[241] has multiple drivers
WARNING : Net ecc_uut_k1/c_in[242] has multiple drivers
WARNING : Net ecc_uut_k1/c_in[243] has multiple drivers
WARNING : Net ecc_uut_k1/c_in[244] has multiple drivers
WARNING : Net ecc_uut_k1/c_in[245] has multiple drivers
WARNING : Net ecc_uut_k1/c_in[246] has multiple drivers
WARNING : Net ecc_uut_k1/c_in[247] has multiple drivers
WARNING : Net ecc_uut_k1/c_in[248] has multiple drivers
WARNING : Net ecc_uut_k1/c_in[249] has multiple drivers
WARNING : Net ecc_uut_k1/c_in[250] has multiple drivers
WARNING : Net ecc_uut_k1/c_in[251] has multiple drivers
WARNING : Net ecc_uut_k1/c_in[252] has multiple drivers
WARNING : Net ecc_uut_k1/c_in[253] has multiple drivers
WARNING : Net ecc_uut_k1/c_in[254] has multiple drivers
WARNING : Net ecc_uut_k1/c_in[255] has multiple drivers
WARNING : Net ecc_uut_k1/c_in[256] has multiple drivers
WARNING : Net ecc_uut_k1/c_in[257] has multiple drivers
WARNING : Net aes_uut/block0_R[7][0] has no driving pin
WARNING : Net aes_uut/block0_R[7][1] has no driving pin
WARNING : Net aes_uut/block0_R[7][2] has no driving pin
WARNING : Net aes_uut/block0_R[7][3] has no driving pin
WARNING : Net aes_uut/block0_R[7][4] has no driving pin
WARNING : Net aes_uut/block0_R[7][5] has no driving pin
WARNING : Net aes_uut/block0_R[7][6] has no driving pin
WARNING : Net aes_uut/block0_R[7][7] has no driving pin
WARNING : Net aes_uut/block0_R[7][8] has no driving pin
WARNING : Net aes_uut/block0_R[7][9] has no driving pin
WARNING : Net aes_uut/block0_R[7][10] has no driving pin
WARNING : Net aes_uut/block0_R[7][11] has no driving pin
WARNING : Net aes_uut/block0_R[7][12] has no driving pin
WARNING : Net aes_uut/block0_R[7][13] has no driving pin
WARNING : Net aes_uut/block0_R[7][14] has no driving pin
WARNING : Net aes_uut/block0_R[7][15] has no driving pin
WARNING : Net aes_uut/block0_R[7][16] has no driving pin
WARNING : Net aes_uut/block0_R[7][17] has no driving pin
WARNING : Net aes_uut/block0_R[7][18] has no driving pin
WARNING : Net aes_uut/block0_R[7][19] has no driving pin
WARNING : Net aes_uut/block0_R[7][20] has no driving pin
WARNING : Net aes_uut/block0_R[7][21] has no driving pin
WARNING : Net aes_uut/block0_R[7][22] has no driving pin
WARNING : Net aes_uut/block0_R[7][23] has no driving pin
WARNING : Net aes_uut/block0_R[7][24] has no driving pin
WARNING : Net aes_uut/block0_R[7][25] has no driving pin
WARNING : Net aes_uut/block0_R[7][26] has no driving pin
WARNING : Net aes_uut/block0_R[7][27] has no driving pin
WARNING : Net aes_uut/block0_R[7][28] has no driving pin
WARNING : Net aes_uut/block0_R[7][29] has no driving pin
WARNING : Net aes_uut/block0_R[7][30] has no driving pin
WARNING : Net aes_uut/block0_R[7][31] has no driving pin
WARNING : Net aes_uut/block0_R[8][0] has no driving pin
WARNING : Net aes_uut/block0_R[8][1] has no driving pin
WARNING : Net aes_uut/block0_R[8][2] has no driving pin
WARNING : Net aes_uut/block0_R[8][3] has no driving pin
WARNING : Net aes_uut/block0_R[8][4] has no driving pin
WARNING : Net aes_uut/block0_R[8][5] has no driving pin
WARNING : Net aes_uut/block0_R[8][6] has no driving pin
WARNING : Net aes_uut/block0_R[8][7] has no driving pin
WARNING : Net aes_uut/block0_R[8][8] has no driving pin
WARNING : Net aes_uut/block0_R[8][9] has no driving pin
WARNING : Net aes_uut/block0_R[8][10] has no driving pin
WARNING : Net aes_uut/block0_R[8][11] has no driving pin
WARNING : Net aes_uut/block0_R[8][12] has no driving pin
WARNING : Net aes_uut/block0_R[8][13] has no driving pin
WARNING : Net aes_uut/block0_R[8][14] has no driving pin
WARNING : Net aes_uut/block0_R[8][15] has no driving pin
WARNING : Net aes_uut/block0_R[8][16] has no driving pin
WARNING : Net aes_uut/block0_R[8][17] has no driving pin
WARNING : Net aes_uut/block0_R[8][18] has no driving pin
WARNING : Net aes_uut/block0_R[8][19] has no driving pin
WARNING : Net aes_uut/block0_R[8][20] has no driving pin
WARNING : Net aes_uut/block0_R[8][21] has no driving pin
WARNING : Net aes_uut/block0_R[8][22] has no driving pin
WARNING : Net aes_uut/block0_R[8][23] has no driving pin
WARNING : Net aes_uut/block0_R[8][24] has no driving pin
WARNING : Net aes_uut/block0_R[8][25] has no driving pin
WARNING : Net aes_uut/block0_R[8][26] has no driving pin
WARNING : Net aes_uut/block0_R[8][27] has no driving pin
WARNING : Net aes_uut/block0_R[8][28] has no driving pin
WARNING : Net aes_uut/block0_R[8][29] has no driving pin
WARNING : Net aes_uut/block0_R[8][30] has no driving pin
WARNING : Net aes_uut/block0_R[8][31] has no driving pin
WARNING : Net aes_uut/block0_R[9][0] has no driving pin
WARNING : Net aes_uut/block0_R[9][1] has no driving pin
WARNING : Net aes_uut/block0_R[9][2] has no driving pin
WARNING : Net aes_uut/block0_R[9][3] has no driving pin
WARNING : Net aes_uut/block0_R[9][4] has no driving pin
WARNING : Net aes_uut/block0_R[9][5] has no driving pin
WARNING : Net aes_uut/block0_R[9][6] has no driving pin
WARNING : Net aes_uut/block0_R[9][7] has no driving pin
WARNING : Net aes_uut/block0_R[9][8] has no driving pin
WARNING : Net aes_uut/block0_R[9][9] has no driving pin
WARNING : Net aes_uut/block0_R[9][10] has no driving pin
WARNING : Net aes_uut/block0_R[9][11] has no driving pin
WARNING : Net aes_uut/block0_R[9][12] has no driving pin
WARNING : Net aes_uut/block0_R[9][13] has no driving pin
WARNING : Net aes_uut/block0_R[9][14] has no driving pin
WARNING : Net aes_uut/block0_R[9][15] has no driving pin
WARNING : Net aes_uut/block0_R[9][16] has no driving pin
WARNING : Net aes_uut/block0_R[9][17] has no driving pin
WARNING : Net aes_uut/block0_R[9][18] has no driving pin
WARNING : Net aes_uut/block0_R[9][19] has no driving pin
WARNING : Net aes_uut/block0_R[9][20] has no driving pin
WARNING : Net aes_uut/block0_R[9][21] has no driving pin
WARNING : Net aes_uut/block0_R[9][22] has no driving pin
WARNING : Net aes_uut/block0_R[9][23] has no driving pin
WARNING : Net aes_uut/block0_R[9][24] has no driving pin
WARNING : Net aes_uut/block0_R[9][25] has no driving pin
WARNING : Net aes_uut/block0_R[9][26] has no driving pin
WARNING : Net aes_uut/block0_R[9][27] has no driving pin
WARNING : Net aes_uut/block0_R[9][28] has no driving pin
WARNING : Net aes_uut/block0_R[9][29] has no driving pin
WARNING : Net aes_uut/block0_R[9][30] has no driving pin
WARNING : Net aes_uut/block0_R[9][31] has no driving pin
WARNING : Net aes_uut/block0_R[10][0] has no driving pin
WARNING : Net aes_uut/block0_R[10][1] has no driving pin
WARNING : Net aes_uut/block0_R[10][2] has no driving pin
WARNING : Net aes_uut/block0_R[10][3] has no driving pin
WARNING : Net aes_uut/block0_R[10][4] has no driving pin
WARNING : Net aes_uut/block0_R[10][5] has no driving pin
WARNING : Net aes_uut/block0_R[10][6] has no driving pin
WARNING : Net aes_uut/block0_R[10][7] has no driving pin
WARNING : Net aes_uut/block0_R[10][8] has no driving pin
WARNING : Net aes_uut/block0_R[10][9] has no driving pin
WARNING : Net aes_uut/block0_R[10][10] has no driving pin
WARNING : Net aes_uut/block0_R[10][11] has no driving pin
WARNING : Net aes_uut/block0_R[10][12] has no driving pin
WARNING : Net aes_uut/block0_R[10][13] has no driving pin
WARNING : Net aes_uut/block0_R[10][14] has no driving pin
WARNING : Net aes_uut/block0_R[10][15] has no driving pin
WARNING : Net aes_uut/block0_R[10][16] has no driving pin
WARNING : Net aes_uut/block0_R[10][17] has no driving pin
WARNING : Net aes_uut/block0_R[10][18] has no driving pin
WARNING : Net aes_uut/block0_R[10][19] has no driving pin
WARNING : Net aes_uut/block0_R[10][20] has no driving pin
WARNING : Net aes_uut/block0_R[10][21] has no driving pin
WARNING : Net aes_uut/block0_R[10][22] has no driving pin
WARNING : Net aes_uut/block0_R[10][23] has no driving pin
WARNING : Net aes_uut/block0_R[10][24] has no driving pin
WARNING : Net aes_uut/block0_R[10][25] has no driving pin
WARNING : Net aes_uut/block0_R[10][26] has no driving pin
WARNING : Net aes_uut/block0_R[10][27] has no driving pin
WARNING : Net aes_uut/block0_R[10][28] has no driving pin
WARNING : Net aes_uut/block0_R[10][29] has no driving pin
WARNING : Net aes_uut/block0_R[10][30] has no driving pin
WARNING : Net aes_uut/block0_R[10][31] has no driving pin
WARNING : Net aes_uut/block0_R[1][0] has no driving pin
WARNING : Net aes_uut/block0_R[1][1] has no driving pin
WARNING : Net aes_uut/block0_R[1][2] has no driving pin
WARNING : Net aes_uut/block0_R[1][3] has no driving pin
WARNING : Net aes_uut/block0_R[1][4] has no driving pin
WARNING : Net aes_uut/block0_R[1][5] has no driving pin
WARNING : Net aes_uut/block0_R[1][6] has no driving pin
WARNING : Net aes_uut/block0_R[1][7] has no driving pin
WARNING : Net aes_uut/block0_R[1][8] has no driving pin
WARNING : Net aes_uut/block0_R[1][9] has no driving pin
WARNING : Net aes_uut/block0_R[1][10] has no driving pin
WARNING : Net aes_uut/block0_R[1][11] has no driving pin
WARNING : Net aes_uut/block0_R[1][12] has no driving pin
WARNING : Net aes_uut/block0_R[1][13] has no driving pin
WARNING : Net aes_uut/block0_R[1][14] has no driving pin
WARNING : Net aes_uut/block0_R[1][15] has no driving pin
WARNING : Net aes_uut/block0_R[1][16] has no driving pin
WARNING : Net aes_uut/block0_R[1][17] has no driving pin
WARNING : Net aes_uut/block0_R[1][18] has no driving pin
WARNING : Net aes_uut/block0_R[1][19] has no driving pin
WARNING : Net aes_uut/block0_R[1][20] has no driving pin
WARNING : Net aes_uut/block0_R[1][21] has no driving pin
WARNING : Net aes_uut/block0_R[1][22] has no driving pin
WARNING : Net aes_uut/block0_R[1][23] has no driving pin
WARNING : Net aes_uut/block0_R[1][24] has no driving pin
WARNING : Net aes_uut/block0_R[1][25] has no driving pin
WARNING : Net aes_uut/block0_R[1][26] has no driving pin
WARNING : Net aes_uut/block0_R[1][27] has no driving pin
WARNING : Net aes_uut/block0_R[1][28] has no driving pin
WARNING : Net aes_uut/block0_R[1][29] has no driving pin
WARNING : Net aes_uut/block0_R[1][30] has no driving pin
WARNING : Net aes_uut/block0_R[1][31] has no driving pin
WARNING : Net aes_uut/block0_R[2][0] has no driving pin
WARNING : Net aes_uut/block0_R[2][1] has no driving pin
WARNING : Net aes_uut/block0_R[2][2] has no driving pin
WARNING : Net aes_uut/block0_R[2][3] has no driving pin
WARNING : Net aes_uut/block0_R[2][4] has no driving pin
WARNING : Net aes_uut/block0_R[2][5] has no driving pin
WARNING : Net aes_uut/block0_R[2][6] has no driving pin
WARNING : Net aes_uut/block0_R[2][7] has no driving pin
WARNING : Net aes_uut/block0_R[2][8] has no driving pin
WARNING : Net aes_uut/block0_R[2][9] has no driving pin
WARNING : Net aes_uut/block0_R[2][10] has no driving pin
WARNING : Net aes_uut/block0_R[2][11] has no driving pin
WARNING : Net aes_uut/block0_R[2][12] has no driving pin
WARNING : Net aes_uut/block0_R[2][13] has no driving pin
WARNING : Net aes_uut/block0_R[2][14] has no driving pin
WARNING : Net aes_uut/block0_R[2][15] has no driving pin
WARNING : Net aes_uut/block0_R[2][16] has no driving pin
WARNING : Net aes_uut/block0_R[2][17] has no driving pin
WARNING : Net aes_uut/block0_R[2][18] has no driving pin
WARNING : Net aes_uut/block0_R[2][19] has no driving pin
WARNING : Net aes_uut/block0_R[2][20] has no driving pin
WARNING : Net aes_uut/block0_R[2][21] has no driving pin
WARNING : Net aes_uut/block0_R[2][22] has no driving pin
WARNING : Net aes_uut/block0_R[2][23] has no driving pin
WARNING : Net aes_uut/block0_R[2][24] has no driving pin
WARNING : Net aes_uut/block0_R[2][25] has no driving pin
WARNING : Net aes_uut/block0_R[2][26] has no driving pin
WARNING : Net aes_uut/block0_R[2][27] has no driving pin
WARNING : Net aes_uut/block0_R[2][28] has no driving pin
WARNING : Net aes_uut/block0_R[2][29] has no driving pin
WARNING : Net aes_uut/block0_R[2][30] has no driving pin
WARNING : Net aes_uut/block0_R[2][31] has no driving pin
WARNING : Net aes_uut/block0_R[3][0] has no driving pin
WARNING : Net aes_uut/block0_R[3][1] has no driving pin
WARNING : Net aes_uut/block0_R[3][2] has no driving pin
WARNING : Net aes_uut/block0_R[3][3] has no driving pin
WARNING : Net aes_uut/block0_R[3][4] has no driving pin
WARNING : Net aes_uut/block0_R[3][5] has no driving pin
WARNING : Net aes_uut/block0_R[3][6] has no driving pin
WARNING : Net aes_uut/block0_R[3][7] has no driving pin
WARNING : Net aes_uut/block0_R[3][8] has no driving pin
WARNING : Net aes_uut/block0_R[3][9] has no driving pin
WARNING : Net aes_uut/block0_R[3][10] has no driving pin
WARNING : Net aes_uut/block0_R[3][11] has no driving pin
WARNING : Net aes_uut/block0_R[3][12] has no driving pin
WARNING : Net aes_uut/block0_R[3][13] has no driving pin
WARNING : Net aes_uut/block0_R[3][14] has no driving pin
WARNING : Net aes_uut/block0_R[3][15] has no driving pin
WARNING : Net aes_uut/block0_R[3][16] has no driving pin
WARNING : Net aes_uut/block0_R[3][17] has no driving pin
WARNING : Net aes_uut/block0_R[3][18] has no driving pin
WARNING : Net aes_uut/block0_R[3][19] has no driving pin
WARNING : Net aes_uut/block0_R[3][20] has no driving pin
WARNING : Net aes_uut/block0_R[3][21] has no driving pin
WARNING : Net aes_uut/block0_R[3][22] has no driving pin
WARNING : Net aes_uut/block0_R[3][23] has no driving pin
WARNING : Net aes_uut/block0_R[3][24] has no driving pin
WARNING : Net aes_uut/block0_R[3][25] has no driving pin
WARNING : Net aes_uut/block0_R[3][26] has no driving pin
WARNING : Net aes_uut/block0_R[3][27] has no driving pin
WARNING : Net aes_uut/block0_R[3][28] has no driving pin
WARNING : Net aes_uut/block0_R[3][29] has no driving pin
WARNING : Net aes_uut/block0_R[3][30] has no driving pin
WARNING : Net aes_uut/block0_R[3][31] has no driving pin
WARNING : Net aes_uut/block0_R[4][0] has no driving pin
WARNING : Net aes_uut/block0_R[4][1] has no driving pin
WARNING : Net aes_uut/block0_R[4][2] has no driving pin
WARNING : Net aes_uut/block0_R[4][3] has no driving pin
WARNING : Net aes_uut/block0_R[4][4] has no driving pin
WARNING : Net aes_uut/block0_R[4][5] has no driving pin
WARNING : Net aes_uut/block0_R[4][6] has no driving pin
WARNING : Net aes_uut/block0_R[4][7] has no driving pin
WARNING : Net aes_uut/block0_R[4][8] has no driving pin
WARNING : Net aes_uut/block0_R[4][9] has no driving pin
WARNING : Net aes_uut/block0_R[4][10] has no driving pin
WARNING : Net aes_uut/block0_R[4][11] has no driving pin
WARNING : Net aes_uut/block0_R[4][12] has no driving pin
WARNING : Net aes_uut/block0_R[4][13] has no driving pin
WARNING : Net aes_uut/block0_R[4][14] has no driving pin
WARNING : Net aes_uut/block0_R[4][15] has no driving pin
WARNING : Net aes_uut/block0_R[4][16] has no driving pin
WARNING : Net aes_uut/block0_R[4][17] has no driving pin
WARNING : Net aes_uut/block0_R[4][18] has no driving pin
WARNING : Net aes_uut/block0_R[4][19] has no driving pin
WARNING : Net aes_uut/block0_R[4][20] has no driving pin
WARNING : Net aes_uut/block0_R[4][21] has no driving pin
WARNING : Net aes_uut/block0_R[4][22] has no driving pin
WARNING : Net aes_uut/block0_R[4][23] has no driving pin
WARNING : Net aes_uut/block0_R[4][24] has no driving pin
WARNING : Net aes_uut/block0_R[4][25] has no driving pin
WARNING : Net aes_uut/block0_R[4][26] has no driving pin
WARNING : Net aes_uut/block0_R[4][27] has no driving pin
WARNING : Net aes_uut/block0_R[4][28] has no driving pin
WARNING : Net aes_uut/block0_R[4][29] has no driving pin
WARNING : Net aes_uut/block0_R[4][30] has no driving pin
WARNING : Net aes_uut/block0_R[4][31] has no driving pin
WARNING : Net aes_uut/block0_R[5][0] has no driving pin
WARNING : Net aes_uut/block0_R[5][1] has no driving pin
WARNING : Net aes_uut/block0_R[5][2] has no driving pin
WARNING : Net aes_uut/block0_R[5][3] has no driving pin
WARNING : Net aes_uut/block0_R[5][4] has no driving pin
WARNING : Net aes_uut/block0_R[5][5] has no driving pin
WARNING : Net aes_uut/block0_R[5][6] has no driving pin
WARNING : Net aes_uut/block0_R[5][7] has no driving pin
WARNING : Net aes_uut/block0_R[5][8] has no driving pin
WARNING : Net aes_uut/block0_R[5][9] has no driving pin
WARNING : Net aes_uut/block0_R[5][10] has no driving pin
WARNING : Net aes_uut/block0_R[5][11] has no driving pin
WARNING : Net aes_uut/block0_R[5][12] has no driving pin
WARNING : Net aes_uut/block0_R[5][13] has no driving pin
WARNING : Net aes_uut/block0_R[5][14] has no driving pin
WARNING : Net aes_uut/block0_R[5][15] has no driving pin
WARNING : Net aes_uut/block0_R[5][16] has no driving pin
WARNING : Net aes_uut/block0_R[5][17] has no driving pin
WARNING : Net aes_uut/block0_R[5][18] has no driving pin
WARNING : Net aes_uut/block0_R[5][19] has no driving pin
WARNING : Net aes_uut/block0_R[5][20] has no driving pin
WARNING : Net aes_uut/block0_R[5][21] has no driving pin
WARNING : Net aes_uut/block0_R[5][22] has no driving pin
WARNING : Net aes_uut/block0_R[5][23] has no driving pin
WARNING : Net aes_uut/block0_R[5][24] has no driving pin
WARNING : Net aes_uut/block0_R[5][25] has no driving pin
WARNING : Net aes_uut/block0_R[5][26] has no driving pin
WARNING : Net aes_uut/block0_R[5][27] has no driving pin
WARNING : Net aes_uut/block0_R[5][28] has no driving pin
WARNING : Net aes_uut/block0_R[5][29] has no driving pin
WARNING : Net aes_uut/block0_R[5][30] has no driving pin
WARNING : Net aes_uut/block0_R[5][31] has no driving pin
WARNING : Net aes_uut/block0_R[6][0] has no driving pin
WARNING : Net aes_uut/block0_R[6][1] has no driving pin
WARNING : Net aes_uut/block0_R[6][2] has no driving pin
WARNING : Net aes_uut/block0_R[6][3] has no driving pin
WARNING : Net aes_uut/block0_R[6][4] has no driving pin
WARNING : Net aes_uut/block0_R[6][5] has no driving pin
WARNING : Net aes_uut/block0_R[6][6] has no driving pin
WARNING : Net aes_uut/block0_R[6][7] has no driving pin
WARNING : Net aes_uut/block0_R[6][8] has no driving pin
WARNING : Net aes_uut/block0_R[6][9] has no driving pin
WARNING : Net aes_uut/block0_R[6][10] has no driving pin
WARNING : Net aes_uut/block0_R[6][11] has no driving pin
WARNING : Net aes_uut/block0_R[6][12] has no driving pin
WARNING : Net aes_uut/block0_R[6][13] has no driving pin
WARNING : Net aes_uut/block0_R[6][14] has no driving pin
WARNING : Net aes_uut/block0_R[6][15] has no driving pin
WARNING : Net aes_uut/block0_R[6][16] has no driving pin
WARNING : Net aes_uut/block0_R[6][17] has no driving pin
WARNING : Net aes_uut/block0_R[6][18] has no driving pin
WARNING : Net aes_uut/block0_R[6][19] has no driving pin
WARNING : Net aes_uut/block0_R[6][20] has no driving pin
WARNING : Net aes_uut/block0_R[6][21] has no driving pin
WARNING : Net aes_uut/block0_R[6][22] has no driving pin
WARNING : Net aes_uut/block0_R[6][23] has no driving pin
WARNING : Net aes_uut/block0_R[6][24] has no driving pin
WARNING : Net aes_uut/block0_R[6][25] has no driving pin
WARNING : Net aes_uut/block0_R[6][26] has no driving pin
WARNING : Net aes_uut/block0_R[6][27] has no driving pin
WARNING : Net aes_uut/block0_R[6][28] has no driving pin
WARNING : Net aes_uut/block0_R[6][29] has no driving pin
WARNING : Net aes_uut/block0_R[6][30] has no driving pin
WARNING : Net aes_uut/block0_R[6][31] has no driving pin
WARNING : Net ecc_uut_k1/UNCONNECTED193 has no FanOut pin
WARNING : Net ecc_uut_k1/UNCONNECTED192 has no FanOut pin
WARNING : Net ecc_uut_k1/UNCONNECTED191 has no FanOut pin
WARNING : Net ecc_uut_k1/UNCONNECTED190 has no FanOut pin
WARNING : Net ecc_uut_k1/UNCONNECTED189 has no FanOut pin
WARNING : Net ecc_uut_k1/UNCONNECTED188 has no FanOut pin
WARNING : Net ecc_uut_k1/UNCONNECTED187 has no FanOut pin
WARNING : Net ecc_uut_k1/UNCONNECTED186 has no FanOut pin
WARNING : Net ecc_uut_k1/UNCONNECTED185 has no FanOut pin
WARNING : Net ecc_uut_k1/UNCONNECTED184 has no FanOut pin
WARNING : Net ecc_uut_k1/UNCONNECTED183 has no FanOut pin
WARNING : Net ecc_uut_k1/UNCONNECTED182 has no FanOut pin
WARNING : Net ecc_uut_k1/UNCONNECTED181 has no FanOut pin
WARNING : Net ecc_uut_k1/UNCONNECTED180 has no FanOut pin
WARNING : Net ecc_uut_k1/UNCONNECTED179 has no FanOut pin
WARNING : Net ecc_uut_k1/UNCONNECTED178 has no FanOut pin
WARNING : Net ecc_uut_k1/UNCONNECTED177 has no FanOut pin
WARNING : Net ecc_uut_k1/UNCONNECTED176 has no FanOut pin
WARNING : Net ecc_uut_k1/UNCONNECTED175 has no FanOut pin
WARNING : Net ecc_uut_k1/UNCONNECTED174 has no FanOut pin
WARNING : Net ecc_uut_k1/UNCONNECTED173 has no FanOut pin
WARNING : Net ecc_uut_k1/UNCONNECTED172 has no FanOut pin
WARNING : Net ecc_uut_k1/UNCONNECTED171 has no FanOut pin
WARNING : Net ecc_uut_k1/UNCONNECTED170 has no FanOut pin
WARNING : Net ecc_uut_k1/UNCONNECTED169 has no FanOut pin
WARNING : Net ecc_uut_k1/UNCONNECTED168 has no FanOut pin
WARNING : Net ecc_uut_k1/UNCONNECTED167 has no FanOut pin
WARNING : Net ecc_uut_k1/UNCONNECTED166 has no FanOut pin
WARNING : Net ecc_uut_k1/UNCONNECTED165 has no FanOut pin
WARNING : Net ecc_uut_k1/UNCONNECTED164 has no FanOut pin
WARNING : Net ecc_uut_k1/UNCONNECTED163 has no FanOut pin
WARNING : Net ecc_uut_k1/UNCONNECTED162 has no FanOut pin
WARNING : Net ecc_uut_k1/UNCONNECTED161 has no FanOut pin
WARNING : Net ecc_uut_k1/UNCONNECTED160 has no FanOut pin
WARNING : Net ecc_uut_k1/UNCONNECTED159 has no FanOut pin
WARNING : Net ecc_uut_k1/UNCONNECTED158 has no FanOut pin
WARNING : Net ecc_uut_k1/UNCONNECTED157 has no FanOut pin
WARNING : Net ecc_uut_k1/UNCONNECTED156 has no FanOut pin
WARNING : Net ecc_uut_k1/UNCONNECTED155 has no FanOut pin
WARNING : Net ecc_uut_k1/UNCONNECTED154 has no FanOut pin
WARNING : Net ecc_uut_k1/UNCONNECTED153 has no FanOut pin
WARNING : Net ecc_uut_k1/UNCONNECTED152 has no FanOut pin
WARNING : Net ecc_uut_k1/UNCONNECTED151 has no FanOut pin
WARNING : Net ecc_uut_k1/UNCONNECTED150 has no FanOut pin
WARNING : Net ecc_uut_k1/UNCONNECTED149 has no FanOut pin
WARNING : Net ecc_uut_k1/UNCONNECTED148 has no FanOut pin
WARNING : Net ecc_uut_k1/UNCONNECTED147 has no FanOut pin
WARNING : Net ecc_uut_k1/UNCONNECTED146 has no FanOut pin
WARNING : Net ecc_uut_k1/UNCONNECTED145 has no FanOut pin
WARNING : Net ecc_uut_k1/UNCONNECTED144 has no FanOut pin
WARNING : Net ecc_uut_k1/UNCONNECTED143 has no FanOut pin
WARNING : Net ecc_uut_k1/UNCONNECTED142 has no FanOut pin
WARNING : Net ecc_uut_k1/UNCONNECTED141 has no FanOut pin
WARNING : Net ecc_uut_k1/UNCONNECTED140 has no FanOut pin
WARNING : Net ecc_uut_k1/UNCONNECTED139 has no FanOut pin
WARNING : Net ecc_uut_k1/UNCONNECTED138 has no FanOut pin
WARNING : Net ecc_uut_k1/UNCONNECTED137 has no FanOut pin
WARNING : Net ecc_uut_k1/UNCONNECTED136 has no FanOut pin
WARNING : Net ecc_uut_k1/UNCONNECTED135 has no FanOut pin
WARNING : Net ecc_uut_k1/UNCONNECTED134 has no FanOut pin
WARNING : Net ecc_uut_k1/UNCONNECTED133 has no FanOut pin
WARNING : Net ecc_uut_k1/UNCONNECTED132 has no FanOut pin
WARNING : Net ecc_uut_k1/UNCONNECTED131 has no FanOut pin
WARNING : Net ecc_uut_k1/UNCONNECTED130 has no FanOut pin
WARNING : Net ecc_uut_k1/UNCONNECTED129 has no FanOut pin
WARNING : Net ecc_uut_k1/UNCONNECTED128 has no FanOut pin
WARNING : Net ecc_uut_k1/UNCONNECTED127 has no FanOut pin
WARNING : Net ecc_uut_k1/UNCONNECTED126 has no FanOut pin
WARNING : Net ecc_uut_k1/UNCONNECTED125 has no FanOut pin
WARNING : Net ecc_uut_k1/UNCONNECTED124 has no FanOut pin
WARNING : Net ecc_uut_k1/UNCONNECTED123 has no FanOut pin
WARNING : Net ecc_uut_k1/UNCONNECTED122 has no FanOut pin
WARNING : Net ecc_uut_k1/UNCONNECTED121 has no FanOut pin
WARNING : Net ecc_uut_k1/UNCONNECTED120 has no FanOut pin
WARNING : Net ecc_uut_k1/UNCONNECTED119 has no FanOut pin
WARNING : Net ecc_uut_k1/UNCONNECTED118 has no FanOut pin
WARNING : Net ecc_uut_k1/UNCONNECTED117 has no FanOut pin
WARNING : Net ecc_uut_k1/UNCONNECTED116 has no FanOut pin
WARNING : Net ecc_uut_k1/UNCONNECTED115 has no FanOut pin
WARNING : Net ecc_uut_k1/UNCONNECTED114 has no FanOut pin
WARNING : Net ecc_uut_k1/UNCONNECTED113 has no FanOut pin
WARNING : Net ecc_uut_k1/UNCONNECTED112 has no FanOut pin
WARNING : Net ecc_uut_k1/UNCONNECTED111 has no FanOut pin
WARNING : Net ecc_uut_k1/UNCONNECTED110 has no FanOut pin
WARNING : Net ecc_uut_k1/UNCONNECTED109 has no FanOut pin
WARNING : Net ecc_uut_k1/UNCONNECTED108 has no FanOut pin
WARNING : Net ecc_uut_k1/UNCONNECTED107 has no FanOut pin
WARNING : Net ecc_uut_k1/UNCONNECTED106 has no FanOut pin
WARNING : Net ecc_uut_k1/UNCONNECTED105 has no FanOut pin
WARNING : Net ecc_uut_k1/UNCONNECTED104 has no FanOut pin
WARNING : Net ecc_uut_k1/UNCONNECTED103 has no FanOut pin
WARNING : Net ecc_uut_k1/UNCONNECTED102 has no FanOut pin
WARNING : Net ecc_uut_k1/UNCONNECTED101 has no FanOut pin
WARNING : Net ecc_uut_k1/UNCONNECTED100 has no FanOut pin
WARNING : Net ecc_uut_k1/UNCONNECTED99 has no FanOut pin
WARNING : Net ecc_uut_k1/UNCONNECTED98 has no FanOut pin
WARNING : Net ecc_uut_k1/UNCONNECTED97 has no FanOut pin
WARNING : Net ecc_uut_k1/UNCONNECTED96 has no FanOut pin
WARNING : Net ecc_uut_k1/UNCONNECTED95 has no FanOut pin
WARNING : Net ecc_uut_k1/UNCONNECTED94 has no FanOut pin
WARNING : Net ecc_uut_k1/UNCONNECTED93 has no FanOut pin
WARNING : Net ecc_uut_k1/UNCONNECTED92 has no FanOut pin
WARNING : Net ecc_uut_k1/UNCONNECTED91 has no FanOut pin
WARNING : Net ecc_uut_k1/UNCONNECTED90 has no FanOut pin
WARNING : Net ecc_uut_k1/UNCONNECTED89 has no FanOut pin
WARNING : Net ecc_uut_k1/UNCONNECTED88 has no FanOut pin
WARNING : Net ecc_uut_k1/UNCONNECTED87 has no FanOut pin
WARNING : Net ecc_uut_k1/UNCONNECTED86 has no FanOut pin
WARNING : Net ecc_uut_k1/UNCONNECTED85 has no FanOut pin
WARNING : Net ecc_uut_k1/UNCONNECTED84 has no FanOut pin
WARNING : Net ecc_uut_k1/UNCONNECTED83 has no FanOut pin
WARNING : Net ecc_uut_k1/UNCONNECTED82 has no FanOut pin
WARNING : Net ecc_uut_k1/UNCONNECTED81 has no FanOut pin
WARNING : Net ecc_uut_k1/UNCONNECTED80 has no FanOut pin
WARNING : Net ecc_uut_k1/UNCONNECTED79 has no FanOut pin
WARNING : Net ecc_uut_k1/UNCONNECTED78 has no FanOut pin
WARNING : Net ecc_uut_k1/UNCONNECTED77 has no FanOut pin
WARNING : Net ecc_uut_k1/UNCONNECTED76 has no FanOut pin
WARNING : Net ecc_uut_k1/UNCONNECTED75 has no FanOut pin
WARNING : Net ecc_uut_k1/UNCONNECTED74 has no FanOut pin
WARNING : Net ecc_uut_k1/UNCONNECTED73 has no FanOut pin
WARNING : Net ecc_uut_k1/UNCONNECTED72 has no FanOut pin
WARNING : Net ecc_uut_k1/UNCONNECTED71 has no FanOut pin
WARNING : Net ecc_uut_k1/UNCONNECTED70 has no FanOut pin
WARNING : Net ecc_uut_k1/UNCONNECTED69 has no FanOut pin
WARNING : Net ecc_uut_k1/UNCONNECTED68 has no FanOut pin
WARNING : Net ecc_uut_k1/UNCONNECTED67 has no FanOut pin
WARNING : Net ecc_uut_k1/UNCONNECTED66 has no FanOut pin
WARNING : Net ecc_uut_k1/cmbsop_count_load[0] has no FanOut pin
WARNING : Net ecc_uut_k1/cmbsop_count_load[1] has no FanOut pin
WARNING : Net ecc_uut_k1/cmbsop_count_load[3] has no FanOut pin
WARNING : Net aes_uut/block1_step2_ex8/UNCONNECTED0 has no FanOut pin
WARNING : Net aes_uut/block1_step2_ex4/UNCONNECTED has no FanOut pin
WARNING : Net aes_uut/UNCONNECTED65 has no FanOut pin
WARNING : Net aes_uut/UNCONNECTED64 has no FanOut pin
WARNING : Net aes_uut/UNCONNECTED63 has no FanOut pin
WARNING : Net aes_uut/UNCONNECTED62 has no FanOut pin
WARNING : Net aes_uut/UNCONNECTED61 has no FanOut pin
WARNING : Net aes_uut/UNCONNECTED60 has no FanOut pin
WARNING : Net aes_uut/UNCONNECTED59 has no FanOut pin
WARNING : Net aes_uut/UNCONNECTED58 has no FanOut pin
WARNING : Net aes_uut/UNCONNECTED57 has no FanOut pin
WARNING : Net aes_uut/UNCONNECTED56 has no FanOut pin
WARNING : Net aes_uut/UNCONNECTED55 has no FanOut pin
WARNING : Net aes_uut/UNCONNECTED54 has no FanOut pin
WARNING : Net aes_uut/UNCONNECTED53 has no FanOut pin
WARNING : Net aes_uut/UNCONNECTED52 has no FanOut pin
WARNING : Net aes_uut/UNCONNECTED51 has no FanOut pin
WARNING : Net aes_uut/UNCONNECTED50 has no FanOut pin
WARNING : Net aes_uut/UNCONNECTED49 has no FanOut pin
WARNING : Net aes_uut/UNCONNECTED48 has no FanOut pin
WARNING : Net aes_uut/UNCONNECTED47 has no FanOut pin
WARNING : Net aes_uut/UNCONNECTED46 has no FanOut pin
WARNING : Net aes_uut/UNCONNECTED45 has no FanOut pin
WARNING : Net aes_uut/UNCONNECTED44 has no FanOut pin
WARNING : Net aes_uut/UNCONNECTED43 has no FanOut pin
WARNING : Net aes_uut/UNCONNECTED42 has no FanOut pin
WARNING : Net aes_uut/UNCONNECTED41 has no FanOut pin
WARNING : Net aes_uut/UNCONNECTED40 has no FanOut pin
WARNING : Net aes_uut/UNCONNECTED39 has no FanOut pin
WARNING : Net aes_uut/UNCONNECTED38 has no FanOut pin
WARNING : Net aes_uut/UNCONNECTED37 has no FanOut pin
WARNING : Net aes_uut/UNCONNECTED36 has no FanOut pin
WARNING : Net aes_uut/UNCONNECTED35 has no FanOut pin
WARNING : Net aes_uut/UNCONNECTED34 has no FanOut pin
WARNING : Net aes_uut/UNCONNECTED33 has no FanOut pin
WARNING : Net aes_uut/UNCONNECTED32 has no FanOut pin
WARNING : Net aes_uut/UNCONNECTED31 has no FanOut pin
WARNING : Net aes_uut/UNCONNECTED30 has no FanOut pin
WARNING : Net aes_uut/UNCONNECTED29 has no FanOut pin
WARNING : Net aes_uut/UNCONNECTED28 has no FanOut pin
WARNING : Net aes_uut/UNCONNECTED27 has no FanOut pin
WARNING : Net aes_uut/UNCONNECTED26 has no FanOut pin
WARNING : Net aes_uut/UNCONNECTED25 has no FanOut pin
WARNING : Net aes_uut/UNCONNECTED24 has no FanOut pin
WARNING : Net aes_uut/UNCONNECTED23 has no FanOut pin
WARNING : Net aes_uut/UNCONNECTED22 has no FanOut pin
WARNING : Net aes_uut/UNCONNECTED21 has no FanOut pin
WARNING : Net aes_uut/UNCONNECTED20 has no FanOut pin
WARNING : Net aes_uut/UNCONNECTED19 has no FanOut pin
WARNING : Net aes_uut/UNCONNECTED18 has no FanOut pin
WARNING : Net aes_uut/UNCONNECTED17 has no FanOut pin
WARNING : Net aes_uut/UNCONNECTED16 has no FanOut pin
WARNING : Net aes_uut/UNCONNECTED15 has no FanOut pin
WARNING : Net aes_uut/UNCONNECTED14 has no FanOut pin
WARNING : Net aes_uut/UNCONNECTED13 has no FanOut pin
WARNING : Net aes_uut/UNCONNECTED12 has no FanOut pin
WARNING : Net aes_uut/UNCONNECTED11 has no FanOut pin
WARNING : Net aes_uut/UNCONNECTED10 has no FanOut pin
WARNING : Net aes_uut/UNCONNECTED9 has no FanOut pin
WARNING : Net aes_uut/UNCONNECTED8 has no FanOut pin
WARNING : Net aes_uut/UNCONNECTED7 has no FanOut pin
WARNING : Net aes_uut/UNCONNECTED6 has no FanOut pin
WARNING : Net aes_uut/UNCONNECTED5 has no FanOut pin
WARNING : Net aes_uut/UNCONNECTED4 has no FanOut pin
WARNING : Net aes_uut/UNCONNECTED3 has no FanOut pin
WARNING : Net aes_uut/UNCONNECTED2 has no FanOut pin
WARNING : Net aes_uut/UNCONNECTED1 has no FanOut pin
WARNING : Net aes_uut/key_s8[32] has no FanOut pin
WARNING : Net aes_uut/key_s8[36] has no FanOut pin
WARNING : Net aes_uut/key_s8[37] has no FanOut pin
WARNING : Net aes_uut/key_s8[39] has no FanOut pin
WARNING : Net aes_uut/key_s8[42] has no FanOut pin
WARNING : Net aes_uut/key_s8[43] has no FanOut pin
WARNING : Net aes_uut/key_s8[45] has no FanOut pin
WARNING : Net aes_uut/key_s8[49] has no FanOut pin
WARNING : Net aes_uut/key_s8[51] has no FanOut pin
WARNING : Net aes_uut/key_s8[55] has no FanOut pin
WARNING : Net aes_uut/key_s8[81] has no FanOut pin
WARNING : Net aes_uut/key_s8[85] has no FanOut pin
WARNING : Net aes_uut/key_s8[88] has no FanOut pin
WARNING : Net aes_uut/key_s8[91] has no FanOut pin
WARNING : Net aes_uut/key_s8[95] has no FanOut pin
WARNING : Net aes_uut/key_s8[100] has no FanOut pin
WARNING : Net aes_uut/key_s8[102] has no FanOut pin
WARNING : Net aes_uut/key_s8[110] has no FanOut pin
WARNING : Net aes_uut/key_s8[116] has no FanOut pin
WARNING : Net aes_uut/key_s8[119] has no FanOut pin
WARNING : Net aes_uut/key_s8[120] has no FanOut pin
WARNING : Net aes_uut/key_s8[126] has no FanOut pin
WARNING : Net aes_uut/key_s9[4] has no FanOut pin
WARNING : Net aes_uut/key_s9[16] has no FanOut pin
WARNING : Net aes_uut/key_s9[17] has no FanOut pin
WARNING : Net aes_uut/key_s9[28] has no FanOut pin
WARNING : Net aes_uut/key_s9[41] has no FanOut pin
WARNING : Net aes_uut/key_s9[43] has no FanOut pin
WARNING : Net aes_uut/key_s9[65] has no FanOut pin
WARNING : Net aes_uut/key_s9[68] has no FanOut pin
WARNING : Net aes_uut/key_s9[69] has no FanOut pin
WARNING : Net aes_uut/key_s9[72] has no FanOut pin
WARNING : Net aes_uut/key_s9[83] has no FanOut pin
WARNING : Net aes_uut/key_s9[85] has no FanOut pin
WARNING : Net aes_uut/key_s9[86] has no FanOut pin
WARNING : Net aes_uut/key_s9[88] has no FanOut pin
WARNING : Net aes_uut/key_s9[89] has no FanOut pin
WARNING : Net aes_uut/key_s9[90] has no FanOut pin
WARNING : Net aes_uut/key_s9[96] has no FanOut pin
WARNING : Net aes_uut/key_s9[103] has no FanOut pin
WARNING : Net aes_uut/key_s9[108] has no FanOut pin
WARNING : Net aes_uut/key_s9[113] has no FanOut pin
WARNING : Net aes_uut/key_s9[118] has no FanOut pin
WARNING : Net aes_uut/key_s10[8] has no FanOut pin
WARNING : Net aes_uut/key_s10[11] has no FanOut pin
WARNING : Net aes_uut/key_s10[15] has no FanOut pin
WARNING : Net aes_uut/key_s10[17] has no FanOut pin
WARNING : Net aes_uut/key_s10[23] has no FanOut pin
WARNING : Net aes_uut/key_s10[24] has no FanOut pin
WARNING : Net aes_uut/key_s10[25] has no FanOut pin
WARNING : Net aes_uut/key_s10[31] has no FanOut pin
WARNING : Net aes_uut/key_s10[57] has no FanOut pin
WARNING : Net aes_uut/key_s10[60] has no FanOut pin
WARNING : Net aes_uut/key_s10[67] has no FanOut pin
WARNING : Net aes_uut/key_s10[70] has no FanOut pin
WARNING : Net aes_uut/key_s10[73] has no FanOut pin
WARNING : Net aes_uut/key_s10[84] has no FanOut pin
WARNING : Net aes_uut/key_s10[90] has no FanOut pin
WARNING : Net aes_uut/key_s10[94] has no FanOut pin
WARNING : Net aes_uut/key_s10[102] has no FanOut pin
WARNING : Net aes_uut/key_s10[113] has no FanOut pin
WARNING : Net aes_uut/key_s10[120] has no FanOut pin
WARNING : Net aes_uut/key_s10[122] has no FanOut pin
WARNING : Net aes_uut/key_s10[124] has no FanOut pin
WARNING : Net aes_uut/key_s10[126] has no FanOut pin
WARNING : Net aes_uut/round_in[0][2] has no FanOut pin
WARNING : Net aes_uut/round_in[0][3] has no FanOut pin
WARNING : Net aes_uut/round_in[0][6] has no FanOut pin
WARNING : Net aes_uut/round_in[0][12] has no FanOut pin
WARNING : Net aes_uut/round_in[0][18] has no FanOut pin
WARNING : Net aes_uut/round_in[0][22] has no FanOut pin
WARNING : Net aes_uut/round_in[0][25] has no FanOut pin
WARNING : Net aes_uut/round_in[0][28] has no FanOut pin
WARNING : Net aes_uut/round_in[0][30] has no FanOut pin
WARNING : Net aes_uut/round_in[0][31] has no FanOut pin
WARNING : Net aes_uut/round_in[0][41] has no FanOut pin
WARNING : Net aes_uut/round_in[0][46] has no FanOut pin
WARNING : Net aes_uut/round_in[0][55] has no FanOut pin
WARNING : Net aes_uut/round_in[0][57] has no FanOut pin
WARNING : Net aes_uut/round_in[0][60] has no FanOut pin
WARNING : Net aes_uut/round_in[0][64] has no FanOut pin
WARNING : Net aes_uut/round_in[0][66] has no FanOut pin
WARNING : Net aes_uut/round_in[0][70] has no FanOut pin
WARNING : Net aes_uut/round_in[0][71] has no FanOut pin
WARNING : Net aes_uut/round_in[0][75] has no FanOut pin
WARNING : Net aes_uut/round_in[0][76] has no FanOut pin
WARNING : Net aes_uut/round_in[0][78] has no FanOut pin
WARNING : Net aes_uut/round_in[0][79] has no FanOut pin
WARNING : Net aes_uut/round_in[0][88] has no FanOut pin
WARNING : Net aes_uut/round_in[0][92] has no FanOut pin
WARNING : Net aes_uut/round_in[0][94] has no FanOut pin
WARNING : Net aes_uut/round_in[0][95] has no FanOut pin
WARNING : Net aes_uut/round_in[0][96] has no FanOut pin
WARNING : Net aes_uut/round_in[0][99] has no FanOut pin
WARNING : Net aes_uut/round_in[0][101] has no FanOut pin
WARNING : Net aes_uut/round_in[0][102] has no FanOut pin
WARNING : Net aes_uut/round_in[0][104] has no FanOut pin
WARNING : Net aes_uut/round_in[0][107] has no FanOut pin
WARNING : Net aes_uut/round_in[0][109] has no FanOut pin
WARNING : Net aes_uut/round_in[0][110] has no FanOut pin
WARNING : Net aes_uut/round_in[0][112] has no FanOut pin
WARNING : Net aes_uut/round_in[0][113] has no FanOut pin
WARNING : Net aes_uut/round_in[0][116] has no FanOut pin
WARNING : Net aes_uut/round_in[0][119] has no FanOut pin
WARNING : Net aes_uut/round_in[0][120] has no FanOut pin
WARNING : Net aes_uut/round_in[0][122] has no FanOut pin
WARNING : Net aes_uut/round_in[0][123] has no FanOut pin
WARNING : Net aes_uut/round_in[0][124] has no FanOut pin
WARNING : Net aes_uut/round_in[0][126] has no FanOut pin
WARNING : Net aes_uut/round_in[0][127] has no FanOut pin
WARNING : Net aes_uut/key_s7[32] has no FanOut pin
WARNING : Net aes_uut/key_s7[33] has no FanOut pin
WARNING : Net aes_uut/key_s7[34] has no FanOut pin
WARNING : Net aes_uut/key_s7[35] has no FanOut pin
WARNING : Net aes_uut/key_s7[39] has no FanOut pin
WARNING : Net aes_uut/key_s7[40] has no FanOut pin
WARNING : Net aes_uut/key_s7[49] has no FanOut pin
WARNING : Net aes_uut/key_s7[53] has no FanOut pin
WARNING : Net aes_uut/key_s7[90] has no FanOut pin
WARNING : Net aes_uut/key_s7[96] has no FanOut pin
WARNING : Net aes_uut/key_s7[100] has no FanOut pin
WARNING : Net aes_uut/key_s7[102] has no FanOut pin
WARNING : Net aes_uut/key_s7[104] has no FanOut pin
WARNING : Net aes_uut/key_s7[108] has no FanOut pin
WARNING : Net aes_uut/key_s7[110] has no FanOut pin
WARNING : Net aes_uut/key_s7[115] has no FanOut pin
WARNING : Net aes_uut/key_s7[124] has no FanOut pin
WARNING : Net aes_uut/key_s7[126] has no FanOut pin
WARNING : Net aes_uut/key_s2[45] has no FanOut pin
WARNING : Net aes_uut/key_s2[53] has no FanOut pin
WARNING : Net aes_uut/key_s2[63] has no FanOut pin
WARNING : Net aes_uut/key_s2[113] has no FanOut pin
WARNING : Net aes_uut/key_s3[12] has no FanOut pin
WARNING : Net aes_uut/key_s3[42] has no FanOut pin
WARNING : Net aes_uut/key_s3[47] has no FanOut pin
WARNING : Net aes_uut/key_s3[53] has no FanOut pin
WARNING : Net aes_uut/key_s3[57] has no FanOut pin
WARNING : Net aes_uut/key_s3[58] has no FanOut pin
WARNING : Net aes_uut/key_s3[59] has no FanOut pin
WARNING : Net aes_uut/key_s3[61] has no FanOut pin
WARNING : Net aes_uut/key_s3[62] has no FanOut pin
WARNING : Net aes_uut/key_s3[63] has no FanOut pin
WARNING : Net aes_uut/key_s3[115] has no FanOut pin
WARNING : Net aes_uut/key_s3[119] has no FanOut pin
WARNING : Net aes_uut/key_s3[121] has no FanOut pin
WARNING : Net aes_uut/key_s3[127] has no FanOut pin
WARNING : Net aes_uut/key_s4[38] has no FanOut pin
WARNING : Net aes_uut/key_s4[39] has no FanOut pin
WARNING : Net aes_uut/key_s4[40] has no FanOut pin
WARNING : Net aes_uut/key_s4[42] has no FanOut pin
WARNING : Net aes_uut/key_s4[43] has no FanOut pin
WARNING : Net aes_uut/key_s4[44] has no FanOut pin
WARNING : Net aes_uut/key_s4[46] has no FanOut pin
WARNING : Net aes_uut/key_s4[47] has no FanOut pin
WARNING : Net aes_uut/key_s4[48] has no FanOut pin
WARNING : Net aes_uut/key_s4[55] has no FanOut pin
WARNING : Net aes_uut/key_s4[61] has no FanOut pin
WARNING : Net aes_uut/key_s4[96] has no FanOut pin
WARNING : Net aes_uut/key_s4[103] has no FanOut pin
WARNING : Net aes_uut/key_s4[105] has no FanOut pin
WARNING : Net aes_uut/key_s4[107] has no FanOut pin
WARNING : Net aes_uut/key_s4[108] has no FanOut pin
WARNING : Net aes_uut/key_s4[112] has no FanOut pin
WARNING : Net aes_uut/key_s4[119] has no FanOut pin
WARNING : Net aes_uut/key_s4[120] has no FanOut pin
WARNING : Net aes_uut/key_s4[123] has no FanOut pin
WARNING : Net aes_uut/key_s5[35] has no FanOut pin
WARNING : Net aes_uut/key_s5[40] has no FanOut pin
WARNING : Net aes_uut/key_s5[51] has no FanOut pin
WARNING : Net aes_uut/key_s5[52] has no FanOut pin
WARNING : Net aes_uut/key_s5[55] has no FanOut pin
WARNING : Net aes_uut/key_s5[56] has no FanOut pin
WARNING : Net aes_uut/key_s5[58] has no FanOut pin
WARNING : Net aes_uut/key_s5[63] has no FanOut pin
WARNING : Net aes_uut/key_s5[97] has no FanOut pin
WARNING : Net aes_uut/key_s5[98] has no FanOut pin
WARNING : Net aes_uut/key_s5[102] has no FanOut pin
WARNING : Net aes_uut/key_s5[106] has no FanOut pin
WARNING : Net aes_uut/key_s5[112] has no FanOut pin
WARNING : Net aes_uut/key_s5[113] has no FanOut pin
WARNING : Net aes_uut/key_s5[115] has no FanOut pin
WARNING : Net aes_uut/key_s5[118] has no FanOut pin
WARNING : Net aes_uut/key_s5[119] has no FanOut pin
WARNING : Net aes_uut/key_s5[120] has no FanOut pin
WARNING : Net aes_uut/key_s5[122] has no FanOut pin
WARNING : Net aes_uut/key_s6[2] has no FanOut pin
WARNING : Net aes_uut/key_s6[4] has no FanOut pin
WARNING : Net aes_uut/key_s6[7] has no FanOut pin
WARNING : Net aes_uut/key_s6[32] has no FanOut pin
WARNING : Net aes_uut/key_s6[37] has no FanOut pin
WARNING : Net aes_uut/key_s6[38] has no FanOut pin
WARNING : Net aes_uut/key_s6[39] has no FanOut pin
WARNING : Net aes_uut/key_s6[41] has no FanOut pin
WARNING : Net aes_uut/key_s6[42] has no FanOut pin
WARNING : Net aes_uut/key_s6[43] has no FanOut pin
WARNING : Net aes_uut/key_s6[45] has no FanOut pin
WARNING : Net aes_uut/key_s6[46] has no FanOut pin
WARNING : Net aes_uut/key_s6[47] has no FanOut pin
WARNING : Net aes_uut/key_s6[54] has no FanOut pin
WARNING : Net aes_uut/key_s6[61] has no FanOut pin
WARNING : Net aes_uut/key_s6[80] has no FanOut pin
WARNING : Net aes_uut/key_s6[89] has no FanOut pin
WARNING : Net aes_uut/key_s6[107] has no FanOut pin
WARNING : Net aes_uut/key_s6[115] has no FanOut pin
WARNING : Net aes_uut/key_s6[122] has no FanOut pin
WARNING : Net aes_uut/key_s6[123] has no FanOut pin
WARNING : Net UNCONNECTED194 has no FanOut pin
WARNING : Net ecc_uut_dC1[128] has no FanOut pin
WARNING : Net ecc_uut_dC1[129] has no FanOut pin
WARNING : Net ecc_uut_dC1[130] has no FanOut pin
WARNING : Net ecc_uut_dC1[131] has no FanOut pin
WARNING : Net ecc_uut_dC1[132] has no FanOut pin
WARNING : Net ecc_uut_dC1[133] has no FanOut pin
WARNING : Net ecc_uut_dC1[134] has no FanOut pin
WARNING : Net ecc_uut_dC1[135] has no FanOut pin
WARNING : Net ecc_uut_dC1[136] has no FanOut pin
WARNING : Net ecc_uut_dC1[137] has no FanOut pin
WARNING : Net ecc_uut_dC1[138] has no FanOut pin
WARNING : Net ecc_uut_dC1[139] has no FanOut pin
WARNING : Net ecc_uut_dC1[140] has no FanOut pin
WARNING : Net ecc_uut_dC1[141] has no FanOut pin
WARNING : Net ecc_uut_dC1[142] has no FanOut pin
WARNING : Net ecc_uut_dC1[143] has no FanOut pin
WARNING : Net ecc_uut_dC1[144] has no FanOut pin
WARNING : Net ecc_uut_dC1[145] has no FanOut pin
WARNING : Net ecc_uut_dC1[146] has no FanOut pin
WARNING : Net ecc_uut_dC1[147] has no FanOut pin
WARNING : Net ecc_uut_dC1[148] has no FanOut pin
WARNING : Net ecc_uut_dC1[149] has no FanOut pin
WARNING : Net ecc_uut_dC1[150] has no FanOut pin
WARNING : Net ecc_uut_dC1[151] has no FanOut pin
WARNING : Net ecc_uut_dC1[152] has no FanOut pin
WARNING : Net ecc_uut_dC1[153] has no FanOut pin
WARNING : Net ecc_uut_dC1[154] has no FanOut pin
WARNING : Net ecc_uut_dC1[155] has no FanOut pin
WARNING : Net ecc_uut_dC1[156] has no FanOut pin
WARNING : Net ecc_uut_dC1[157] has no FanOut pin
WARNING : Net ecc_uut_dC1[158] has no FanOut pin
WARNING : Net ecc_uut_dC1[159] has no FanOut pin
WARNING : Net ecc_uut_dC1[160] has no FanOut pin
WARNING : Net ecc_uut_dC1[161] has no FanOut pin
WARNING : Net ecc_uut_dC1[162] has no FanOut pin
WARNING : Net ecc_uut_dC1[163] has no FanOut pin
WARNING : Net ecc_uut_dC1[164] has no FanOut pin
WARNING : Net ecc_uut_dC1[165] has no FanOut pin
WARNING : Net ecc_uut_dC1[166] has no FanOut pin
WARNING : Net ecc_uut_dC1[167] has no FanOut pin
WARNING : Net ecc_uut_dC1[168] has no FanOut pin
WARNING : Net ecc_uut_dC1[169] has no FanOut pin
WARNING : Net ecc_uut_dC1[170] has no FanOut pin
WARNING : Net ecc_uut_dC1[171] has no FanOut pin
WARNING : Net ecc_uut_dC1[172] has no FanOut pin
WARNING : Net ecc_uut_dC1[173] has no FanOut pin
WARNING : Net ecc_uut_dC1[174] has no FanOut pin
WARNING : Net ecc_uut_dC1[175] has no FanOut pin
WARNING : Net ecc_uut_dC1[176] has no FanOut pin
WARNING : Net ecc_uut_dC1[177] has no FanOut pin
WARNING : Net ecc_uut_dC1[178] has no FanOut pin
WARNING : Net ecc_uut_dC1[179] has no FanOut pin
WARNING : Net ecc_uut_dC1[180] has no FanOut pin
WARNING : Net ecc_uut_dC1[181] has no FanOut pin
WARNING : Net ecc_uut_dC1[182] has no FanOut pin
WARNING : Net ecc_uut_dC1[183] has no FanOut pin
WARNING : Net ecc_uut_dC1[184] has no FanOut pin
WARNING : Net ecc_uut_dC1[185] has no FanOut pin
WARNING : Net ecc_uut_dC1[186] has no FanOut pin
WARNING : Net ecc_uut_dC1[187] has no FanOut pin
WARNING : Net ecc_uut_dC1[188] has no FanOut pin
WARNING : Net ecc_uut_dC1[189] has no FanOut pin
WARNING : Net ecc_uut_dC1[190] has no FanOut pin
WARNING : Net ecc_uut_dC1[191] has no FanOut pin
WARNING : Net ecc_uut_dC1[192] has no FanOut pin
WARNING : Net ecc_uut_dC1[193] has no FanOut pin
WARNING : Net ecc_uut_dC1[194] has no FanOut pin
WARNING : Net ecc_uut_dC1[195] has no FanOut pin
WARNING : Net ecc_uut_dC1[196] has no FanOut pin
WARNING : Net ecc_uut_dC1[197] has no FanOut pin
WARNING : Net ecc_uut_dC1[198] has no FanOut pin
WARNING : Net ecc_uut_dC1[199] has no FanOut pin
WARNING : Net ecc_uut_dC1[200] has no FanOut pin
WARNING : Net ecc_uut_dC1[201] has no FanOut pin
WARNING : Net ecc_uut_dC1[202] has no FanOut pin
WARNING : Net ecc_uut_dC1[203] has no FanOut pin
WARNING : Net ecc_uut_dC1[204] has no FanOut pin
WARNING : Net ecc_uut_dC1[205] has no FanOut pin
WARNING : Net ecc_uut_dC1[206] has no FanOut pin
WARNING : Net ecc_uut_dC1[207] has no FanOut pin
WARNING : Net ecc_uut_dC1[208] has no FanOut pin
WARNING : Net ecc_uut_dC1[209] has no FanOut pin
WARNING : Net ecc_uut_dC1[210] has no FanOut pin
WARNING : Net ecc_uut_dC1[211] has no FanOut pin
WARNING : Net ecc_uut_dC1[212] has no FanOut pin
WARNING : Net ecc_uut_dC1[213] has no FanOut pin
WARNING : Net ecc_uut_dC1[214] has no FanOut pin
WARNING : Net ecc_uut_dC1[215] has no FanOut pin
WARNING : Net ecc_uut_dC1[216] has no FanOut pin
WARNING : Net ecc_uut_dC1[217] has no FanOut pin
WARNING : Net ecc_uut_dC1[218] has no FanOut pin
WARNING : Net ecc_uut_dC1[219] has no FanOut pin
WARNING : Net ecc_uut_dC1[220] has no FanOut pin
WARNING : Net ecc_uut_dC1[221] has no FanOut pin
WARNING : Net ecc_uut_dC1[222] has no FanOut pin
WARNING : Net ecc_uut_dC1[223] has no FanOut pin
WARNING : Net ecc_uut_dC1[224] has no FanOut pin
WARNING : Net ecc_uut_dC1[225] has no FanOut pin
WARNING : Net ecc_uut_dC1[226] has no FanOut pin
WARNING : Net ecc_uut_dC1[227] has no FanOut pin
WARNING : Net ecc_uut_dC1[228] has no FanOut pin
WARNING : Net ecc_uut_dC1[229] has no FanOut pin
WARNING : Net ecc_uut_dC1[230] has no FanOut pin
WARNING : Net ecc_uut_dC1[231] has no FanOut pin
WARNING : Net ecc_uut_dC1[232] has no FanOut pin
WARNING : Net ecc_uut_dC1[233] has no FanOut pin
WARNING : Net ecc_uut_dC1[234] has no FanOut pin
WARNING : Net ecc_uut_dC1[235] has no FanOut pin
WARNING : Net ecc_uut_dC1[236] has no FanOut pin
WARNING : Net ecc_uut_dC1[237] has no FanOut pin
WARNING : Net ecc_uut_dC1[238] has no FanOut pin
WARNING : Net ecc_uut_dC1[239] has no FanOut pin
WARNING : Net ecc_uut_dC1[240] has no FanOut pin
WARNING : Net ecc_uut_dC1[241] has no FanOut pin
WARNING : Net ecc_uut_dC1[242] has no FanOut pin
WARNING : Net ecc_uut_dC1[243] has no FanOut pin
WARNING : Net ecc_uut_dC1[244] has no FanOut pin
WARNING : Net ecc_uut_dC1[245] has no FanOut pin
WARNING : Net ecc_uut_dC1[246] has no FanOut pin
WARNING : Net ecc_uut_dC1[247] has no FanOut pin
WARNING : Net ecc_uut_dC1[248] has no FanOut pin
WARNING : Net ecc_uut_dC1[249] has no FanOut pin
WARNING : Net ecc_uut_dC1[250] has no FanOut pin
WARNING : Net ecc_uut_dC1[251] has no FanOut pin
WARNING : Net ecc_uut_dC1[252] has no FanOut pin
WARNING : Net ecc_uut_dC1[253] has no FanOut pin
WARNING : Net ecc_uut_dC1[254] has no FanOut pin
WARNING : Net ecc_uut_dC1[255] has no FanOut pin
WARNING : Net Aes_key[0] has no FanOut pin
WARNING : Net Aes_key[1] has no FanOut pin
WARNING : Net Aes_key[2] has no FanOut pin
WARNING : Net Aes_key[3] has no FanOut pin
WARNING : Net Aes_key[4] has no FanOut pin
WARNING : Net Aes_key[5] has no FanOut pin
WARNING : Net Aes_key[6] has no FanOut pin
WARNING : Net Aes_key[7] has no FanOut pin
WARNING : Net Aes_key[8] has no FanOut pin
WARNING : Net Aes_key[9] has no FanOut pin
WARNING : Net Aes_key[10] has no FanOut pin
WARNING : Net Aes_key[11] has no FanOut pin
WARNING : Net Aes_key[12] has no FanOut pin
WARNING : Net Aes_key[13] has no FanOut pin
WARNING : Net Aes_key[14] has no FanOut pin
WARNING : Net Aes_key[15] has no FanOut pin
WARNING : Net Aes_key[16] has no FanOut pin
WARNING : Net Aes_key[17] has no FanOut pin
WARNING : Net Aes_key[18] has no FanOut pin
WARNING : Net Aes_key[19] has no FanOut pin
WARNING : Net Aes_key[20] has no FanOut pin
WARNING : Net Aes_key[21] has no FanOut pin
WARNING : Net Aes_key[22] has no FanOut pin
WARNING : Net Aes_key[23] has no FanOut pin
WARNING : Net Aes_key[24] has no FanOut pin
WARNING : Net Aes_key[25] has no FanOut pin
WARNING : Net Aes_key[26] has no FanOut pin
WARNING : Net Aes_key[27] has no FanOut pin
WARNING : Net Aes_key[28] has no FanOut pin
WARNING : Net Aes_key[29] has no FanOut pin
WARNING : Net Aes_key[30] has no FanOut pin
WARNING : Net Aes_key[31] has no FanOut pin
WARNING : Net Aes_key[32] has no FanOut pin
WARNING : Net Aes_key[33] has no FanOut pin
WARNING : Net Aes_key[34] has no FanOut pin
WARNING : Net Aes_key[35] has no FanOut pin
WARNING : Net Aes_key[36] has no FanOut pin
WARNING : Net Aes_key[37] has no FanOut pin
WARNING : Net Aes_key[38] has no FanOut pin
WARNING : Net Aes_key[39] has no FanOut pin
WARNING : Net Aes_key[40] has no FanOut pin
WARNING : Net Aes_key[41] has no FanOut pin
WARNING : Net Aes_key[42] has no FanOut pin
WARNING : Net Aes_key[43] has no FanOut pin
WARNING : Net Aes_key[44] has no FanOut pin
WARNING : Net Aes_key[45] has no FanOut pin
WARNING : Net Aes_key[46] has no FanOut pin
WARNING : Net Aes_key[47] has no FanOut pin
WARNING : Net Aes_key[48] has no FanOut pin
WARNING : Net Aes_key[49] has no FanOut pin
WARNING : Net Aes_key[50] has no FanOut pin
WARNING : Net Aes_key[51] has no FanOut pin
WARNING : Net Aes_key[52] has no FanOut pin
WARNING : Net Aes_key[53] has no FanOut pin
WARNING : Net Aes_key[54] has no FanOut pin
WARNING : Net Aes_key[55] has no FanOut pin
WARNING : Net Aes_key[56] has no FanOut pin
WARNING : Net Aes_key[57] has no FanOut pin
WARNING : Net Aes_key[58] has no FanOut pin
WARNING : Net Aes_key[59] has no FanOut pin
WARNING : Net Aes_key[60] has no FanOut pin
WARNING : Net Aes_key[61] has no FanOut pin
WARNING : Net Aes_key[62] has no FanOut pin
WARNING : Net Aes_key[63] has no FanOut pin
WARNING : Net Aes_key[64] has no FanOut pin
WARNING : Net Aes_key[65] has no FanOut pin
WARNING : Net Aes_key[66] has no FanOut pin
WARNING : Net Aes_key[67] has no FanOut pin
WARNING : Net Aes_key[68] has no FanOut pin
WARNING : Net Aes_key[69] has no FanOut pin
WARNING : Net Aes_key[70] has no FanOut pin
WARNING : Net Aes_key[71] has no FanOut pin
WARNING : Net Aes_key[72] has no FanOut pin
WARNING : Net Aes_key[73] has no FanOut pin
WARNING : Net Aes_key[74] has no FanOut pin
WARNING : Net Aes_key[75] has no FanOut pin
WARNING : Net Aes_key[76] has no FanOut pin
WARNING : Net Aes_key[77] has no FanOut pin
WARNING : Net Aes_key[78] has no FanOut pin
WARNING : Net Aes_key[79] has no FanOut pin
WARNING : Net Aes_key[80] has no FanOut pin
WARNING : Net Aes_key[81] has no FanOut pin
WARNING : Net Aes_key[82] has no FanOut pin
WARNING : Net Aes_key[83] has no FanOut pin
WARNING : Net Aes_key[84] has no FanOut pin
WARNING : Net Aes_key[85] has no FanOut pin
WARNING : Net Aes_key[86] has no FanOut pin
WARNING : Net Aes_key[87] has no FanOut pin
WARNING : Net Aes_key[88] has no FanOut pin
WARNING : Net Aes_key[89] has no FanOut pin
WARNING : Net Aes_key[90] has no FanOut pin
WARNING : Net Aes_key[91] has no FanOut pin
WARNING : Net Aes_key[92] has no FanOut pin
WARNING : Net Aes_key[93] has no FanOut pin
WARNING : Net Aes_key[94] has no FanOut pin
WARNING : Net Aes_key[95] has no FanOut pin
WARNING : Net Aes_key[96] has no FanOut pin
WARNING : Net Aes_key[97] has no FanOut pin
WARNING : Net Aes_key[98] has no FanOut pin
WARNING : Net Aes_key[99] has no FanOut pin
WARNING : Net Aes_key[100] has no FanOut pin
WARNING : Net Aes_key[101] has no FanOut pin
WARNING : Net Aes_key[102] has no FanOut pin
WARNING : Net Aes_key[103] has no FanOut pin
WARNING : Net Aes_key[104] has no FanOut pin
WARNING : Net Aes_key[105] has no FanOut pin
WARNING : Net Aes_key[106] has no FanOut pin
WARNING : Net Aes_key[107] has no FanOut pin
WARNING : Net Aes_key[108] has no FanOut pin
WARNING : Net Aes_key[109] has no FanOut pin
WARNING : Net Aes_key[110] has no FanOut pin
WARNING : Net Aes_key[111] has no FanOut pin
WARNING : Net Aes_key[112] has no FanOut pin
WARNING : Net Aes_key[113] has no FanOut pin
WARNING : Net Aes_key[114] has no FanOut pin
WARNING : Net Aes_key[115] has no FanOut pin
WARNING : Net Aes_key[116] has no FanOut pin
WARNING : Net Aes_key[117] has no FanOut pin
WARNING : Net Aes_key[118] has no FanOut pin
WARNING : Net Aes_key[119] has no FanOut pin
WARNING : Net Aes_key[120] has no FanOut pin
WARNING : Net Aes_key[121] has no FanOut pin
WARNING : Net Aes_key[122] has no FanOut pin
WARNING : Net Aes_key[123] has no FanOut pin
WARNING : Net Aes_key[124] has no FanOut pin
WARNING : Net Aes_key[125] has no FanOut pin
WARNING : Net Aes_key[126] has no FanOut pin
WARNING : Net Aes_key[127] has no FanOut pin
WARNING : Net C2[128] has no FanOut pin
WARNING : Net C2[129] has no FanOut pin
WARNING : Net C2[130] has no FanOut pin
WARNING : Net C2[131] has no FanOut pin
WARNING : Net C2[132] has no FanOut pin
WARNING : Net C2[133] has no FanOut pin
WARNING : Net C2[134] has no FanOut pin
WARNING : Net C2[135] has no FanOut pin
WARNING : Net C2[136] has no FanOut pin
WARNING : Net C2[137] has no FanOut pin
WARNING : Net C2[138] has no FanOut pin
WARNING : Net C2[139] has no FanOut pin
WARNING : Net C2[140] has no FanOut pin
WARNING : Net C2[141] has no FanOut pin
WARNING : Net C2[142] has no FanOut pin
WARNING : Net C2[143] has no FanOut pin
WARNING : Net C2[144] has no FanOut pin
WARNING : Net C2[145] has no FanOut pin
WARNING : Net C2[146] has no FanOut pin
WARNING : Net C2[147] has no FanOut pin
WARNING : Net C2[148] has no FanOut pin
WARNING : Net C2[149] has no FanOut pin
WARNING : Net C2[150] has no FanOut pin
WARNING : Net C2[151] has no FanOut pin
WARNING : Net C2[152] has no FanOut pin
WARNING : Net C2[153] has no FanOut pin
WARNING : Net C2[154] has no FanOut pin
WARNING : Net C2[155] has no FanOut pin
WARNING : Net C2[156] has no FanOut pin
WARNING : Net C2[157] has no FanOut pin
WARNING : Net C2[158] has no FanOut pin
WARNING : Net C2[159] has no FanOut pin
WARNING : Net C2[160] has no FanOut pin
WARNING : Net C2[161] has no FanOut pin
WARNING : Net C2[162] has no FanOut pin
WARNING : Net C2[163] has no FanOut pin
WARNING : Net C2[164] has no FanOut pin
WARNING : Net C2[165] has no FanOut pin
WARNING : Net C2[166] has no FanOut pin
WARNING : Net C2[167] has no FanOut pin
WARNING : Net C2[168] has no FanOut pin
WARNING : Net C2[169] has no FanOut pin
WARNING : Net C2[170] has no FanOut pin
WARNING : Net C2[171] has no FanOut pin
WARNING : Net C2[172] has no FanOut pin
WARNING : Net C2[173] has no FanOut pin
WARNING : Net C2[174] has no FanOut pin
WARNING : Net C2[175] has no FanOut pin
WARNING : Net C2[176] has no FanOut pin
WARNING : Net C2[177] has no FanOut pin
WARNING : Net C2[178] has no FanOut pin
WARNING : Net C2[179] has no FanOut pin
WARNING : Net C2[180] has no FanOut pin
WARNING : Net C2[181] has no FanOut pin
WARNING : Net C2[182] has no FanOut pin
WARNING : Net C2[183] has no FanOut pin
WARNING : Net C2[184] has no FanOut pin
WARNING : Net C2[185] has no FanOut pin
WARNING : Net C2[186] has no FanOut pin
WARNING : Net C2[187] has no FanOut pin
WARNING : Net C2[188] has no FanOut pin
WARNING : Net C2[189] has no FanOut pin
WARNING : Net C2[190] has no FanOut pin
WARNING : Net C2[191] has no FanOut pin
WARNING : Net C2[192] has no FanOut pin
WARNING : Net C2[193] has no FanOut pin
WARNING : Net C2[194] has no FanOut pin
WARNING : Net C2[195] has no FanOut pin
WARNING : Net C2[196] has no FanOut pin
WARNING : Net C2[197] has no FanOut pin
WARNING : Net C2[198] has no FanOut pin
WARNING : Net C2[199] has no FanOut pin
WARNING : Net C2[200] has no FanOut pin
WARNING : Net C2[201] has no FanOut pin
WARNING : Net C2[202] has no FanOut pin
WARNING : Net C2[203] has no FanOut pin
WARNING : Net C2[204] has no FanOut pin
WARNING : Net C2[205] has no FanOut pin
WARNING : Net C2[206] has no FanOut pin
WARNING : Net C2[207] has no FanOut pin
WARNING : Net C2[208] has no FanOut pin
WARNING : Net C2[209] has no FanOut pin
WARNING : Net C2[210] has no FanOut pin
WARNING : Net C2[211] has no FanOut pin
WARNING : Net C2[212] has no FanOut pin
WARNING : Net C2[213] has no FanOut pin
WARNING : Net C2[214] has no FanOut pin
WARNING : Net C2[215] has no FanOut pin
WARNING : Net C2[216] has no FanOut pin
WARNING : Net C2[217] has no FanOut pin
WARNING : Net C2[218] has no FanOut pin
WARNING : Net C2[219] has no FanOut pin
WARNING : Net C2[220] has no FanOut pin
WARNING : Net C2[221] has no FanOut pin
WARNING : Net C2[222] has no FanOut pin
WARNING : Net C2[223] has no FanOut pin
WARNING : Net C2[224] has no FanOut pin
WARNING : Net C2[225] has no FanOut pin
WARNING : Net C2[226] has no FanOut pin
WARNING : Net C2[227] has no FanOut pin
WARNING : Net C2[228] has no FanOut pin
WARNING : Net C2[229] has no FanOut pin
WARNING : Net C2[230] has no FanOut pin
WARNING : Net C2[231] has no FanOut pin
WARNING : Net C2[232] has no FanOut pin
WARNING : Net C2[233] has no FanOut pin
WARNING : Net C2[234] has no FanOut pin
WARNING : Net C2[235] has no FanOut pin
WARNING : Net C2[236] has no FanOut pin
WARNING : Net C2[237] has no FanOut pin
WARNING : Net C2[238] has no FanOut pin
WARNING : Net C2[239] has no FanOut pin
WARNING : Net C2[240] has no FanOut pin
WARNING : Net C2[241] has no FanOut pin
WARNING : Net C2[242] has no FanOut pin
WARNING : Net C2[243] has no FanOut pin
WARNING : Net C2[244] has no FanOut pin
WARNING : Net C2[245] has no FanOut pin
WARNING : Net C2[246] has no FanOut pin
WARNING : Net C2[247] has no FanOut pin
WARNING : Net C2[248] has no FanOut pin
WARNING : Net C2[249] has no FanOut pin
WARNING : Net C2[250] has no FanOut pin
WARNING : Net C2[251] has no FanOut pin
WARNING : Net C2[252] has no FanOut pin
WARNING : Net C2[253] has no FanOut pin
WARNING : Net C2[254] has no FanOut pin
WARNING : Net C2[255] has no FanOut pin
WARNING : Net ecc_uut_k1/rc_gclk has 128 fanout
WARNING : Net ecc_uut_k1/r2_rc_gclk has 258 fanout
WARNING : Net ecc_uut_k1/r1_rc_gclk has 256 fanout
WARNING : Net ecc_uut_k1/count_rc_gclk has 256 fanout
WARNING : Net ecc_uut_k1/c_load has 258 fanout
WARNING : Net n_1160 has 130 fanout
WARNING : Net gated_clk has 1280 fanout
WARNING : Net ecc_uut_rc_gclk has 129 fanout
WARNING : Net clk has 525 fanout

