Command: report datapath > reports_Jun21-01:07:35/generic/Hybrid_Decryption_Top_datapath.rpt
============================================================
  Generated by:           Genus(TM) Synthesis Solution 21.14-s082_1
  Generated on:           Jun 21 2025  01:16:05 am
  Module:                 Hybrid_Decryption_Top
  Technology libraries:   fast 
                          slow 
  Operating conditions:   fast (balanced_tree)
  Wireload mode:          enclosed
  Area mode:              timing library
============================================================


Inferred components

                 Operator   Signedness  Inputs Outputs CellArea 
================================================================
Hybrid_Decryption_Top
 ecc_uut_k1
  WALLACE_CSA_DUMMY_OP_groupi
   
   module:WALLACE_CSA_DUMMY_OP_group_1930
    very_fast csa_and_adder            258x258 258     31577.22 
   equation:
   assign out_0 = (($signed({1'b0,in_0}) + $signed({1'b0,in_1})) - 257'sb01111111111111111111111111111111111111111111111111111111111111111111111111111111111111111111111111111111111111111111111111111111111111111111111111111111111111111111111111111111111111111111111111111111111111111111111111111111011111111111111111111110000101111);
----------------------------------------------------------------
================================================================
Hybrid_Decryption_Top
 ecc_uut_k1
  inc_add_123_38
   
   module:increment_unsigned_1366_4137
    very_fast   increment   unsigned   256x1   256     13587.59 
================================================================
Hybrid_Decryption_Top
 ecc_uut_k1
  sub_148_31
   
   module:sub_unsigned_3280
    very_fast       -       unsigned   258x256 258     14159.78 
================================================================

      Type        CellArea  Percentage 
---------------------------------------
datapath modules   59324.58       3.67 
external muxes         0.00       0.00 
others           1558354.10      96.33 
---------------------------------------
total            1617678.68     100.00 

