

Working Directory = /home/vivarthan/Music/Project_major/Hybrid_aes_ecc/decryption/pd/work
QoS Summary for Hybrid_Decryption_Top
================================================================================
Metric                          generic         map            
================================================================================
Slack (ps):                    -6,142          -6,945
  R2R (ps):                    -6,142          -6,945
  I2R (ps):                       311              36
  R2O (ps):                     1,133           1,138
  I2O (ps):                  no_value        no_value
  CG  (ps):                     1,004           1,006
TNS (ps):                  -2,770,824      -3,542,787
  R2R (ps):                -2,770,824      -3,542,787
  I2R (ps):                         0               0
  R2O (ps):                         0               0
  I2O (ps):                  no_value        no_value
  CG  (ps):                         0               0
Failing Paths:                  1,006           1,548
Cell Area:                  1,570,031         610,960
Total Cell Area:            1,570,031         610,960
Leaf Instances:               198,715         117,365
Total Instances:              198,715         117,365
Utilization (%):                 0.00            0.00
Tot. Net Length (um):        no_value        no_value
Avg. Net Length (um):        no_value        no_value
Route Overflow H (%):        no_value        no_value
Route Overflow V (%):        no_value        no_value
MBCI(%) (bits/gate) :            0.00            0.00
Norm Cong Hotspot Area:
  Max Cong:                  no_value        no_value
  Tot Cong:                  no_value        no_value
================================================================================
CPU  Runtime (h:m:s):        00:43:07        00:05:01
Real Runtime (h:m:s):        00:37:48        00:46:22
CPU  Elapsed (h:m:s):        00:43:15        00:18:16
Real Elapsed (h:m:s):        00:37:52        00:54:14
Memory (MB):                  2772.68         2762.67
================================================================================
================================================================================
Flow Settings:
================================================================================
Total Runtime (h:m:s): 00:54:22
Total Memory (MB):     2770.67
Executable Version:    21.14-s082_1
================================================================================
Total Cell Area =  Cell Area + Physical Cell Area
Total Instances =  Leaf Instances + Physical Instances


