============================================================
  Generated by:           Genus(TM) Synthesis Solution 21.14-s082_1
  Generated on:           Jun 21 2025  01:16:56 am
  Module:                 Hybrid_Decryption_Top
  Technology libraries:   fast 
                          slow 
  Operating conditions:   fast (balanced_tree)
  Wireload mode:          enclosed
  Area mode:              timing library
============================================================

Timing
--------

Clock Period 
-------------
clk   2000.0 
VCLK  2000.0 


        Cost          Critical                Violating 
       Group         Path Slack      TNS        Paths   
--------------------------------------------------------
cg_enable_group_clk      1004.2          0.0          0 
clk                     -6142.2   -2770823.9       1006 
default                No paths          0.0            
VCLK                     1133.2          0.0          0 
--------------------------------------------------------
Total                             -2770823.9       1006 

Instance Count
--------------
Leaf Instance Count             198715 
Physical Instance count              0 
Sequential Instance Count         2834 
Combinational Instance Count    195881 
Hierarchical Instance Count        173 

Area
----
Cell Area                          1570030.574
Physical Cell Area                 0.000
Total Cell Area (Cell+Physical)    1570030.574
Net Area                           0.000
Total Area (Cell+Physical+Net)     1570030.574

Runtime                            84.367771 seconds
Elapsed Runtime                    479 seconds
Genus peak memory usage            2785.21 
Innovus peak memory usage          no_value 
Hostname                           localhost
