============================================================
  Generated by:           Genus(TM) Synthesis Solution 21.14-s082_1
  Generated on:           Jun 21 2025  01:33:27 am
  Module:                 Hybrid_Decryption_Top
  Technology libraries:   fast 
                          slow 
  Operating conditions:   fast (balanced_tree)
  Wireload mode:          enclosed
  Area mode:              timing library
============================================================

                                      Leakage   
    Gate     Instances     Area     Power (nW)  Library 
--------------------------------------------------------
ADDFHX1            177    3751.196    27690.056    fast 
ADDFX1               5      98.397      678.970    fast 
ADDFX2               7     153.651     1232.329    fast 
ADDFXL               3      59.038      373.140    fast 
ADDHX1               2      24.221      347.244    fast 
AND2X1             785    3564.999    35029.762    fast 
AND2X2               5      26.492      370.718    fast 
AND2X4               8      66.607     1115.032    fast 
AND2X6               6      68.121     1270.992    fast 
AND2XL              95     431.433     4093.103    fast 
AND3X1              77     466.250     3327.717    fast 
AND3XL              55     333.036     2281.208    fast 
AND4X1             137     933.258     5842.502    fast 
AND4XL             178    1212.554     7247.092    fast 
AO21X1             191    1301.111    16218.631    fast 
AO22X1              28     211.932     2009.507    fast 
AO22XL             308    2331.252    22037.678    fast 
AOI211X1          3494   18512.260   219553.872    fast 
AOI211X2             7      74.176      873.397    fast 
AOI211X4             1      19.679      249.218    fast 
AOI211XL            62     328.495     2775.343    fast 
AOI21X1           2193    9959.290   107806.123    fast 
AOI21X2             27     224.799     2638.715    fast 
AOI21X4              2      28.762      390.552    fast 
AOI21XL           1656    7520.558    58057.871    fast 
AOI221X1          1164    8810.316    71573.194    fast 
AOI221XL             9      68.121      392.049    fast 
AOI222XL          1919   15977.402    81936.309    fast 
AOI22X1           2018   12219.394    97906.902    fast 
AOI22X2             34     334.550     3273.636    fast 
AOI22X4              1      18.923      192.247    fast 
AOI22XL            447    2706.674    15479.476    fast 
AOI2BB1X1          142     859.838     7993.691    fast 
AOI2BB1X2            8      66.607      790.576    fast 
AOI2BB1X4            2      24.221      394.836    fast 
AOI2BB1XL           82     496.526     4602.119    fast 
AOI2BB2X1          227    2061.796    17581.059    fast 
AOI2BB2X2          104    1338.199    13101.816    fast 
AOI2BB2X4           43     943.854    10132.778    fast 
AOI2BB2XL           11      99.911      696.587    fast 
AOI31X1            124     750.845     6063.960    fast 
AOI31X2             95     934.772     9214.658    fast 
AOI31X4              2      40.873      387.470    fast 
AOI31XL             67     405.698     2333.952    fast 
AOI32X1             16     108.994      774.194    fast 
AOI32X2             17     205.877     1628.309    fast 
AOI32XL              5      34.060      172.152    fast 
AOI33X1              3      24.978      143.023    fast 
AOI33X2              2      28.762      188.960    fast 
AOI33XL              2      15.138       67.722    fast 
BMXIX2             474    9328.035   103074.618    fast 
BUFX2              265    1203.471    23077.577    fast 
BUFX20               1      25.735      764.971    fast 
BUFX3              447    2706.674    57459.171    fast 
BUFX4                5      34.060      790.170    fast 
BUFX6               18     163.490     4484.286    fast 
BUFX8                2      22.707      615.840    fast 
CLKAND2X2          150     794.745    12287.940    fast 
CLKAND2X3            6      54.497      784.944    fast 
CLKAND2X4            1       9.840      160.313    fast 
CLKBUFX12            1      15.895      458.456    fast 
CLKBUFX2          1008    4577.731    87781.879    fast 
CLKBUFX3             3      18.166      385.632    fast 
CLKBUFX6             7      63.580     1743.889    fast 
CLKINVX1         12226   27761.578   360608.303    fast 
CLKINVX2           609    2304.760    35931.060    fast 
CLKINVX3           105     476.847     9285.003    fast 
CLKINVX4            27     163.490     3179.628    fast 
CLKINVX6             7      47.685     1179.591    fast 
CLKINVX8             5      45.414     1135.450    fast 
CLKMX2X2             2      16.652      205.536    fast 
CLKMX2X3            14     137.756     1942.598    fast 
CLKXOR2X1          611    5087.125    78656.470    fast 
CLKXOR2X2            2      18.166      316.338    fast 
DFFQX1            1160   18438.084   210811.433    fast 
DFFRHQX1             2      40.873      342.428    fast 
DFFTRXL           1021   20865.462   230269.198    fast 
DLY2X1               1      14.381      130.488    fast 
DLY2X4               2      36.331      461.962    fast 
INVX1             3435    7799.855   101316.009    fast 
INVX12               2      24.221      674.198    fast 
INVX2             1246    4715.487    73514.123    fast 
INVX3              109     495.013     9638.717    fast 
INVX4               31     187.711     3650.684    fast 
INVXL             2786    6326.170    58428.828    fast 
MX2X1              132     899.197    11465.401    fast 
MX3X1                1      12.867      144.454    fast 
MXI2X1             612    4169.005    40624.867    fast 
MXI2X2               2      19.679      316.430    fast 
MXI2XL            3246   19655.179   180434.428    fast 
NAND2BX1          2494   11326.252   180965.643    fast 
NAND2BX2           160    1089.936    18430.720    fast 
NAND2BX4            74     840.159    14664.876    fast 
NAND2BXL           356    1616.738    21324.684    fast 
NAND2X1           1474    5578.353    43599.742    fast 
NAND2X2            828    5013.706    48802.319    fast 
NAND2X4            131    1289.001    15440.839    fast 
NAND2X6              3      43.143      506.388    fast 
NAND2X8              1      16.652      227.655    fast 
NAND2XL          14871   45023.440   311901.395    fast 
NAND3BX1           422    2555.294    29851.690    fast 
NAND3BX2            22     199.822     2493.194    fast 
NAND3BX4             3      47.685      595.983    fast 
NAND3BXL             8      48.442      468.589    fast 
NAND3X1           1037    4709.432    30767.480    fast 
NAND3X2             37     308.058     2189.775    fast 
NAND3X4              4      57.524      473.132    fast 
NAND3XL            228    1035.439     4793.768    fast 
NAND4BBX1            2      18.166      251.870    fast 
NAND4BBX2            1      15.138      167.888    fast 
NAND4BBXL          268    2231.341    30547.980    fast 
NAND4BX1            13      98.397      906.996    fast 
NAND4BX2             2      25.735      222.500    fast 
NAND4BXL          1840   12534.264   106459.452    fast 
NAND4X1             47     284.594     1398.866    fast 
NAND4X2              6      68.121      354.912    fast 
NAND4XL           3835   20318.981    80642.760    fast 
NOR2BX1           1998    9073.717    99591.509    fast 
NOR2BX2             92     626.713     9121.202    fast 
NOR2BX4              1      11.354      197.745    fast 
NOR2BXL             71     322.439     2525.498    fast 
NOR2X1             501    1896.034    24733.668    fast 
NOR2X2             124     750.845    12223.933    fast 
NOR2X4               8      78.718     1574.704    fast 
NOR2XL           12638   38262.809   446342.578    fast 
NOR3BX1            362    2191.982    23019.435    fast 
NOR3BX2              5      49.199      634.195    fast 
NOR3BX4              1      17.409      253.435    fast 
NOR3BXL            181    1095.991     8194.576    fast 
NOR3X1            1858    8437.921   117783.821    fast 
NOR3X2              49     445.057     6187.132    fast 
NOR3X4               2      31.790      505.180    fast 
NOR3XL              10      45.414      450.716    fast 
NOR4BBX1            86     716.027     6284.227    fast 
NOR4BBXL           100     832.590     5202.920    fast 
NOR4BX1           1339    9121.402    97745.528    fast 
NOR4BXL            199    1355.608    10298.369    fast 
NOR4X1            2124   12861.245   154337.690    fast 
NOR4X2               6      59.038      867.948    fast 
NOR4XL               5      30.276      257.682    fast 
OA21X1             426    2901.955    24552.979    fast 
OA21X4               1       9.840      157.635    fast 
OA21XL             268    1825.643    13150.573    fast 
OA22X1             158    1195.902    13295.352    fast 
OA22XL              29     219.501     2229.146    fast 
OAI211X1          2868   15195.524    84279.338    fast 
OAI211X2            18     204.363     1056.533    fast 
OAI211X4             1      19.679      117.131    fast 
OAI211XL           203    1075.555     4236.570    fast 
OAI21X1           3818   17339.065   111805.548    fast 
OAI21X2            425    3538.508    24898.540    fast 
OAI21X4             66     949.153     7719.756    fast 
OAI21XL           1161    5272.565    24210.681    fast 
OAI221X1           961    7273.809    28006.327    fast 
OAI221X2            14     190.739      815.762    fast 
OAI221XL            72     544.968     1490.702    fast 
OAI222X1             7      63.580      339.035    fast 
OAI222XL          1009    8400.833    34822.204    fast 
OAI22X1           1553    9403.726    75874.143    fast 
OAI22X2             65     639.581     6340.906    fast 
OAI22X4              6     122.618     1167.630    fast 
OAI22XL            719    4353.689    25022.853    fast 
OAI2BB1X1         1387    7348.742    42282.418    fast 
OAI2BB1X2           72     544.968     4310.424    fast 
OAI2BB1X4           21     254.318     2504.943    fast 
OAI2BB1XL          546    2892.872    15896.244    fast 
OAI2BB2X1          152    1495.634    19597.816    fast 
OAI2BB2X2           68     977.915    12416.324    fast 
OAI2BB2X4           51    1158.057    16111.511    fast 
OAI2BB2XL            4      39.359      433.164    fast 
OAI31X1            235    1422.972     7163.176    fast 
OAI31X2            139    1578.137     8482.350    fast 
OAI31X4              8     163.490      974.008    fast 
OAI31XL             25     151.380      550.475    fast 
OAI32X1              9      61.309      439.596    fast 
OAI32X2              3      40.873      291.711    fast 
OAI32XL              1       6.812       34.918    fast 
OAI33X1              1       8.326       62.285    fast 
OR2X1              488    2216.203    41705.358    fast 
OR2X2               71     376.179     8167.556    fast 
OR2X4               41     341.362     8107.504    fast 
OR2X6                5      56.767     1643.035    fast 
OR2XL              139     631.255    10694.215    fast 
OR3X1               91     551.023    10307.479    fast 
OR3XL               87     526.802     9111.858    fast 
OR4X1               44     299.732     6200.568    fast 
OR4XL              606    4128.133    80220.461    fast 
SDFFQX1            462    9441.571   118983.935    fast 
SDFFQX2              1      21.950      299.927    fast 
SDFFQXL             54    1103.560    13322.502    fast 
SDFFRHQX1          115    2872.435    30914.645    fast 
SDFFRHQX2            1      25.735      306.218    fast 
SDFFRHQX8            2      72.662     1038.000    fast 
SDFFRX2              8     230.098     3022.904    fast 
SDFFRX4              2      71.149     1075.962    fast 
TLATNTSCAX2          6     104.452     1266.462    fast 
XNOR2X1            531    4421.053    75776.883    fast 
XNOR2X2              9      95.369     1788.705    fast 
XNOR2X4              2      22.707      563.354    fast 
XNOR2XL            488    4063.039    61509.959    fast 
XNOR3X1            904   20527.129   323678.099    fast 
XNOR3XL            278    6312.546    98777.291    fast 
XOR2X1               1       8.326      128.734    fast 
XOR2X2               1       9.083      158.169    fast 
XOR2X4               1      11.354      247.241    fast 
XOR2XL             257    2139.756    32735.375    fast 
XOR3X1             324    7357.068   115595.424    fast 
XOR3XL              12     272.484     4222.260    fast 
--------------------------------------------------------
total           117365  610959.841  6234561.335         


                                                           Leakage   Leakage 
            Type             Instances    Area    Area %  Power (nW) Power % 
-----------------------------------------------------------------------------
sequential                        2828  53183.578    8.7  610387.152     9.8 
inverter                         20588  50348.231    8.2  658541.594    10.6 
buffer                            1760   8882.221    1.5  178154.320     2.9 
clock_gating_integrated_cell         6    104.452    0.0    1266.462     0.0 
logic                            92183 498441.358   81.6 4786211.807    76.8 
physical_cells                       0      0.000    0.0       0.000     0.0 
-----------------------------------------------------------------------------
total                           117365 610959.841  100.0 6234561.335   100.0 

