============================================================
  Generated by:           Genus(TM) Synthesis Solution 21.14-s082_1
  Generated on:           Jun 21 2025  01:33:18 am
  Module:                 Hybrid_Decryption_Top
  Technology libraries:   fast 
                          slow 
  Operating conditions:   fast (balanced_tree)
  Wireload mode:          enclosed
  Area mode:              timing library
============================================================

Timing
--------

Clock Period 
-------------
clk   2000.0 
VCLK  2000.0 


        Cost          Critical                Violating 
       Group         Path Slack      TNS        Paths   
--------------------------------------------------------
cg_enable_group_clk      1005.6          0.0          0 
clk                     -6945.0   -3542787.2       1548 
default                No paths          0.0            
VCLK                     1137.6          0.0          0 
--------------------------------------------------------
Total                             -3542787.2       1548 

Instance Count
--------------
Leaf Instance Count             117365 
Physical Instance count              0 
Sequential Instance Count         2834 
Combinational Instance Count    114531 
Hierarchical Instance Count        168 

Area
----
Cell Area                          610959.841
Physical Cell Area                 0.000
Total Cell Area (Cell+Physical)    610959.841
Net Area                           0.000
Total Area (Cell+Physical+Net)     610959.841

Runtime                            591.854261 seconds
Elapsed Runtime                    1460 seconds
Genus peak memory usage            2770.67 
Innovus peak memory usage          no_value 
Hostname                           localhost
