============================================================
  Generated by:           Genus(TM) Synthesis Solution 21.14-s082_1
  Generated on:           Jun 21 2025  01:33:18 am
  Module:                 Hybrid_Decryption_Top
  Technology libraries:   fast 
                          slow 
  Operating conditions:   fast (balanced_tree)
  Wireload mode:          enclosed
  Area mode:              timing library
============================================================

       Instance             Module       Cell Count  Cell Area  Net Area   Total Area   Wireload  
--------------------------------------------------------------------------------------------------
Hybrid_Decryption_Top                        117365 610959.841     0.000   610959.841 <none> (D)  
  aes_uut              AES_Decryption        107963 544421.519     0.000   544421.519 <none> (D)  
    block1_step2_ex1   inverseSbox              669   2833.077     0.000     2833.077 <none> (D)  
    block1_step2_ex2   inverseSbox_2845         841   3467.359     0.000     3467.359 <none> (D)  
    block1_step2_ex3   inverseSbox_2844         830   3096.478     0.000     3096.478 <none> (D)  
    block1_step2_ex4   inverseSbox_2843         887   3298.570     0.000     3298.570 <none> (D)  
    block1_step2_ex5   inverseSbox_2842         710   2952.667     0.000     2952.667 <none> (D)  
    block1_step2_ex6   inverseSbox_2841         711   3077.555     0.000     3077.555 <none> (D)  
    block1_step2_ex7   inverseSbox_2840         841   3160.057     0.000     3160.057 <none> (D)  
    block1_step2_ex8   inverseSbox_2839         712   2914.822     0.000     2914.822 <none> (D)  
    block1_step2_ex9   inverseSbox_2838         735   3003.379     0.000     3003.379 <none> (D)  
    block1_step2_ex10  inverseSbox_2837         728   3104.047     0.000     3104.047 <none> (D)  
    block1_step2_ex11  inverseSbox_2836         748   2918.606     0.000     2918.606 <none> (D)  
    block1_step2_ex12  inverseSbox_2835         823   3201.687     0.000     3201.687 <none> (D)  
    block1_step2_ex13  inverseSbox_2834         697   2886.817     0.000     2886.817 <none> (D)  
    block1_step2_ex14  inverseSbox_2833         778   3233.477     0.000     3233.477 <none> (D)  
    block1_step2_ex15  inverseSbox_2832         904   3358.365     0.000     3358.365 <none> (D)  
    block1_step2_ex16  inverseSbox_2831         764   3039.710     0.000     3039.710 <none> (D)  
    block2_step2_ex1   inverseSbox_2814         433   1983.835     0.000     1983.835 <none> (D)  
    block2_step2_ex2   inverseSbox_2813         440   2016.382     0.000     2016.382 <none> (D)  
    block2_step2_ex3   inverseSbox_2812         444   2001.244     0.000     2001.244 <none> (D)  
    block2_step2_ex4   inverseSbox_2811         445   1995.188     0.000     1995.188 <none> (D)  
    block2_step2_ex5   inverseSbox_2810         430   1982.321     0.000     1982.321 <none> (D)  
    block2_step2_ex6   inverseSbox_2809         433   1993.675     0.000     1993.675 <none> (D)  
    block2_step2_ex7   inverseSbox_2808         451   2029.249     0.000     2029.249 <none> (D)  
    block2_step2_ex8   inverseSbox_2807         434   1980.050     0.000     1980.050 <none> (D)  
    block2_step2_ex9   inverseSbox_2806         434   1986.862     0.000     1986.862 <none> (D)  
    block2_step2_ex10  inverseSbox_2805         429   1962.642     0.000     1962.642 <none> (D)  
    block2_step2_ex11  inverseSbox_2804         457   2047.415     0.000     2047.415 <none> (D)  
    block2_step2_ex12  inverseSbox_2803         454   2032.276     0.000     2032.276 <none> (D)  
    block2_step2_ex13  inverseSbox_2802         439   2008.813     0.000     2008.813 <none> (D)  
    block2_step2_ex14  inverseSbox_2801         438   1989.133     0.000     1989.133 <none> (D)  
    block2_step2_ex15  inverseSbox_2800         445   2012.597     0.000     2012.597 <none> (D)  
    block2_step2_ex16  inverseSbox_2799         441   1999.730     0.000     1999.730 <none> (D)  
    block3_step2_ex1   inverseSbox_2798         458   2040.602     0.000     2040.602 <none> (D)  
    block3_step2_ex2   inverseSbox_2797         438   1997.459     0.000     1997.459 <none> (D)  
    block3_step2_ex3   inverseSbox_2796         442   2003.514     0.000     2003.514 <none> (D)  
    block3_step2_ex4   inverseSbox_2795         431   1987.619     0.000     1987.619 <none> (D)  
    block3_step2_ex5   inverseSbox_2794         422   1949.017     0.000     1949.017 <none> (D)  
    block3_step2_ex6   inverseSbox_2793         429   1977.780     0.000     1977.780 <none> (D)  
    block3_step2_ex7   inverseSbox_2792         436   2009.570     0.000     2009.570 <none> (D)  
    block3_step2_ex8   inverseSbox_2791         436   1978.537     0.000     1978.537 <none> (D)  
    block3_step2_ex9   inverseSbox_2790         450   2026.221     0.000     2026.221 <none> (D)  
    block3_step2_ex10  inverseSbox_2789         433   2000.487     0.000     2000.487 <none> (D)  
    block3_step2_ex11  inverseSbox_2788         462   2050.442     0.000     2050.442 <none> (D)  
    block3_step2_ex12  inverseSbox_2787         429   1978.537     0.000     1978.537 <none> (D)  
    block3_step2_ex13  inverseSbox_2786         447   2010.326     0.000     2010.326 <none> (D)  
    block3_step2_ex14  inverseSbox_2785         448   2008.056     0.000     2008.056 <none> (D)  
    block3_step2_ex15  inverseSbox_2784         444   2023.194     0.000     2023.194 <none> (D)  
    block3_step2_ex16  inverseSbox_2783         442   2011.083     0.000     2011.083 <none> (D)  
    block4_step2_ex1   inverseSbox_2782         449   2022.437     0.000     2022.437 <none> (D)  
    block4_step2_ex2   inverseSbox_2781         449   2041.359     0.000     2041.359 <none> (D)  
    block4_step2_ex3   inverseSbox_2780         434   1995.945     0.000     1995.945 <none> (D)  
    block4_step2_ex4   inverseSbox_2779         462   2040.602     0.000     2040.602 <none> (D)  
    block4_step2_ex5   inverseSbox_2778         453   2016.382     0.000     2016.382 <none> (D)  
    block4_step2_ex6   inverseSbox_2777         468   2039.845     0.000     2039.845 <none> (D)  
    block4_step2_ex7   inverseSbox_2776         441   2005.028     0.000     2005.028 <none> (D)  
    block4_step2_ex8   inverseSbox_2775         430   1979.293     0.000     1979.293 <none> (D)  
    block4_step2_ex9   inverseSbox_2774         431   1984.592     0.000     1984.592 <none> (D)  
    block4_step2_ex10  inverseSbox_2773         429   1989.890     0.000     1989.890 <none> (D)  
    block4_step2_ex11  inverseSbox_2772         456   2030.763     0.000     2030.763 <none> (D)  
    block4_step2_ex12  inverseSbox_2771         437   1995.188     0.000     1995.188 <none> (D)  
    block4_step2_ex13  inverseSbox_2770         439   1987.619     0.000     1987.619 <none> (D)  
    block4_step2_ex14  inverseSbox_2769         437   1989.890     0.000     1989.890 <none> (D)  
    block4_step2_ex15  inverseSbox_2768         438   1999.730     0.000     1999.730 <none> (D)  
    block4_step2_ex16  inverseSbox_2767         429   1989.890     0.000     1989.890 <none> (D)  
    block5_step2_ex1   inverseSbox_2766         451   2009.570     0.000     2009.570 <none> (D)  
    block5_step2_ex2   inverseSbox_2765         437   1997.459     0.000     1997.459 <none> (D)  
    block5_step2_ex3   inverseSbox_2764         430   1982.321     0.000     1982.321 <none> (D)  
    block5_step2_ex4   inverseSbox_2763         464   2039.089     0.000     2039.089 <none> (D)  
    block5_step2_ex5   inverseSbox_2762         455   2027.735     0.000     2027.735 <none> (D)  
    block5_step2_ex6   inverseSbox_2761         476   2069.365     0.000     2069.365 <none> (D)  
    block5_step2_ex7   inverseSbox_2760         439   1997.459     0.000     1997.459 <none> (D)  
    block5_step2_ex8   inverseSbox_2759         420   1955.830     0.000     1955.830 <none> (D)  
    block5_step2_ex9   inverseSbox_2758         441   2004.271     0.000     2004.271 <none> (D)  
    block5_step2_ex10  inverseSbox_2757         428   1982.321     0.000     1982.321 <none> (D)  
    block5_step2_ex11  inverseSbox_2756         428   1970.968     0.000     1970.968 <none> (D)  
    block5_step2_ex12  inverseSbox_2755         437   2002.001     0.000     2002.001 <none> (D)  
    block5_step2_ex13  inverseSbox_2754         440   2005.028     0.000     2005.028 <none> (D)  
    block5_step2_ex14  inverseSbox_2753         432   1980.807     0.000     1980.807 <none> (D)  
    block5_step2_ex15  inverseSbox_2752         432   2005.785     0.000     2005.785 <none> (D)  
    block5_step2_ex16  inverseSbox_2751         426   1975.509     0.000     1975.509 <none> (D)  
    block6_step2_ex1   inverseSbox_2750         447   2011.840     0.000     2011.840 <none> (D)  
    block6_step2_ex2   inverseSbox_2749         439   1993.675     0.000     1993.675 <none> (D)  
    block6_step2_ex3   inverseSbox_2748         437   1974.752     0.000     1974.752 <none> (D)  
    block6_step2_ex4   inverseSbox_2747         467   2064.066     0.000     2064.066 <none> (D)  
    block6_step2_ex5   inverseSbox_2746         439   1986.862     0.000     1986.862 <none> (D)  
    block6_step2_ex6   inverseSbox_2745         433   1970.968     0.000     1970.968 <none> (D)  
    block6_step2_ex7   inverseSbox_2744         426   1974.752     0.000     1974.752 <none> (D)  
    block6_step2_ex8   inverseSbox_2743         467   2051.956     0.000     2051.956 <none> (D)  
    block6_step2_ex9   inverseSbox_2742         430   1973.995     0.000     1973.995 <none> (D)  
    block6_step2_ex10  inverseSbox_2741         436   1976.266     0.000     1976.266 <none> (D)  
    block6_step2_ex11  inverseSbox_2740         468   2069.365     0.000     2069.365 <none> (D)  
    block6_step2_ex12  inverseSbox_2739         453   2016.382     0.000     2016.382 <none> (D)  
    block6_step2_ex13  inverseSbox_2738         467   2043.630     0.000     2043.630 <none> (D)  
    block6_step2_ex14  inverseSbox_2737         434   1978.537     0.000     1978.537 <none> (D)  
    block6_step2_ex15  inverseSbox_2736         455   2035.304     0.000     2035.304 <none> (D)  
    block6_step2_ex16  inverseSbox_2735         439   2018.652     0.000     2018.652 <none> (D)  
    block7_step2_ex1   inverseSbox_2734         449   2023.194     0.000     2023.194 <none> (D)  
    block7_step2_ex2   inverseSbox_2733         463   2073.149     0.000     2073.149 <none> (D)  
    block7_step2_ex3   inverseSbox_2732         432   1992.161     0.000     1992.161 <none> (D)  
    block7_step2_ex4   inverseSbox_2731         467   2061.039     0.000     2061.039 <none> (D)  
    block7_step2_ex5   inverseSbox_2730         437   1986.106     0.000     1986.106 <none> (D)  
    block7_step2_ex6   inverseSbox_2729         430   1973.238     0.000     1973.238 <none> (D)  
    block7_step2_ex7   inverseSbox_2728         466   2055.740     0.000     2055.740 <none> (D)  
    block7_step2_ex8   inverseSbox_2727         464   2040.602     0.000     2040.602 <none> (D)  
    block7_step2_ex9   inverseSbox_2726         430   1988.376     0.000     1988.376 <none> (D)  
    block7_step2_ex10  inverseSbox_2725         423   1960.371     0.000     1960.371 <none> (D)  
    block7_step2_ex11  inverseSbox_2724         466   2054.227     0.000     2054.227 <none> (D)  
    block7_step2_ex12  inverseSbox_2723         453   2002.001     0.000     2002.001 <none> (D)  
    block7_step2_ex13  inverseSbox_2722         472   2051.956     0.000     2051.956 <none> (D)  
    block7_step2_ex14  inverseSbox_2721         436   1988.376     0.000     1988.376 <none> (D)  
    block7_step2_ex15  inverseSbox_2720         445   2013.354     0.000     2013.354 <none> (D)  
    block7_step2_ex16  inverseSbox_2719         442   2008.056     0.000     2008.056 <none> (D)  
    block8_step2_ex1   inverseSbox_2718         437   1984.592     0.000     1984.592 <none> (D)  
    block8_step2_ex2   inverseSbox_2717         446   2006.542     0.000     2006.542 <none> (D)  
    block8_step2_ex3   inverseSbox_2716         429   1987.619     0.000     1987.619 <none> (D)  
    block8_step2_ex4   inverseSbox_2715         439   1992.161     0.000     1992.161 <none> (D)  
    block8_step2_ex5   inverseSbox_2714         463   2067.851     0.000     2067.851 <none> (D)  
    block8_step2_ex6   inverseSbox_2713         431   1976.266     0.000     1976.266 <none> (D)  
    block8_step2_ex7   inverseSbox_2712         431   1976.266     0.000     1976.266 <none> (D)  
    block8_step2_ex8   inverseSbox_2711         432   1972.481     0.000     1972.481 <none> (D)  
    block8_step2_ex9   inverseSbox_2710         466   2069.365     0.000     2069.365 <none> (D)  
    block8_step2_ex10  inverseSbox_2709         431   1997.459     0.000     1997.459 <none> (D)  
    block8_step2_ex11  inverseSbox_2708         427   1994.431     0.000     1994.431 <none> (D)  
    block8_step2_ex12  inverseSbox_2707         433   2025.464     0.000     2025.464 <none> (D)  
    block8_step2_ex13  inverseSbox_2706         469   2049.685     0.000     2049.685 <none> (D)  
    block8_step2_ex14  inverseSbox_2705         425   1986.862     0.000     1986.862 <none> (D)  
    block8_step2_ex15  inverseSbox_2704         472   2078.447     0.000     2078.447 <none> (D)  
    block8_step2_ex16  inverseSbox_2703         432   1985.349     0.000     1985.349 <none> (D)  
    block9_step2_ex1   inverseSbox_2702         441   1999.730     0.000     1999.730 <none> (D)  
    block9_step2_ex2   inverseSbox_2701         444   2037.575     0.000     2037.575 <none> (D)  
    block9_step2_ex3   inverseSbox_2700         438   1998.216     0.000     1998.216 <none> (D)  
    block9_step2_ex4   inverseSbox_2699         443   2016.382     0.000     2016.382 <none> (D)  
    block9_step2_ex5   inverseSbox_2698         431   1990.647     0.000     1990.647 <none> (D)  
    block9_step2_ex6   inverseSbox_2697         433   1986.106     0.000     1986.106 <none> (D)  
    block9_step2_ex7   inverseSbox_2696         478   2069.365     0.000     2069.365 <none> (D)  
    block9_step2_ex8   inverseSbox_2695         436   1995.945     0.000     1995.945 <none> (D)  
    block9_step2_ex9   inverseSbox_2694         433   1975.509     0.000     1975.509 <none> (D)  
    block9_step2_ex10  inverseSbox_2693         440   1999.730     0.000     1999.730 <none> (D)  
    block9_step2_ex11  inverseSbox_2692         435   2002.757     0.000     2002.757 <none> (D)  
    block9_step2_ex12  inverseSbox_2691         430   1983.835     0.000     1983.835 <none> (D)  
    block9_step2_ex13  inverseSbox_2690         464   2054.983     0.000     2054.983 <none> (D)  
    block9_step2_ex14  inverseSbox_2689         433   1985.349     0.000     1985.349 <none> (D)  
    block9_step2_ex15  inverseSbox_2688         466   2048.171     0.000     2048.171 <none> (D)  
    block9_step2_ex16  inverseSbox_2687         433   1985.349     0.000     1985.349 <none> (D)  
    block10_step2_ex1  inverseSbox_2830         443   2023.194     0.000     2023.194 <none> (D)  
    block10_step2_ex2  inverseSbox_2829         443   2023.194     0.000     2023.194 <none> (D)  
    block10_step2_ex3  inverseSbox_2828         443   2023.194     0.000     2023.194 <none> (D)  
    block10_step2_ex4  inverseSbox_2827         443   2023.194     0.000     2023.194 <none> (D)  
    block10_step2_ex5  inverseSbox_2826         443   2023.194     0.000     2023.194 <none> (D)  
    block10_step2_ex6  inverseSbox_2825         443   2023.194     0.000     2023.194 <none> (D)  
    block10_step2_ex7  inverseSbox_2824         443   2023.194     0.000     2023.194 <none> (D)  
    block10_step2_ex8  inverseSbox_2823         443   2023.194     0.000     2023.194 <none> (D)  
    block10_step2_ex9  inverseSbox_2822         443   2023.194     0.000     2023.194 <none> (D)  
    block10_step2_ex10 inverseSbox_2821         443   2023.194     0.000     2023.194 <none> (D)  
    block10_step2_ex11 inverseSbox_2820         443   2023.194     0.000     2023.194 <none> (D)  
    block10_step2_ex12 inverseSbox_2819         443   2023.194     0.000     2023.194 <none> (D)  
    block10_step2_ex13 inverseSbox_2818         443   2023.194     0.000     2023.194 <none> (D)  
    block10_step2_ex14 inverseSbox_2817         443   2023.194     0.000     2023.194 <none> (D)  
    block10_step2_ex15 inverseSbox_2816         443   2023.194     0.000     2023.194 <none> (D)  
    block10_step2_ex16 inverseSbox_2815         443   2023.194     0.000     2023.194 <none> (D)  
  ecc_uut_k1           multiplier              9135  62887.793     0.000    62887.793 <none> (D)  
  (D) = wireload is default in technology library
